#======================================================================#
#| [1m            Welcome to ForceBalance version 1.9.2! =D             [0m |#
#| [1m                 Force Field Optimization System                  [0m |#
#| [1m                                                                  [0m |#
#| [1m                             Authors:                             [0m |#
#| [1m                          Lee-Ping Wang                           [0m |#
#| [1m                  Yudong Qiu, Keri A. McKiernan                   [0m |#
#| [1m          Jeffrey R. Wagner, Hyesu Jang, Simon Boothroyd          [0m |#
#| [1m          Arthur Vigil, Erik G. Brandt, John Stoppelman           [0m |#
#| [1m                  Johnny Israeli, Matt Thompson                   [0m |#
#======================================================================#

                          [44m     [0m                                        
                       [44m        [0m      [43m     [0m                              
                    [44m        [0m   [44m  [0m    [43m         [0m                          
                 [44m       [0m    [44m      [0m      [43m         [0m                       
             [44m        [0m    [44m        [0m          [43m         [0m                    
          [44m        [0m    [44m        [0m                 [43m        [0m                 
       [44m        [0m    [44m       [0m                        [43m        [0m              
    [44m        [0m   [44m        [0m                              [43m         [0m          
   [44m      [0m   [44m        [0m               `.:+@@###@'          [43m         [0m       
    [44m [0m    [44m        [0m          ,;'+###############.             [43m     [0m       
      [44m        [0m         +################':`                    [43m [0m        
      [44m     [0m              `.,,...####+.                                  
                                ,#####      +##.               [44m   [0m   [44m   [0m
 [43m    [0m                            #####      ######             [44m   [0m   [44m   [0m
 [43m    [0m                ###'        ####'     :#####'             [44m   [0m   [44m   [0m
 [43m    [0m                :####@      ####.    ,####'               [44m   [0m   [44m   [0m
 [43m    [0m                 ######     ####    +###+                 [44m   [0m   [44m   [0m
 [43m    [0m                  #####     ####   ###;                   [44m   [0m   [44m   [0m
 [43m    [0m                   :##      ####  ++`                     [44m   [0m   [44m   [0m
 [43m    [0m                            ####``..:;+##############+`   [44m   [0m   [44m   [0m
 [43m    [0m             .,:;;'++##################################`  [44m   [0m   [44m   [0m
 [43m    [0m    `############################++++''';;;;;;;;;;;'';    [44m   [0m   [44m   [0m
 [43m    [0m      ,########':,.``       ####                          [44m   [0m   [44m   [0m
 [43m    [0m                            ####                          [44m   [0m   [44m   [0m
 [43m    [0m                            ####                          [44m   [0m   [44m   [0m
 [43m    [0m                            ####                          [44m   [0m   [44m   [0m
 [43m    [0m                            ####                          [44m   [0m   [44m   [0m
 [43m    [0m                            ####                          [44m   [0m   [44m   [0m
 [43m    [0m                            ####                          [44m   [0m   [44m   [0m
 [43m    [0m                            ####                          [44m   [0m   [44m   [0m
      [44m    [0m                       ####                                   
     [44m        [0m                    ####                                   
    [44m [0m    [44m       [0m                 ####                       [43m     [0m       
   [44m     [0m    [44m        [0m             ####                    [43m        [0m       
   [44m        [0m    [44m        [0m          ###                  [43m         [0m         
      [44m        [0m    [44m        [0m        +`               [43m        [0m             
          [44m        [0m   [44m        [0m                   [43m        [0m                
             [44m        [0m   [44m         [0m           [43m         [0m                   
                [44m        [0m    [44m       [0m      [43m         [0m                      
                   [44m        [0m    [44m   [0m    [43m        [0m                          
                      [44m        [0m       [43m      [0m                             
                          [44m      [0m      [43m  [0m                                
                             [44m  [0m                                         

Reading options from file: optimize.in
#========================================================#
#| [95m  Options at their default values are not printed   [0m |#
#| [95m        Use 'verbose_options True' to Enable        [0m |#
#========================================================#
Reading force field from file: force-field.offxml
#=========================================================#
#| [92m Starting parameter indices, physical values and IDs [0m |#
#=========================================================#
   0 [  0.0000e+00 ] : ProperTorsions/Proper/k4/[#35H0X1x0!r+0A:1]-;!@[#6H2X4x0!r+0A:2](-;!@[#1H0X1x0!r+0A])(-;!@[#1H0X1x0!r+0A])-;!@[#8H1X2x0!r+0A:3]-;!@[#1H0X1x0!r+0A:4]
   1 [  0.0000e+00 ] : ProperTorsions/Proper/k2/[#35H0X1x0!r+0A:1]-;!@[#6H2X4x0!r+0A:2](-;!@[#1H0X1x0!r+0A])(-;!@[#1H0X1x0!r+0A])-;!@[#8H1X2x0!r+0A:3]-;!@[#1H0X1x0!r+0A:4]
   2 [  6.9859e-01 ] : ProperTorsions/Proper/k3/[#35H0X1x0!r+0A:1]-;!@[#6H2X4x0!r+0A:2](-;!@[#1H0X1x0!r+0A])(-;!@[#1H0X1x0!r+0A])-;!@[#8H1X2x0!r+0A:3]-;!@[#1H0X1x0!r+0A:4]
   3 [  0.0000e+00 ] : ProperTorsions/Proper/k1/[#35H0X1x0!r+0A:1]-;!@[#6H2X4x0!r+0A:2](-;!@[#1H0X1x0!r+0A])(-;!@[#1H0X1x0!r+0A])-;!@[#8H1X2x0!r+0A:3]-;!@[#1H0X1x0!r+0A:4]
   4 [  0.0000e+00 ] : ProperTorsions/Proper/k4/[#1H0X1x0!r+0A:1]-;!@[#6H2X4x0!r+0A:2](-;!@[#1H0X1x0!r+0A])(-;!@[#35H0X1x0!r+0A])-;!@[#8H1X2x0!r+0A:3]-;!@[#1H0X1x0!r+0A:4]
   5 [  0.0000e+00 ] : ProperTorsions/Proper/k2/[#1H0X1x0!r+0A:1]-;!@[#6H2X4x0!r+0A:2](-;!@[#1H0X1x0!r+0A])(-;!@[#35H0X1x0!r+0A])-;!@[#8H1X2x0!r+0A:3]-;!@[#1H0X1x0!r+0A:4]
   6 [  6.9859e-01 ] : ProperTorsions/Proper/k3/[#1H0X1x0!r+0A:1]-;!@[#6H2X4x0!r+0A:2](-;!@[#1H0X1x0!r+0A])(-;!@[#35H0X1x0!r+0A])-;!@[#8H1X2x0!r+0A:3]-;!@[#1H0X1x0!r+0A:4]
   7 [  0.0000e+00 ] : ProperTorsions/Proper/k1/[#1H0X1x0!r+0A:1]-;!@[#6H2X4x0!r+0A:2](-;!@[#1H0X1x0!r+0A])(-;!@[#35H0X1x0!r+0A])-;!@[#8H1X2x0!r+0A:3]-;!@[#1H0X1x0!r+0A:4]
-----------------------------------------------------------
#=========================================================#
#| [91m Rescaling Factors by Type (Lower Takes Precedence): [0m |#
#=========================================================#
   ProperTorsions/Proper/k4             : 1.00000e+00
   ProperTorsions/Proper/k2             : 1.00000e+00
   ProperTorsions/Proper/k3             : 6.98594e-01
   ProperTorsions/Proper/k1             : 1.00000e+00
   ProperTorsions/Proper/k              : 6.00000e+00
-----------------------------------------------------------
#========================================================#
#| [91m   Rescaling Types / Factors by Parameter Number:   [0m |#
#========================================================#
   0 [    ProperTorsions/Proper/k       : 6.00000e+00 ] : ProperTorsions/Proper/k4/[#35H0X1x0!r+0A:1]-;!@[#6H2X4x0!r+0A:2](-;!@[#1H0X1x0!r+0A])(-;!@[#1H0X1x0!r+0A])-;!@[#8H1X2x0!r+0A:3]-;!@[#1H0X1x0!r+0A:4]
   1 [    ProperTorsions/Proper/k       : 6.00000e+00 ] : ProperTorsions/Proper/k2/[#35H0X1x0!r+0A:1]-;!@[#6H2X4x0!r+0A:2](-;!@[#1H0X1x0!r+0A])(-;!@[#1H0X1x0!r+0A])-;!@[#8H1X2x0!r+0A:3]-;!@[#1H0X1x0!r+0A:4]
   2 [    ProperTorsions/Proper/k       : 6.00000e+00 ] : ProperTorsions/Proper/k3/[#35H0X1x0!r+0A:1]-;!@[#6H2X4x0!r+0A:2](-;!@[#1H0X1x0!r+0A])(-;!@[#1H0X1x0!r+0A])-;!@[#8H1X2x0!r+0A:3]-;!@[#1H0X1x0!r+0A:4]
   3 [    ProperTorsions/Proper/k       : 6.00000e+00 ] : ProperTorsions/Proper/k1/[#35H0X1x0!r+0A:1]-;!@[#6H2X4x0!r+0A:2](-;!@[#1H0X1x0!r+0A])(-;!@[#1H0X1x0!r+0A])-;!@[#8H1X2x0!r+0A:3]-;!@[#1H0X1x0!r+0A:4]
   4 [    ProperTorsions/Proper/k       : 6.00000e+00 ] : ProperTorsions/Proper/k4/[#1H0X1x0!r+0A:1]-;!@[#6H2X4x0!r+0A:2](-;!@[#1H0X1x0!r+0A])(-;!@[#35H0X1x0!r+0A])-;!@[#8H1X2x0!r+0A:3]-;!@[#1H0X1x0!r+0A:4]
   5 [    ProperTorsions/Proper/k       : 6.00000e+00 ] : ProperTorsions/Proper/k2/[#1H0X1x0!r+0A:1]-;!@[#6H2X4x0!r+0A:2](-;!@[#1H0X1x0!r+0A])(-;!@[#35H0X1x0!r+0A])-;!@[#8H1X2x0!r+0A:3]-;!@[#1H0X1x0!r+0A:4]
   6 [    ProperTorsions/Proper/k       : 6.00000e+00 ] : ProperTorsions/Proper/k3/[#1H0X1x0!r+0A:1]-;!@[#6H2X4x0!r+0A:2](-;!@[#1H0X1x0!r+0A])(-;!@[#35H0X1x0!r+0A])-;!@[#8H1X2x0!r+0A:3]-;!@[#1H0X1x0!r+0A:4]
   7 [    ProperTorsions/Proper/k       : 6.00000e+00 ] : ProperTorsions/Proper/k1/[#1H0X1x0!r+0A:1]-;!@[#6H2X4x0!r+0A:2](-;!@[#1H0X1x0!r+0A])(-;!@[#35H0X1x0!r+0A])-;!@[#8H1X2x0!r+0A:3]-;!@[#1H0X1x0!r+0A:4]
----------------------------------------------------------
#========================================================#
#| [92m               Setup for force field                [0m |#
#========================================================#
fnms                      ['force-field.offxml'] 
priors                    OrderedDict([('ProperTorsions/Proper/k', 6.0)]) 
----------------------------------------------------------
Referencing all energies to the snapshot 15 (minimum energy structure in QM)
#========================================================#
#| [92m            Setup for target torsion-0 :            [0m |#
#========================================================#
mol2                      ['input.sdf'] 
precision                 double 
platname                  Reference 
name                      torsion-0 
type                      TORSIONPROFILE_SMIRNOFF 
h                         0.01 
tgtdir                    targets/torsion-0 
writelevel                2 
attenuate                 True 
energy_upper              10.0 
----------------------------------------------------------
#========================================================#
#| [92m        SMIRNOFF Parameter Coverage Analysis        [0m |#
#========================================================#
Force field assignment data written to /Users/daniellebergaziin/host-torsions/bespoke-executor/2d3c49b7-e133-4c02-881f-597130b39fc0/smirnoff_parameter_assignments.json
 idx Parameter                                                                                                   Count
----------------------------------------------------------------------------------------------------------------------
   0 ProperTorsions/Proper/k4/[#35H0X1x0!r+0A:1]-;!@[#6H2X4x0!r+0A:2](-;!@[#1H0X1x0!r+0A])(-;!@[#1H0X1x0!r+0A])-;!@[#8H1X2x0!r+0A:3]-;!@[#1H0X1x0!r+0A:4] :          1
   1 ProperTorsions/Proper/k2/[#35H0X1x0!r+0A:1]-;!@[#6H2X4x0!r+0A:2](-;!@[#1H0X1x0!r+0A])(-;!@[#1H0X1x0!r+0A])-;!@[#8H1X2x0!r+0A:3]-;!@[#1H0X1x0!r+0A:4] :          1
   2 ProperTorsions/Proper/k3/[#35H0X1x0!r+0A:1]-;!@[#6H2X4x0!r+0A:2](-;!@[#1H0X1x0!r+0A])(-;!@[#1H0X1x0!r+0A])-;!@[#8H1X2x0!r+0A:3]-;!@[#1H0X1x0!r+0A:4] :          1
   3 ProperTorsions/Proper/k1/[#35H0X1x0!r+0A:1]-;!@[#6H2X4x0!r+0A:2](-;!@[#1H0X1x0!r+0A])(-;!@[#1H0X1x0!r+0A])-;!@[#8H1X2x0!r+0A:3]-;!@[#1H0X1x0!r+0A:4] :          1
   4 ProperTorsions/Proper/k4/[#1H0X1x0!r+0A:1]-;!@[#6H2X4x0!r+0A:2](-;!@[#1H0X1x0!r+0A])(-;!@[#35H0X1x0!r+0A])-;!@[#8H1X2x0!r+0A:3]-;!@[#1H0X1x0!r+0A:4] :          2
   5 ProperTorsions/Proper/k2/[#1H0X1x0!r+0A:1]-;!@[#6H2X4x0!r+0A:2](-;!@[#1H0X1x0!r+0A])(-;!@[#35H0X1x0!r+0A])-;!@[#8H1X2x0!r+0A:3]-;!@[#1H0X1x0!r+0A:4] :          2
   6 ProperTorsions/Proper/k3/[#1H0X1x0!r+0A:1]-;!@[#6H2X4x0!r+0A:2](-;!@[#1H0X1x0!r+0A])(-;!@[#35H0X1x0!r+0A])-;!@[#8H1X2x0!r+0A:3]-;!@[#1H0X1x0!r+0A:4] :          2
   7 ProperTorsions/Proper/k1/[#1H0X1x0!r+0A:1]-;!@[#6H2X4x0!r+0A:2](-;!@[#1H0X1x0!r+0A])(-;!@[#35H0X1x0!r+0A])-;!@[#8H1X2x0!r+0A:3]-;!@[#1H0X1x0!r+0A:4] :          2
SNIRNOFF Parameter Coverage Analysis result: 8/8 parameters are covered.
----------------------------------------------------------------------------------------------------------------------
L1 norm uses the hyperbolic penalty, make sure penalty_hyperbolic_b is set sufficiently small
#========================================================#
#| [92m           Setup for objective function :           [0m |#
#========================================================#
penalty_type              L1 
penalty_additive          1.0 
normalize_weights         False 
----------------------------------------------------------
#========================================================#
#| [92m                Setup for optimizer                 [0m |#
#========================================================#
jobtype                   OPTIMIZE 
trust0                    -0.25 
mintrust                  0.05 
eps                       0.01 
h                         0.01 
h0                        0.01 
convergence_objective     0.01 
convergence_step          0.01 
convergence_gradient      0.01 
maxstep                   10 
adapt_fac                 0.2 
adapt_damp                1.0 
err_tol                   1.0 
input_file                optimize.in 
criteria                  2 
----------------------------------------------------------
Calculation started at 2021-11-10 02:26 PM
#========================================================#
#| [1m                  Main Optimizer                    [0m |#
#| [1m  Newton-Raphson Method (Hessian Diagonal Search)   [0m |#
#| [1m                                                    [0m |#
#| [1m       [0mConvergence criteria (2 of 3 needed):        [0m |#
#| [1m          [0mObjective Function  : 1.000e-02           [0m |#
#| [1m          [0mNorm of Gradient    : 1.000e-02           [0m |#
#| [1m          [0mParameter step size : 1.000e-02           [0m |#
#========================================================#
#========================================================#
#|       Color Key for Objective Function -=X2=-        |#
#|  [1mBold[0m = Initial step                                 |#
#|  [92mGreen = Current lowest value of objective function[0m  |#
#|  [91mRed = Objective function rises, step rejected[0m       |#
#|  [0mNo color = Not at the lowest value                  |#
#========================================================#
#========================================================#
#| [94m     Iteration 0: Evaluating objective function     [0m |#
#| [94m        and derivatives through second order        [0m |#
#========================================================#

#==================================================================================================================================================#
#| [92m                               Torsion Profile: torsion-0, Objective =  2.77059e+00, Units = kcal/mol, Angstrom                               [0m |#
#| [92m System                                             Min(QM)    Min(MM)      Range(QM)          Range(MM)    Max-RMSD   Ene-RMSE    Obj-Fn     [0m |#
#==================================================================================================================================================#
torsion-0                                                  60         45     0.000 - 5.237    -0.134 - 5.364      0.040     1.6645    2.7706 
----------------------------------------------------------------------------------------------------------------------------------------------------
#====================================================================#
#| [94m                  Objective Function Breakdown                  [0m |#
#| [94m  Target Name              Residual  x  Weight  =  Contribution [0m |#
#====================================================================#
torsion-0                      2.77059      1.000 [94m     2.77059e+00[0m 
Regularization                 0.00000      1.000 [94m     0.00000e+00[0m 
Total                                             [94m     2.77059e+00[0m 
----------------------------------------------------------------------

  Step       |k|        |dk|       |grad|       -=X2=-     Delta(X2)    StepQual
     0   0.000e+00   0.000e+00   2.442e+01[1m   2.77059e+00[0m   0.000e+00      0.000

#========================================================#
#| [94m                   Total Gradient                   [0m |#
#========================================================#
   0 [ -7.58940706e+00 ] : ProperTorsions/Proper/k4/[#35H0X1x0!r+0A:1]-;!@[#6H2X4x0!r+0A:2](-;!@[#1H0X1x0!r+0A])(-;!@[#1H0X1x0!r+0A])-;!@[#8H1X2x0!r+0A:3]-;!@[#1H0X1x0!r+0A:4]
   1 [  1.08862938e+01 ] : ProperTorsions/Proper/k2/[#35H0X1x0!r+0A:1]-;!@[#6H2X4x0!r+0A:2](-;!@[#1H0X1x0!r+0A])(-;!@[#1H0X1x0!r+0A])-;!@[#8H1X2x0!r+0A:3]-;!@[#1H0X1x0!r+0A:4]
   2 [  6.88732717e+00 ] : ProperTorsions/Proper/k3/[#35H0X1x0!r+0A:1]-;!@[#6H2X4x0!r+0A:2](-;!@[#1H0X1x0!r+0A])(-;!@[#1H0X1x0!r+0A])-;!@[#8H1X2x0!r+0A:3]-;!@[#1H0X1x0!r+0A:4]
   3 [ -3.49296483e+00 ] : ProperTorsions/Proper/k1/[#35H0X1x0!r+0A:1]-;!@[#6H2X4x0!r+0A:2](-;!@[#1H0X1x0!r+0A])(-;!@[#1H0X1x0!r+0A])-;!@[#8H1X2x0!r+0A:3]-;!@[#1H0X1x0!r+0A:4]
   4 [  9.16652887e+00 ] : ProperTorsions/Proper/k4/[#1H0X1x0!r+0A:1]-;!@[#6H2X4x0!r+0A:2](-;!@[#1H0X1x0!r+0A])(-;!@[#35H0X1x0!r+0A])-;!@[#8H1X2x0!r+0A:3]-;!@[#1H0X1x0!r+0A:4]
   5 [ -1.03031732e+01 ] : ProperTorsions/Proper/k2/[#1H0X1x0!r+0A:1]-;!@[#6H2X4x0!r+0A:2](-;!@[#1H0X1x0!r+0A])(-;!@[#35H0X1x0!r+0A])-;!@[#8H1X2x0!r+0A:3]-;!@[#1H0X1x0!r+0A:4]
   6 [  1.26368847e+01 ] : ProperTorsions/Proper/k3/[#1H0X1x0!r+0A:1]-;!@[#6H2X4x0!r+0A:2](-;!@[#1H0X1x0!r+0A])(-;!@[#35H0X1x0!r+0A])-;!@[#8H1X2x0!r+0A:3]-;!@[#1H0X1x0!r+0A:4]
   7 [  3.29943578e+00 ] : ProperTorsions/Proper/k1/[#1H0X1x0!r+0A:1]-;!@[#6H2X4x0!r+0A:2](-;!@[#1H0X1x0!r+0A])(-;!@[#35H0X1x0!r+0A])-;!@[#8H1X2x0!r+0A:3]-;!@[#1H0X1x0!r+0A:4]
----------------------------------------------------------
Calculating nonlinear optimization step
Hessian has a small or negative eigenvalue (5.2e-08), mixing in some steepest descent (1.0e-02) to correct this.
Eigenvalues are:
 5.2e-08  1.7e-02  9.8e-02  2.0e-01  3.8e+01  4.6e+01  9.6e+01  4.6e+02 
0.016 s (L-BFGS 1) 0.017 s (L-BFGS 2) 0.015 s (L-BFGS 1) 0.016 s (L-BFGS 2) Finding trust radius: H+0.0000*I, length 3.2211e-01 (target 2.5000e-01)
0.011 s (L-BFGS 1) 0.010 s (L-BFGS 2) Finding trust radius: H+9.0000*I, length 2.3147e-01 (target 2.5000e-01)
0.005 s (L-BFGS 1) 0.006 s (L-BFGS 2) Finding trust radius: H+61.6869*I, length 1.2942e-01 (target 2.5000e-01)
0.009 s (L-BFGS 1) 0.010 s (L-BFGS 2) Finding trust radius: H+9.0000*I, length 2.3147e-01 (target 2.5000e-01)
0.007 s (L-BFGS 1) 0.006 s (L-BFGS 2) Finding trust radius: H+23.5623*I, length 1.8789e-01 (target 2.5000e-01)
0.021 s (L-BFGS 1) 0.018 s (L-BFGS 2) Finding trust radius: H+3.4377*I, length 2.5413e-01 (target 2.5000e-01)
0.016 s (L-BFGS 1) 0.018 s (L-BFGS 2) Finding trust radius: H+4.6743*I, length 2.4866e-01 (target 2.5000e-01)
0.013 s (L-BFGS 1) 0.014 s (L-BFGS 2) Finding trust radius: H+4.2859*I, length 2.5035e-01 (target 2.5000e-01)
0.015 s (L-BFGS 1) 0.014 s (L-BFGS 2) Finding trust radius: H+4.3564*I, length 2.5004e-01 (target 2.5000e-01)
0.015 s (L-BFGS 1) 0.013 s (L-BFGS 2) Finding trust radius: H+4.3644*I, length 2.5001e-01 (target 2.5000e-01)
0.013 s (L-BFGS 1) 0.012 s (L-BFGS 2) Finding trust radius: H+4.3657*I, length 2.5000e-01 (target 2.5000e-01)
0.014 s (L-BFGS 1) 0.015 s (L-BFGS 2) Finding trust radius: H+4.3670*I, length 2.4999e-01 (target 2.5000e-01)
0.014 s (L-BFGS 1) 0.013 s (L-BFGS 2) Starting Hessian diagonal search with step size 2.5000e-01
0.014 s (L-BFGS 1) 0.016 s (L-BFGS 2) Hessian diagonal search: H+4.3657*I, length 2.5000e-01, result -2.2606e+00
0.001 s (L-BFGS 1) 0.001 s (L-BFGS 2) Hessian diagonal search: H+128.9978*I, length 8.5572e-02, result -1.3133e+00
0.001 s (L-BFGS 1) 0.001 s (L-BFGS 2) Hessian diagonal search: H+166.5901*I, length 7.2460e-02, result -1.1617e+00
0.017 s (L-BFGS 1) 0.019 s (L-BFGS 2) Hessian diagonal search: H+4.3657*I, length 2.5000e-01, result -2.2606e+00
0.012 s (L-BFGS 1) 0.014 s (L-BFGS 2) Hessian diagonal search: H+13.2401*I, length 2.1678e-01, result -2.1952e+00
0.008 s (L-BFGS 1) 0.007 s (L-BFGS 2) Hessian diagonal search: H+31.6924*I, length 1.7081e-01, result -2.0061e+00
0.010 s (L-BFGS 1) 0.013 s (L-BFGS 2) Hessian diagonal search: H+0.0196*I, length 2.7081e-01, result -2.2713e+00
0.019 s (L-BFGS 1) 0.018 s (L-BFGS 2) Hessian diagonal search: H+0.2066*I, length 2.7315e-01, result -2.2720e+00
0.009 s (L-BFGS 1) 0.009 s (L-BFGS 2) Hessian diagonal search: H+0.0975*I, length 2.7039e-01, result -2.2713e+00
0.025 s (L-BFGS 1) 0.022 s (L-BFGS 2) Hessian diagonal search: H+1.1643*I, length 2.6508e-01, result -2.2707e+00
0.012 s (L-BFGS 1) 0.010 s (L-BFGS 2) Hessian diagonal search: H+0.4804*I, length 2.6840e-01, result -2.2712e+00
0.028 s (L-BFGS 1) 0.022 s (L-BFGS 2) Hessian diagonal search: H+0.2978*I, length 2.7123e-01, result -2.2718e+00
0.013 s (L-BFGS 1) 0.014 s (L-BFGS 2) Hessian diagonal search: H+0.2158*I, length 2.6978e-01, result -2.2713e+00
0.015 s (L-BFGS 1) 0.011 s (L-BFGS 2) Hessian diagonal search: H+0.2065*I, length 2.6982e-01, result -2.2713e+00
0.012 s (L-BFGS 1) 0.011 s (L-BFGS 2) Hessian diagonal search: H+0.2101*I, length 2.6981e-01, result -2.2713e+00
0.021 s (L-BFGS 1) 0.014 s (L-BFGS 2) Hessian diagonal search: H+0.2080*I, length 2.6981e-01, result -2.2713e+00
0.008 s (L-BFGS 1) 0.010 s (L-BFGS 2) Hessian diagonal search: H+0.2071*I, length 2.6984e-01, result -2.2713e+00
0.010 s (L-BFGS 1) 0.009 s (L-BFGS 2) Hessian diagonal search: H+0.2068*I, length 2.6984e-01, result -2.2713e+00
0.021 s (L-BFGS 1) 0.023 s (L-BFGS 2) Optimization step found (length 2.7315e-01)
#========================================================#
#| [95m  Mathematical Parameters (Current + Step = Next)   [0m |#
#========================================================#
   0 [  0.0000e+00 + 2.1606e-06 =  2.1606e-06 ] : ProperTorsions/Proper/k4/[#35H0X1x0!r+0A:1]-;!@[#6H2X4x0!r+0A:2](-;!@[#1H0X1x0!r+0A])(-;!@[#1H0X1x0!r+0A])-;!@[#8H1X2x0!r+0A:3]-;!@[#1H0X1x0!r+0A:4]
   1 [  0.0000e+00 - 2.1673e-01 = -2.1673e-01 ] : ProperTorsions/Proper/k2/[#35H0X1x0!r+0A:1]-;!@[#6H2X4x0!r+0A:2](-;!@[#1H0X1x0!r+0A])(-;!@[#1H0X1x0!r+0A])-;!@[#8H1X2x0!r+0A:3]-;!@[#1H0X1x0!r+0A:4]
   2 [  0.0000e+00 - 7.1638e-07 = -7.1638e-07 ] : ProperTorsions/Proper/k3/[#35H0X1x0!r+0A:1]-;!@[#6H2X4x0!r+0A:2](-;!@[#1H0X1x0!r+0A])(-;!@[#1H0X1x0!r+0A])-;!@[#8H1X2x0!r+0A:3]-;!@[#1H0X1x0!r+0A:4]
   3 [  0.0000e+00 - 5.0534e-07 = -5.0534e-07 ] : ProperTorsions/Proper/k1/[#35H0X1x0!r+0A:1]-;!@[#6H2X4x0!r+0A:2](-;!@[#1H0X1x0!r+0A])(-;!@[#1H0X1x0!r+0A])-;!@[#8H1X2x0!r+0A:3]-;!@[#1H0X1x0!r+0A:4]
   4 [  0.0000e+00 - 1.3573e-02 = -1.3573e-02 ] : ProperTorsions/Proper/k4/[#1H0X1x0!r+0A:1]-;!@[#6H2X4x0!r+0A:2](-;!@[#1H0X1x0!r+0A])(-;!@[#35H0X1x0!r+0A])-;!@[#8H1X2x0!r+0A:3]-;!@[#1H0X1x0!r+0A:4]
   5 [  0.0000e+00 + 1.4575e-01 =  1.4575e-01 ] : ProperTorsions/Proper/k2/[#1H0X1x0!r+0A:1]-;!@[#6H2X4x0!r+0A:2](-;!@[#1H0X1x0!r+0A])(-;!@[#35H0X1x0!r+0A])-;!@[#8H1X2x0!r+0A:3]-;!@[#1H0X1x0!r+0A:4]
   6 [  0.0000e+00 - 7.8843e-02 = -7.8843e-02 ] : ProperTorsions/Proper/k3/[#1H0X1x0!r+0A:1]-;!@[#6H2X4x0!r+0A:2](-;!@[#1H0X1x0!r+0A])(-;!@[#35H0X1x0!r+0A])-;!@[#8H1X2x0!r+0A:3]-;!@[#1H0X1x0!r+0A:4]
   7 [  0.0000e+00 + 5.6046e-07 =  5.6046e-07 ] : ProperTorsions/Proper/k1/[#1H0X1x0!r+0A:1]-;!@[#6H2X4x0!r+0A:2](-;!@[#1H0X1x0!r+0A])(-;!@[#35H0X1x0!r+0A])-;!@[#8H1X2x0!r+0A:3]-;!@[#1H0X1x0!r+0A:4]
----------------------------------------------------------
#========================================================#
#| [95m    Physical Parameters (Current + Step = Next)     [0m |#
#========================================================#
   0 [  0.0000e+00 + 1.2964e-05 =  1.2964e-05 ] : ProperTorsions/Proper/k4/[#35H0X1x0!r+0A:1]-;!@[#6H2X4x0!r+0A:2](-;!@[#1H0X1x0!r+0A])(-;!@[#1H0X1x0!r+0A])-;!@[#8H1X2x0!r+0A:3]-;!@[#1H0X1x0!r+0A:4]
   1 [  0.0000e+00 - 1.3004e+00 = -1.3004e+00 ] : ProperTorsions/Proper/k2/[#35H0X1x0!r+0A:1]-;!@[#6H2X4x0!r+0A:2](-;!@[#1H0X1x0!r+0A])(-;!@[#1H0X1x0!r+0A])-;!@[#8H1X2x0!r+0A:3]-;!@[#1H0X1x0!r+0A:4]
   2 [  6.9859e-01 - 4.2983e-06 =  6.9859e-01 ] : ProperTorsions/Proper/k3/[#35H0X1x0!r+0A:1]-;!@[#6H2X4x0!r+0A:2](-;!@[#1H0X1x0!r+0A])(-;!@[#1H0X1x0!r+0A])-;!@[#8H1X2x0!r+0A:3]-;!@[#1H0X1x0!r+0A:4]
   3 [  0.0000e+00 - 3.0321e-06 = -3.0321e-06 ] : ProperTorsions/Proper/k1/[#35H0X1x0!r+0A:1]-;!@[#6H2X4x0!r+0A:2](-;!@[#1H0X1x0!r+0A])(-;!@[#1H0X1x0!r+0A])-;!@[#8H1X2x0!r+0A:3]-;!@[#1H0X1x0!r+0A:4]
   4 [  0.0000e+00 - 8.1436e-02 = -8.1436e-02 ] : ProperTorsions/Proper/k4/[#1H0X1x0!r+0A:1]-;!@[#6H2X4x0!r+0A:2](-;!@[#1H0X1x0!r+0A])(-;!@[#35H0X1x0!r+0A])-;!@[#8H1X2x0!r+0A:3]-;!@[#1H0X1x0!r+0A:4]
   5 [  0.0000e+00 + 8.7448e-01 =  8.7448e-01 ] : ProperTorsions/Proper/k2/[#1H0X1x0!r+0A:1]-;!@[#6H2X4x0!r+0A:2](-;!@[#1H0X1x0!r+0A])(-;!@[#35H0X1x0!r+0A])-;!@[#8H1X2x0!r+0A:3]-;!@[#1H0X1x0!r+0A:4]
   6 [  6.9859e-01 - 4.7306e-01 =  2.2554e-01 ] : ProperTorsions/Proper/k3/[#1H0X1x0!r+0A:1]-;!@[#6H2X4x0!r+0A:2](-;!@[#1H0X1x0!r+0A])(-;!@[#35H0X1x0!r+0A])-;!@[#8H1X2x0!r+0A:3]-;!@[#1H0X1x0!r+0A:4]
   7 [  0.0000e+00 + 3.3628e-06 =  3.3628e-06 ] : ProperTorsions/Proper/k1/[#1H0X1x0!r+0A:1]-;!@[#6H2X4x0!r+0A:2](-;!@[#1H0X1x0!r+0A])(-;!@[#35H0X1x0!r+0A])-;!@[#8H1X2x0!r+0A:3]-;!@[#1H0X1x0!r+0A:4]
----------------------------------------------------------
Input file with saved parameters: optimize.sav
#========================================================#
#| [94m     Iteration 1: Evaluating objective function     [0m |#
#| [94m        and derivatives through second order        [0m |#
#========================================================#

#==================================================================================================================================================#
#| [92m                               Torsion Profile: torsion-0, Objective =  4.37076e-02, Units = kcal/mol, Angstrom                               [0m |#
#| [92m System                                             Min(QM)    Min(MM)      Range(QM)          Range(MM)    Max-RMSD   Ene-RMSE    Obj-Fn     [0m |#
#==================================================================================================================================================#
torsion-0                                                  60        -60     0.000 - 5.237    -0.022 - 4.591      0.039     0.2091    0.0437 
----------------------------------------------------------------------------------------------------------------------------------------------------
#===================================================================================#
#| [94m                         Objective Function Breakdown                          [0m |#
#| [94m  Target Name              Residual  x  Weight  =  Contribution (Current-Prev) [0m |#
#===================================================================================#
torsion-0                      0.04371      1.000 [92m     4.37076e-02[0m ( -2.727e+00 ) 
Regularization                 0.45489      1.000 [91m     4.54886e-01[0m ( +4.549e-01 ) 
Total                                             [92m     4.98593e-01[0m ( -2.272e+00 ) 
-------------------------------------------------------------------------------------
Creating the directory /Users/daniellebergaziin/host-torsions/bespoke-executor/2d3c49b7-e133-4c02-881f-597130b39fc0/result/optimize to print the force field
#========================================================================#
#|  The force field has been written to the result/optimize directory.  |#
#|    Input file with optimization parameters saved to optimize.sav.    |#
#========================================================================#

  Step       |k|        |dk|       |grad|       -=X2=-     Delta(X2)    StepQual
     1   2.732e-01   2.732e-01   4.054e-01[92m   4.98593e-01[0m  -2.272e+00      1.000

#========================================================#
#| [94m                   Total Gradient                   [0m |#
#========================================================#
   0 [  1.62071930e-01 ] : ProperTorsions/Proper/k4/[#35H0X1x0!r+0A:1]-;!@[#6H2X4x0!r+0A:2](-;!@[#1H0X1x0!r+0A])(-;!@[#1H0X1x0!r+0A])-;!@[#8H1X2x0!r+0A:3]-;!@[#1H0X1x0!r+0A:4]
   1 [  3.76293899e-02 ] : ProperTorsions/Proper/k2/[#35H0X1x0!r+0A:1]-;!@[#6H2X4x0!r+0A:2](-;!@[#1H0X1x0!r+0A])(-;!@[#1H0X1x0!r+0A])-;!@[#8H1X2x0!r+0A:3]-;!@[#1H0X1x0!r+0A:4]
   2 [ -1.53105583e-01 ] : ProperTorsions/Proper/k3/[#35H0X1x0!r+0A:1]-;!@[#6H2X4x0!r+0A:2](-;!@[#1H0X1x0!r+0A])(-;!@[#1H0X1x0!r+0A])-;!@[#8H1X2x0!r+0A:3]-;!@[#1H0X1x0!r+0A:4]
   3 [  1.25659474e-01 ] : ProperTorsions/Proper/k1/[#35H0X1x0!r+0A:1]-;!@[#6H2X4x0!r+0A:2](-;!@[#1H0X1x0!r+0A])(-;!@[#1H0X1x0!r+0A])-;!@[#8H1X2x0!r+0A:3]-;!@[#1H0X1x0!r+0A:4]
   4 [ -1.79922575e-01 ] : ProperTorsions/Proper/k4/[#1H0X1x0!r+0A:1]-;!@[#6H2X4x0!r+0A:2](-;!@[#1H0X1x0!r+0A])(-;!@[#35H0X1x0!r+0A])-;!@[#8H1X2x0!r+0A:3]-;!@[#1H0X1x0!r+0A:4]
   5 [ -1.27561570e-02 ] : ProperTorsions/Proper/k2/[#1H0X1x0!r+0A:1]-;!@[#6H2X4x0!r+0A:2](-;!@[#1H0X1x0!r+0A])(-;!@[#35H0X1x0!r+0A])-;!@[#8H1X2x0!r+0A:3]-;!@[#1H0X1x0!r+0A:4]
   6 [ -2.29980286e-01 ] : ProperTorsions/Proper/k3/[#1H0X1x0!r+0A:1]-;!@[#6H2X4x0!r+0A:2](-;!@[#1H0X1x0!r+0A])(-;!@[#35H0X1x0!r+0A])-;!@[#8H1X2x0!r+0A:3]-;!@[#1H0X1x0!r+0A:4]
   7 [ -1.09545216e-01 ] : ProperTorsions/Proper/k1/[#1H0X1x0!r+0A:1]-;!@[#6H2X4x0!r+0A:2](-;!@[#1H0X1x0!r+0A])(-;!@[#35H0X1x0!r+0A])-;!@[#8H1X2x0!r+0A:3]-;!@[#1H0X1x0!r+0A:4]
----------------------------------------------------------
Calculating nonlinear optimization step
Hessian has a small or negative eigenvalue (9.0e-08), mixing in some steepest descent (1.0e-02) to correct this.
Eigenvalues are:
 9.0e-08  9.4e-04  1.1e-02  1.7e-01  3.7e+01  4.7e+01  9.5e+01  4.8e+02 
0.063 s (L-BFGS 1) 0.040 s (L-BFGS 2) Starting Hessian diagonal search with step size 2.0140e-01
0.041 s (L-BFGS 1) 0.034 s (L-BFGS 2) Hessian diagonal search: H+0.0000*I, length 2.0140e-01, result -3.1760e-03
0.016 s (L-BFGS 1) 0.012 s (L-BFGS 2) Hessian diagonal search: H+9.0000*I, length 3.0183e-03, result -2.8071e-04
0.011 s (L-BFGS 1) 0.009 s (L-BFGS 2) Hessian diagonal search: H+23.5623*I, length 2.0145e-03, result -2.4565e-04
0.045 s (L-BFGS 1) 0.031 s (L-BFGS 2) Hessian diagonal search: H+0.0000*I, length 2.0140e-01, result -3.1760e-03
0.016 s (L-BFGS 1) 0.017 s (L-BFGS 2) Hessian diagonal search: H+3.4377*I, length 5.3187e-03, result -3.2792e-04
0.020 s (L-BFGS 1) 0.020 s (L-BFGS 2) Hessian diagonal search: H+1.3131*I, length 1.2067e-02, result -4.3655e-04
0.023 s (L-BFGS 1) 0.034 s (L-BFGS 2) Hessian diagonal search: H+0.1158*I, length 1.1208e-01, result -1.9080e-03
0.044 s (L-BFGS 1) 0.039 s (L-BFGS 2) Hessian diagonal search: H+0.0798*I, length 1.5100e-01, result -2.4656e-03
0.030 s (L-BFGS 1) 0.030 s (L-BFGS 2) Hessian diagonal search: H+0.0002*I, length 2.0140e-01, result -3.1760e-03
0.037 s (L-BFGS 1) 0.010 s (L-BFGS 2) Hessian diagonal search: H+0.0001*I, length 2.0140e-01, result -3.1760e-03
0.026 s (L-BFGS 1) 0.013 s (L-BFGS 2) Hessian diagonal search: H+0.0138*I, length 1.3732e-01, result -2.2717e-03
0.026 s (L-BFGS 1) 0.034 s (L-BFGS 2) Hessian diagonal search: H+0.0030*I, length 2.0139e-01, result -3.1760e-03
0.077 s (L-BFGS 1) 0.054 s (L-BFGS 2) Hessian diagonal search: H+0.0025*I, length 2.0139e-01, result -3.1761e-03
0.045 s (L-BFGS 1) 0.047 s (L-BFGS 2) Hessian diagonal search: H+0.0013*I, length 2.0139e-01, result -3.1761e-03
0.045 s (L-BFGS 1) 0.014 s (L-BFGS 2) Hessian diagonal search: H+0.0008*I, length 2.0140e-01, result -3.1760e-03
0.009 s (L-BFGS 1) 0.033 s (L-BFGS 2) Hessian diagonal search: H+0.0018*I, length 2.0139e-01, result -3.1760e-03
0.045 s (L-BFGS 1) 0.037 s (L-BFGS 2) Hessian diagonal search: H+0.0011*I, length 2.0140e-01, result -3.1760e-03
0.042 s (L-BFGS 1) 0.054 s (L-BFGS 2) Hessian diagonal search: H+0.0015*I, length 2.0139e-01, result -3.1760e-03
0.042 s (L-BFGS 1) 0.035 s (L-BFGS 2) Hessian diagonal search: H+0.0012*I, length 2.0139e-01, result -3.1760e-03
0.025 s (L-BFGS 1) 0.026 s (L-BFGS 2) Hessian diagonal search: H+0.0014*I, length 2.0139e-01, result -3.1760e-03
0.023 s (L-BFGS 1) 0.012 s (L-BFGS 2) Hessian diagonal search: H+0.0013*I, length 2.0140e-01, result -3.1761e-03
0.010 s (L-BFGS 1) 0.041 s (L-BFGS 2) Hessian diagonal search: H+0.0013*I, length 2.0140e-01, result -3.1760e-03
0.009 s (L-BFGS 1) 0.025 s (L-BFGS 2) Hessian diagonal search: H+0.0013*I, length 2.0154e-01, result -3.1714e-03
0.035 s (L-BFGS 1) 0.035 s (L-BFGS 2) Hessian diagonal search: H+0.0013*I, length 2.0140e-01, result -3.1759e-03
0.026 s (L-BFGS 1) 0.014 s (L-BFGS 2) Optimization step found (length 2.0140e-01)
#========================================================#
#| [95m  Mathematical Parameters (Current + Step = Next)   [0m |#
#========================================================#
   0 [  2.1606e-06 + 8.3232e-08 =  2.2439e-06 ] : ProperTorsions/Proper/k4/[#35H0X1x0!r+0A:1]-;!@[#6H2X4x0!r+0A:2](-;!@[#1H0X1x0!r+0A])(-;!@[#1H0X1x0!r+0A])-;!@[#8H1X2x0!r+0A:3]-;!@[#1H0X1x0!r+0A:4]
   1 [ -2.1673e-01 - 1.3890e-01 = -3.5562e-01 ] : ProperTorsions/Proper/k2/[#35H0X1x0!r+0A:1]-;!@[#6H2X4x0!r+0A:2](-;!@[#1H0X1x0!r+0A])(-;!@[#1H0X1x0!r+0A])-;!@[#8H1X2x0!r+0A:3]-;!@[#1H0X1x0!r+0A:4]
   2 [ -7.1638e-07 + 1.0009e-07 = -6.1629e-07 ] : ProperTorsions/Proper/k3/[#35H0X1x0!r+0A:1]-;!@[#6H2X4x0!r+0A:2](-;!@[#1H0X1x0!r+0A])(-;!@[#1H0X1x0!r+0A])-;!@[#8H1X2x0!r+0A:3]-;!@[#1H0X1x0!r+0A:4]
   3 [ -5.0534e-07 - 2.9690e-07 = -8.0224e-07 ] : ProperTorsions/Proper/k1/[#35H0X1x0!r+0A:1]-;!@[#6H2X4x0!r+0A:2](-;!@[#1H0X1x0!r+0A])(-;!@[#1H0X1x0!r+0A])-;!@[#8H1X2x0!r+0A:3]-;!@[#1H0X1x0!r+0A:4]
   4 [ -1.3573e-02 + 4.7200e-03 = -8.8527e-03 ] : ProperTorsions/Proper/k4/[#1H0X1x0!r+0A:1]-;!@[#6H2X4x0!r+0A:2](-;!@[#1H0X1x0!r+0A])(-;!@[#35H0X1x0!r+0A])-;!@[#8H1X2x0!r+0A:3]-;!@[#1H0X1x0!r+0A:4]
   5 [  1.4575e-01 - 1.4574e-01 =  5.9183e-06 ] : ProperTorsions/Proper/k2/[#1H0X1x0!r+0A:1]-;!@[#6H2X4x0!r+0A:2](-;!@[#1H0X1x0!r+0A])(-;!@[#35H0X1x0!r+0A])-;!@[#8H1X2x0!r+0A:3]-;!@[#1H0X1x0!r+0A:4]
   6 [ -7.8843e-02 - 2.3428e-03 = -8.1186e-02 ] : ProperTorsions/Proper/k3/[#1H0X1x0!r+0A:1]-;!@[#6H2X4x0!r+0A:2](-;!@[#1H0X1x0!r+0A])(-;!@[#35H0X1x0!r+0A])-;!@[#8H1X2x0!r+0A:3]-;!@[#1H0X1x0!r+0A:4]
   7 [  5.6046e-07 + 3.1933e-07 =  8.7979e-07 ] : ProperTorsions/Proper/k1/[#1H0X1x0!r+0A:1]-;!@[#6H2X4x0!r+0A:2](-;!@[#1H0X1x0!r+0A])(-;!@[#35H0X1x0!r+0A])-;!@[#8H1X2x0!r+0A:3]-;!@[#1H0X1x0!r+0A:4]
----------------------------------------------------------
#========================================================#
#| [95m    Physical Parameters (Current + Step = Next)     [0m |#
#========================================================#
   0 [  1.2964e-05 + 4.9939e-07 =  1.3463e-05 ] : ProperTorsions/Proper/k4/[#35H0X1x0!r+0A:1]-;!@[#6H2X4x0!r+0A:2](-;!@[#1H0X1x0!r+0A])(-;!@[#1H0X1x0!r+0A])-;!@[#8H1X2x0!r+0A:3]-;!@[#1H0X1x0!r+0A:4]
   1 [ -1.3004e+00 - 8.3338e-01 = -2.1337e+00 ] : ProperTorsions/Proper/k2/[#35H0X1x0!r+0A:1]-;!@[#6H2X4x0!r+0A:2](-;!@[#1H0X1x0!r+0A])(-;!@[#1H0X1x0!r+0A])-;!@[#8H1X2x0!r+0A:3]-;!@[#1H0X1x0!r+0A:4]
   2 [  6.9859e-01 + 6.0052e-07 =  6.9859e-01 ] : ProperTorsions/Proper/k3/[#35H0X1x0!r+0A:1]-;!@[#6H2X4x0!r+0A:2](-;!@[#1H0X1x0!r+0A])(-;!@[#1H0X1x0!r+0A])-;!@[#8H1X2x0!r+0A:3]-;!@[#1H0X1x0!r+0A:4]
   3 [ -3.0321e-06 - 1.7814e-06 = -4.8134e-06 ] : ProperTorsions/Proper/k1/[#35H0X1x0!r+0A:1]-;!@[#6H2X4x0!r+0A:2](-;!@[#1H0X1x0!r+0A])(-;!@[#1H0X1x0!r+0A])-;!@[#8H1X2x0!r+0A:3]-;!@[#1H0X1x0!r+0A:4]
   4 [ -8.1436e-02 + 2.8320e-02 = -5.3116e-02 ] : ProperTorsions/Proper/k4/[#1H0X1x0!r+0A:1]-;!@[#6H2X4x0!r+0A:2](-;!@[#1H0X1x0!r+0A])(-;!@[#35H0X1x0!r+0A])-;!@[#8H1X2x0!r+0A:3]-;!@[#1H0X1x0!r+0A:4]
   5 [  8.7448e-01 - 8.7444e-01 =  3.5510e-05 ] : ProperTorsions/Proper/k2/[#1H0X1x0!r+0A:1]-;!@[#6H2X4x0!r+0A:2](-;!@[#1H0X1x0!r+0A])(-;!@[#35H0X1x0!r+0A])-;!@[#8H1X2x0!r+0A:3]-;!@[#1H0X1x0!r+0A:4]
   6 [  2.2554e-01 - 1.4057e-02 =  2.1148e-01 ] : ProperTorsions/Proper/k3/[#1H0X1x0!r+0A:1]-;!@[#6H2X4x0!r+0A:2](-;!@[#1H0X1x0!r+0A])(-;!@[#35H0X1x0!r+0A])-;!@[#8H1X2x0!r+0A:3]-;!@[#1H0X1x0!r+0A:4]
   7 [  3.3628e-06 + 1.9160e-06 =  5.2787e-06 ] : ProperTorsions/Proper/k1/[#1H0X1x0!r+0A:1]-;!@[#6H2X4x0!r+0A:2](-;!@[#1H0X1x0!r+0A])(-;!@[#35H0X1x0!r+0A])-;!@[#8H1X2x0!r+0A:3]-;!@[#1H0X1x0!r+0A:4]
----------------------------------------------------------
Input file with saved parameters: optimize.sav
#========================================================#
#| [94m     Iteration 2: Evaluating objective function     [0m |#
#| [94m        and derivatives through second order        [0m |#
#========================================================#

#==================================================================================================================================================#
#| [92m                               Torsion Profile: torsion-0, Objective =  4.97523e-02, Units = kcal/mol, Angstrom                               [0m |#
#| [92m System                                             Min(QM)    Min(MM)      Range(QM)          Range(MM)    Max-RMSD   Ene-RMSE    Obj-Fn     [0m |#
#==================================================================================================================================================#
torsion-0                                                  60        -60     0.000 - 5.237    -0.022 - 4.587      0.042     0.2231    0.0498 
----------------------------------------------------------------------------------------------------------------------------------------------------
#===================================================================================#
#| [94m                         Objective Function Breakdown                          [0m |#
#| [94m  Target Name              Residual  x  Weight  =  Contribution (Current-Prev) [0m |#
#===================================================================================#
torsion-0                      0.04975      1.000 [91m     4.97523e-02[0m ( +6.045e-03 ) 
Regularization                 0.44566      1.000 [92m     4.45665e-01[0m ( -9.221e-03 ) 
Total                                             [92m     4.95417e-01[0m ( -3.176e-03 ) 
-------------------------------------------------------------------------------------
Backing up result/optimize/force-field.offxml -> result/optimize/force-field_1.offxml
#========================================================================#
#|  The force field has been written to the result/optimize directory.  |#
#|    Input file with optimization parameters saved to optimize.sav.    |#
#========================================================================#

  Step       |k|        |dk|       |grad|       -=X2=-     Delta(X2)    StepQual
     2   3.649e-01   2.014e-01   7.778e-02[92m   4.95417e-01[0m  -3.176e-03      1.000

#========================================================#
#| [94m                   Total Gradient                   [0m |#
#========================================================#
   0 [ -2.44594856e-03 ] : ProperTorsions/Proper/k4/[#35H0X1x0!r+0A:1]-;!@[#6H2X4x0!r+0A:2](-;!@[#1H0X1x0!r+0A])(-;!@[#1H0X1x0!r+0A])-;!@[#8H1X2x0!r+0A:3]-;!@[#1H0X1x0!r+0A:4]
   1 [ -2.43913767e-03 ] : ProperTorsions/Proper/k2/[#35H0X1x0!r+0A:1]-;!@[#6H2X4x0!r+0A:2](-;!@[#1H0X1x0!r+0A])(-;!@[#1H0X1x0!r+0A])-;!@[#8H1X2x0!r+0A:3]-;!@[#1H0X1x0!r+0A:4]
   2 [  3.58094052e-02 ] : ProperTorsions/Proper/k3/[#35H0X1x0!r+0A:1]-;!@[#6H2X4x0!r+0A:2](-;!@[#1H0X1x0!r+0A])(-;!@[#1H0X1x0!r+0A])-;!@[#8H1X2x0!r+0A:3]-;!@[#1H0X1x0!r+0A:4]
   3 [  3.34531579e-03 ] : ProperTorsions/Proper/k1/[#35H0X1x0!r+0A:1]-;!@[#6H2X4x0!r+0A:2](-;!@[#1H0X1x0!r+0A])(-;!@[#1H0X1x0!r+0A])-;!@[#8H1X2x0!r+0A:3]-;!@[#1H0X1x0!r+0A:4]
   4 [  4.38436655e-02 ] : ProperTorsions/Proper/k4/[#1H0X1x0!r+0A:1]-;!@[#6H2X4x0!r+0A:2](-;!@[#1H0X1x0!r+0A])(-;!@[#35H0X1x0!r+0A])-;!@[#8H1X2x0!r+0A:3]-;!@[#1H0X1x0!r+0A:4]
   5 [  7.44387636e-03 ] : ProperTorsions/Proper/k2/[#1H0X1x0!r+0A:1]-;!@[#6H2X4x0!r+0A:2](-;!@[#1H0X1x0!r+0A])(-;!@[#35H0X1x0!r+0A])-;!@[#8H1X2x0!r+0A:3]-;!@[#1H0X1x0!r+0A:4]
   6 [  5.04823885e-02 ] : ProperTorsions/Proper/k3/[#1H0X1x0!r+0A:1]-;!@[#6H2X4x0!r+0A:2](-;!@[#1H0X1x0!r+0A])(-;!@[#35H0X1x0!r+0A])-;!@[#8H1X2x0!r+0A:3]-;!@[#1H0X1x0!r+0A:4]
   7 [  1.47565687e-02 ] : ProperTorsions/Proper/k1/[#1H0X1x0!r+0A:1]-;!@[#6H2X4x0!r+0A:2](-;!@[#1H0X1x0!r+0A])(-;!@[#35H0X1x0!r+0A])-;!@[#8H1X2x0!r+0A:3]-;!@[#1H0X1x0!r+0A:4]
----------------------------------------------------------
Convergence criterion reached for objective function (1.00e-02)
Calculating nonlinear optimization step
Hessian has a small or negative eigenvalue (5.4e-08), mixing in some steepest descent (1.0e-02) to correct this.
Eigenvalues are:
 5.4e-08  9.2e-04  1.2e-02  2.3e-02  3.7e+01  4.8e+01  9.6e+01  4.8e+02 
0.006 s (L-BFGS 1) 0.025 s (L-BFGS 2) Starting Hessian diagonal search with step size 6.6885e-04
0.005 s (L-BFGS 1) 0.024 s (L-BFGS 2) Hessian diagonal search: H+0.0000*I, length 6.6885e-04, result -1.3444e-05
0.005 s (L-BFGS 1) 0.009 s (L-BFGS 2) Hessian diagonal search: H+9.0000*I, length 5.4353e-04, result -1.3143e-05
0.005 s (L-BFGS 1) 0.011 s (L-BFGS 2) Hessian diagonal search: H+23.5623*I, length 4.2871e-04, result -1.2289e-05
0.007 s (L-BFGS 1) 0.025 s (L-BFGS 2) Hessian diagonal search: H+0.0000*I, length 6.6885e-04, result -1.3444e-05
0.006 s (L-BFGS 1) 0.012 s (L-BFGS 2) Hessian diagonal search: H+3.4377*I, length 6.1398e-04, result -1.3385e-05
0.007 s (L-BFGS 1) 0.020 s (L-BFGS 2) Hessian diagonal search: H+1.3131*I, length 6.5097e-04, result -1.3446e-05
0.010 s (L-BFGS 1) 0.051 s (L-BFGS 2) Hessian diagonal search: H+0.4303*I, length 6.6721e-04, result -1.3455e-05
0.007 s (L-BFGS 1) 0.022 s (L-BFGS 2) Hessian diagonal search: H+0.3606*I, length 6.6827e-04, result -1.3451e-05
0.007 s (L-BFGS 1) 0.017 s (L-BFGS 2) Hessian diagonal search: H+0.7053*I, length 6.6160e-04, result -1.3453e-05
0.012 s (L-BFGS 1) 0.038 s (L-BFGS 2) Hessian diagonal search: H+0.5273*I, length 6.6523e-04, result -1.3454e-05
0.006 s (L-BFGS 1) 0.024 s (L-BFGS 2) Hessian diagonal search: H+0.4662*I, length 6.6799e-04, result -1.3444e-05
0.007 s (L-BFGS 1) 0.028 s (L-BFGS 2) Hessian diagonal search: H+0.4029*I, length 6.6772e-04, result -1.3450e-05
0.008 s (L-BFGS 1) 0.022 s (L-BFGS 2) Hessian diagonal search: H+0.4438*I, length 6.5993e-04, result -1.3443e-05
0.009 s (L-BFGS 1) 0.031 s (L-BFGS 2) Hessian diagonal search: H+0.4197*I, length 6.6717e-04, result -1.3453e-05
0.008 s (L-BFGS 1) 0.044 s (L-BFGS 2) Hessian diagonal search: H+0.4354*I, length 6.5915e-04, result -1.3444e-05
0.006 s (L-BFGS 1) 0.025 s (L-BFGS 2) Hessian diagonal search: H+0.4262*I, length 6.6793e-04, result -1.3455e-05
0.008 s (L-BFGS 1) 0.036 s (L-BFGS 2) Hessian diagonal search: H+0.4237*I, length 6.6773e-04, result -1.3453e-05
0.005 s (L-BFGS 1) 0.027 s (L-BFGS 2) Hessian diagonal search: H+0.4278*I, length 6.5962e-04, result -1.3445e-05
0.006 s (L-BFGS 1) 0.029 s (L-BFGS 2) Hessian diagonal search: H+0.4253*I, length 6.6339e-04, result -1.3450e-05
0.010 s (L-BFGS 1) 0.049 s (L-BFGS 2) Hessian diagonal search: H+0.4268*I, length 6.5850e-04, result -1.3443e-05
0.011 s (L-BFGS 1) 0.043 s (L-BFGS 2) Hessian diagonal search: H+0.4259*I, length 6.5700e-04, result -1.3448e-05
0.011 s (L-BFGS 1) 0.049 s (L-BFGS 2) Hessian diagonal search: H+0.4264*I, length 6.6809e-04, result -1.3455e-05
0.012 s (L-BFGS 1) 0.048 s (L-BFGS 2) Optimization step found (length 6.6809e-04)
Convergence criterion reached in step size (1.00e-02)
#========================================================#
#| [92m               [0m[1mOptimization Converged[0m               [0m |#
#| [92m           Final objective function value           [0m |#
#| [92m  Full:  4.954171e-01  Un-penalized:  4.975225e-02  [0m |#
#========================================================#
#========================================================#
#| [94m           Final optimization parameters:           [0m |#
#========================================================#
   0 [  1.8210e-06 ] : ProperTorsions/Proper/k4/[#35H0X1x0!r+0A:1]-;!@[#6H2X4x0!r+0A:2](-;!@[#1H0X1x0!r+0A])(-;!@[#1H0X1x0!r+0A])-;!@[#8H1X2x0!r+0A:3]-;!@[#1H0X1x0!r+0A:4]
   1 [ -3.5551e-01 ] : ProperTorsions/Proper/k2/[#35H0X1x0!r+0A:1]-;!@[#6H2X4x0!r+0A:2](-;!@[#1H0X1x0!r+0A])(-;!@[#1H0X1x0!r+0A])-;!@[#8H1X2x0!r+0A:3]-;!@[#1H0X1x0!r+0A:4]
   2 [ -6.2598e-07 ] : ProperTorsions/Proper/k3/[#35H0X1x0!r+0A:1]-;!@[#6H2X4x0!r+0A:2](-;!@[#1H0X1x0!r+0A])(-;!@[#1H0X1x0!r+0A])-;!@[#8H1X2x0!r+0A:3]-;!@[#1H0X1x0!r+0A:4]
   3 [ -8.3093e-07 ] : ProperTorsions/Proper/k1/[#35H0X1x0!r+0A:1]-;!@[#6H2X4x0!r+0A:2](-;!@[#1H0X1x0!r+0A])(-;!@[#1H0X1x0!r+0A])-;!@[#8H1X2x0!r+0A:3]-;!@[#1H0X1x0!r+0A:4]
   4 [ -9.5090e-03 ] : ProperTorsions/Proper/k4/[#1H0X1x0!r+0A:1]-;!@[#6H2X4x0!r+0A:2](-;!@[#1H0X1x0!r+0A])(-;!@[#35H0X1x0!r+0A])-;!@[#8H1X2x0!r+0A:3]-;!@[#1H0X1x0!r+0A:4]
   5 [  5.0076e-06 ] : ProperTorsions/Proper/k2/[#1H0X1x0!r+0A:1]-;!@[#6H2X4x0!r+0A:2](-;!@[#1H0X1x0!r+0A])(-;!@[#35H0X1x0!r+0A])-;!@[#8H1X2x0!r+0A:3]-;!@[#1H0X1x0!r+0A:4]
   6 [ -8.1140e-02 ] : ProperTorsions/Proper/k3/[#1H0X1x0!r+0A:1]-;!@[#6H2X4x0!r+0A:2](-;!@[#1H0X1x0!r+0A])(-;!@[#35H0X1x0!r+0A])-;!@[#8H1X2x0!r+0A:3]-;!@[#1H0X1x0!r+0A:4]
   7 [  8.6901e-07 ] : ProperTorsions/Proper/k1/[#1H0X1x0!r+0A:1]-;!@[#6H2X4x0!r+0A:2](-;!@[#1H0X1x0!r+0A])(-;!@[#35H0X1x0!r+0A])-;!@[#8H1X2x0!r+0A:3]-;!@[#1H0X1x0!r+0A:4]
#========================================================#
#| [94m             Final physical parameters:             [0m |#
#========================================================#
   0 [  1.0926e-05 ] : ProperTorsions/Proper/k4/[#35H0X1x0!r+0A:1]-;!@[#6H2X4x0!r+0A:2](-;!@[#1H0X1x0!r+0A])(-;!@[#1H0X1x0!r+0A])-;!@[#8H1X2x0!r+0A:3]-;!@[#1H0X1x0!r+0A:4]
   1 [ -2.1330e+00 ] : ProperTorsions/Proper/k2/[#35H0X1x0!r+0A:1]-;!@[#6H2X4x0!r+0A:2](-;!@[#1H0X1x0!r+0A])(-;!@[#1H0X1x0!r+0A])-;!@[#8H1X2x0!r+0A:3]-;!@[#1H0X1x0!r+0A:4]
   2 [  6.9859e-01 ] : ProperTorsions/Proper/k3/[#35H0X1x0!r+0A:1]-;!@[#6H2X4x0!r+0A:2](-;!@[#1H0X1x0!r+0A])(-;!@[#1H0X1x0!r+0A])-;!@[#8H1X2x0!r+0A:3]-;!@[#1H0X1x0!r+0A:4]
   3 [ -4.9856e-06 ] : ProperTorsions/Proper/k1/[#35H0X1x0!r+0A:1]-;!@[#6H2X4x0!r+0A:2](-;!@[#1H0X1x0!r+0A])(-;!@[#1H0X1x0!r+0A])-;!@[#8H1X2x0!r+0A:3]-;!@[#1H0X1x0!r+0A:4]
   4 [ -5.7054e-02 ] : ProperTorsions/Proper/k4/[#1H0X1x0!r+0A:1]-;!@[#6H2X4x0!r+0A:2](-;!@[#1H0X1x0!r+0A])(-;!@[#35H0X1x0!r+0A])-;!@[#8H1X2x0!r+0A:3]-;!@[#1H0X1x0!r+0A:4]
   5 [  3.0046e-05 ] : ProperTorsions/Proper/k2/[#1H0X1x0!r+0A:1]-;!@[#6H2X4x0!r+0A:2](-;!@[#1H0X1x0!r+0A])(-;!@[#35H0X1x0!r+0A])-;!@[#8H1X2x0!r+0A:3]-;!@[#1H0X1x0!r+0A:4]
   6 [  2.1176e-01 ] : ProperTorsions/Proper/k3/[#1H0X1x0!r+0A:1]-;!@[#6H2X4x0!r+0A:2](-;!@[#1H0X1x0!r+0A])(-;!@[#35H0X1x0!r+0A])-;!@[#8H1X2x0!r+0A:3]-;!@[#1H0X1x0!r+0A:4]
   7 [  5.2141e-06 ] : ProperTorsions/Proper/k1/[#1H0X1x0!r+0A:1]-;!@[#6H2X4x0!r+0A:2](-;!@[#1H0X1x0!r+0A])(-;!@[#35H0X1x0!r+0A])-;!@[#8H1X2x0!r+0A:3]-;!@[#1H0X1x0!r+0A:4]
----------------------------------------------------------
Backing up result/optimize/force-field.offxml -> result/optimize/force-field_2.offxml
#========================================================================#
#|  The force field has been written to the result/optimize directory.  |#
#|    Input file with optimization parameters saved to optimize.sav.    |#
#========================================================================#
Wall time since calculation start: 52.4 seconds
#========================================================#
#| [1;44;93m               Calculation Finished.                [0m |#
#| [1;44;93m     ---==(  May the Force be with you!  )==---     [0m |#
#========================================================#
