[2021-11-10 12:32:51,536: INFO/Process-2] Connected to redis://localhost:6379/0
[2021-11-10 12:32:51,548: INFO/Process-2] mingle: searching for neighbors
[2021-11-10 12:32:52,573: INFO/Process-2] mingle: all alone
[2021-11-10 12:32:52,603: INFO/Process-2] celery@qcgenerator ready.
[2021-11-10 12:33:06,131: INFO/Process-2] Task openff.bespokefit.executor.services.qcgenerator.worker.compute_torsion_drive[8addc192-1318-4623-9a3a-d910a61a53db] received
[2021-11-10 12:36:09,225: INFO/Process-1] Connected to redis://localhost:6379/0
[2021-11-10 12:36:09,237: INFO/Process-1] mingle: searching for neighbors
[2021-11-10 12:36:10,261: INFO/Process-1] mingle: all alone
[2021-11-10 12:36:10,298: INFO/Process-1] celery@qcgenerator ready.
[2021-11-10 13:42:42,028: INFO/Process-1] Connected to redis://localhost:6379/0
[2021-11-10 13:42:42,050: INFO/Process-1] mingle: searching for neighbors
[2021-11-10 13:42:43,107: INFO/Process-1] mingle: all alone
[2021-11-10 13:42:43,186: INFO/Process-1] celery@qcgenerator ready.
[2021-11-10 13:42:58,518: INFO/Process-1] Task openff.bespokefit.executor.services.qcgenerator.worker.compute_torsion_drive[dbb63bba-0e79-4574-be99-50a77b600601] received
[2021-11-10 13:42:58,533: INFO/Process-1] Task openff.bespokefit.executor.services.qcgenerator.worker.compute_torsion_drive[6e74db58-e306-4184-8d52-b8c467512b17] received
[2021-11-10 13:42:58,548: INFO/Process-1] Task openff.bespokefit.executor.services.qcgenerator.worker.compute_torsion_drive[05e465ea-1ba5-4963-af45-3ce6088b363b] received
[2021-11-10 13:42:58,569: INFO/Process-1] Task openff.bespokefit.executor.services.qcgenerator.worker.compute_torsion_drive[582ee1d1-99c2-44a5-9f45-b049c0918fba] received
[2021-11-10 13:43:00,511: WARNING/ForkPoolWorker-1] Warning: importing 'simtk.openmm' is deprecated.  Import 'openmm' instead.
[2021-11-10 13:49:44,612: INFO/Process-1] missed heartbeat from celery@optimizer
[2021-11-10 13:49:44,617: INFO/Process-1] missed heartbeat from celery@fragmenter
[2021-11-10 13:50:47,363: WARNING/Process-1] Restoring 4 unacknowledged message(s)
[2021-11-10 13:50:47,365: WARNING/Process-1] 

[2021-11-10 13:51:05,878: INFO/Process-1] Connected to redis://localhost:6379/0
[2021-11-10 13:51:05,894: INFO/Process-1] mingle: searching for neighbors
[2021-11-10 13:51:06,924: INFO/Process-1] mingle: all alone
[2021-11-10 13:51:06,952: INFO/Process-1] celery@qcgenerator ready.
[2021-11-10 13:51:06,955: INFO/Process-1] Task openff.bespokefit.executor.services.qcgenerator.worker.compute_torsion_drive[582ee1d1-99c2-44a5-9f45-b049c0918fba] received
[2021-11-10 13:51:06,956: INFO/Process-1] Task openff.bespokefit.executor.services.qcgenerator.worker.compute_torsion_drive[05e465ea-1ba5-4963-af45-3ce6088b363b] received
[2021-11-10 13:51:06,957: INFO/Process-1] Task openff.bespokefit.executor.services.qcgenerator.worker.compute_torsion_drive[6e74db58-e306-4184-8d52-b8c467512b17] received
[2021-11-10 13:51:06,958: INFO/Process-1] Task openff.bespokefit.executor.services.qcgenerator.worker.compute_torsion_drive[dbb63bba-0e79-4574-be99-50a77b600601] received
[2021-11-10 13:51:08,854: WARNING/ForkPoolWorker-1] Warning: importing 'simtk.openmm' is deprecated.  Import 'openmm' instead.
[2021-11-10 13:53:01,471: INFO/Process-1] Task openff.bespokefit.executor.services.qcgenerator.worker.compute_torsion_drive[862ccf59-a4a6-4b4b-9a9e-3aa18babab60] received
[2021-11-10 13:55:27,998: INFO/Process-1] Task openff.bespokefit.executor.services.qcgenerator.worker.compute_torsion_drive[e503e666-28b0-4864-84ec-022b9edf2cc4] received
[2021-11-10 13:57:51,455: INFO/Process-1] Task openff.bespokefit.executor.services.qcgenerator.worker.compute_torsion_drive[fe3b4aae-606a-4aee-a9f2-361da4a4e8a3] received
[2021-11-10 14:25:41,812: INFO/Process-5] Connected to redis://localhost:6379/0
[2021-11-10 14:25:41,824: INFO/Process-5] mingle: searching for neighbors
[2021-11-10 14:25:42,848: INFO/Process-5] mingle: all alone
[2021-11-10 14:25:42,872: INFO/Process-5] celery@qcgenerator ready.
[2021-11-10 14:47:46,746: INFO/Process-2] Connected to redis://localhost:6379/0
[2021-11-10 14:47:46,764: INFO/Process-2] mingle: searching for neighbors
[2021-11-10 14:47:47,794: INFO/Process-2] mingle: all alone
[2021-11-10 14:47:47,823: INFO/Process-2] celery@qcgenerator ready.
[2021-11-10 14:56:44,958: INFO/Process-3] Connected to redis://localhost:6379/0
[2021-11-10 14:56:44,979: INFO/Process-3] mingle: searching for neighbors
[2021-11-10 14:56:46,006: INFO/Process-3] mingle: all alone
[2021-11-10 14:56:46,026: INFO/Process-3] celery@qcgenerator ready.
[2021-11-10 15:01:50,483: INFO/Process-3] Connected to redis://localhost:6379/0
[2021-11-10 15:01:50,512: INFO/Process-3] mingle: searching for neighbors
[2021-11-10 15:01:51,539: INFO/Process-3] mingle: all alone
[2021-11-10 15:01:51,568: INFO/Process-3] celery@qcgenerator ready.
[2021-11-10 15:31:50,388: INFO/Process-3] Connected to redis://localhost:6379/0
[2021-11-10 15:31:50,406: INFO/Process-3] mingle: searching for neighbors
[2021-11-10 15:31:51,436: INFO/Process-3] mingle: all alone
[2021-11-10 15:31:51,465: INFO/Process-3] celery@qcgenerator ready.
