[2021-11-11 13:07:24,518: INFO/Process-1] Connected to redis://localhost:6379/0
[2021-11-11 13:07:24,529: INFO/Process-1] mingle: searching for neighbors
[2021-11-11 13:07:25,553: INFO/Process-1] mingle: all alone
[2021-11-11 13:07:25,580: INFO/Process-1] celery@optimizer ready.
[2021-11-11 13:08:04,777: INFO/Process-1] Task openff.bespokefit.executor.services.optimizer.worker.optimize[8a8f6026-ba79-4ed3-ae1d-c7ff79f23313] received
[2021-11-11 13:08:04,813: INFO/ForkPoolWorker-1] making new fb folders in 8a8f6026-ba79-4ed3-ae1d-c7ff79f23313
[2021-11-11 13:08:04,824: WARNING/ForkPoolWorker-1]   0%|          | 0/1 [00:00<?, ?it/s]
[2021-11-11 13:08:04,825: WARNING/ForkPoolWorker-1]                                      
[2021-11-11 13:08:04,825: WARNING/ForkPoolWorker-1] 
[2021-11-11 13:08:04,825: WARNING/ForkPoolWorker-1] generating target directory for torsion-0
[2021-11-11 13:08:04,826: WARNING/ForkPoolWorker-1] 

[2021-11-11 13:08:04,826: WARNING/ForkPoolWorker-1]   0%|          | 0/1 [00:00<?, ?it/s]
[2021-11-11 13:08:04,984: WARNING/ForkPoolWorker-1] Warning: importing 'simtk.openmm' is deprecated.  Import 'openmm' instead.
[2021-11-11 13:08:05,008: WARNING/ForkPoolWorker-1] 100%|##########| 1/1 [00:00<00:00,  5.48it/s]
[2021-11-11 13:08:05,009: WARNING/ForkPoolWorker-1] 100%|##########| 1/1 [00:00<00:00,  5.44it/s]
[2021-11-11 13:08:05,009: WARNING/ForkPoolWorker-1] 

[2021-11-11 13:09:06,152: INFO/ForkPoolWorker-1] Task openff.bespokefit.executor.services.optimizer.worker.optimize[8a8f6026-ba79-4ed3-ae1d-c7ff79f23313] succeeded in 61.372686643s: '{"type": "bespoke", "input_schema": {"type": "bespoke", "id": "8a8f6026-ba79-4ed3-ae1d-c7ff79f23313", "initial_force_field": "<?xml version=\"1.0\" encoding=\"utf-8\"?>\n<SMIRNOFF version=\"0.3\" aromaticity_model=\"OEAroModel_MDL\">\n    <Author>The Open Force Field Initiative</Author>\n    <Date>2020-10-21</Date>\n    <Bonds version=\"0.3\" potential=\"harmonic\" fractional_bondorder_method=\"AM1-Wiberg\" fractional_bondorder_interpolation=\"linear\">\n        <Bond smirks=\"[#6X4:1]-[#6X4:2]\" id=\"b1\" length=\"1.520980132854 * angstrom\" k=\"517.2187207483 * angstrom**-2 * mole**-1 * kilocalorie\"></Bond>\n        <Bond smirks=\"[#6X4:1]-[#6X3:2]\" id=\"b2\" length=\"1.501037244555 * angstrom\" k=\"601.2284108955 * angstrom**-2 * mole**-1 * kilocalorie\"></Bond>\n        <Bond smirks=\"[#6X4:1]-[#6X3:2]=[#8X1+0]\" id=\"b3\" length=\"1.521644911471 * angstrom\" k=\"663.5796689652 * angstrom**-2 * mole**-1 * kilocalorie\"></Bond>\n        <Bond smirks=\"[#6X3:1]-[#6X3:2]\" id=\"b4\"...'
[2021-11-11 13:09:38,687: INFO/Process-2] Connected to redis://localhost:6379/0
[2021-11-11 13:09:38,708: INFO/Process-2] mingle: searching for neighbors
[2021-11-11 13:09:39,735: INFO/Process-2] mingle: all alone
[2021-11-11 13:09:39,757: INFO/Process-2] celery@optimizer ready.
