[task id=b'coordinator:optimization:1'] transitioned from waiting -> running
[task id=b'coordinator:optimization:1'] fragmentation transitioned from waiting -> running
[task id=b'coordinator:optimization:1'] fragmentation transitioned from running -> success
[task id=b'coordinator:optimization:1'] qc-generation transitioned from waiting -> running
[task id=b'coordinator:optimization:1'] qc-generation transitioned from running -> success
[task id=b'coordinator:optimization:1'] optimization transitioned from waiting -> running
[task id=b'coordinator:optimization:1'] optimization transitioned from running -> success
[task id=b'coordinator:optimization:1'] transitioned from running -> success
[task id=b'coordinator:optimization:2'] transitioned from waiting -> running
[task id=b'coordinator:optimization:2'] fragmentation transitioned from waiting -> running
[task id=b'coordinator:optimization:2'] fragmentation transitioned from running -> success
[task id=b'coordinator:optimization:2'] qc-generation transitioned from waiting -> success
[task id=b'coordinator:optimization:2'] optimization transitioned from waiting -> running
[task id=b'coordinator:optimization:2'] optimization transitioned from running -> success
[task id=b'coordinator:optimization:2'] transitioned from running -> success
[task id=b'coordinator:optimization:3'] transitioned from waiting -> running
[task id=b'coordinator:optimization:3'] fragmentation transitioned from waiting -> running
[task id=b'coordinator:optimization:3'] fragmentation transitioned from running -> success
[task id=b'coordinator:optimization:3'] qc-generation transitioned from waiting -> running
[task id=b'coordinator:optimization:4'] transitioned from waiting -> running
[task id=b'coordinator:optimization:4'] fragmentation transitioned from waiting -> running
[task id=b'coordinator:optimization:4'] fragmentation transitioned from running -> success
[task id=b'coordinator:optimization:4'] qc-generation transitioned from waiting -> running
[task id=b'coordinator:optimization:3'] qc-generation transitioned from running -> success
[task id=b'coordinator:optimization:4'] qc-generation transitioned from running -> success
[task id=b'coordinator:optimization:3'] optimization transitioned from waiting -> running
[task id=b'coordinator:optimization:3'] optimization transitioned from running -> success
[task id=b'coordinator:optimization:3'] transitioned from running -> success
[task id=b'coordinator:optimization:4'] optimization transitioned from waiting -> running
[task id=b'coordinator:optimization:4'] optimization transitioned from running -> success
[task id=b'coordinator:optimization:4'] transitioned from running -> success
[task id=b'coordinator:optimization:5'] transitioned from waiting -> running
[task id=b'coordinator:optimization:5'] fragmentation transitioned from waiting -> running
[task id=b'coordinator:optimization:5'] fragmentation transitioned from running -> success
[task id=b'coordinator:optimization:5'] qc-generation transitioned from waiting -> success
[task id=b'coordinator:optimization:5'] optimization transitioned from waiting -> running
[task id=b'coordinator:optimization:5'] optimization transitioned from running -> success
[task id=b'coordinator:optimization:5'] transitioned from running -> success
[task id=b'coordinator:optimization:6'] transitioned from waiting -> running
[task id=b'coordinator:optimization:6'] fragmentation transitioned from waiting -> running
[task id=b'coordinator:optimization:6'] fragmentation transitioned from running -> success
[task id=b'coordinator:optimization:6'] qc-generation transitioned from waiting -> success
[task id=b'coordinator:optimization:6'] optimization transitioned from waiting -> running
[task id=b'coordinator:optimization:6'] optimization transitioned from running -> success
[task id=b'coordinator:optimization:6'] transitioned from running -> success
[task id=b'coordinator:optimization:7'] transitioned from waiting -> running
[task id=b'coordinator:optimization:7'] fragmentation transitioned from waiting -> running
[task id=b'coordinator:optimization:7'] fragmentation transitioned from running -> success
[task id=b'coordinator:optimization:7'] qc-generation transitioned from waiting -> success
[task id=b'coordinator:optimization:7'] optimization transitioned from waiting -> running
[task id=b'coordinator:optimization:7'] optimization transitioned from running -> success
[task id=b'coordinator:optimization:7'] transitioned from running -> success
[task id=b'coordinator:optimization:8'] transitioned from waiting -> running
[task id=b'coordinator:optimization:8'] fragmentation transitioned from waiting -> running
[task id=b'coordinator:optimization:8'] fragmentation transitioned from running -> success
[task id=b'coordinator:optimization:8'] qc-generation transitioned from waiting -> success
[task id=b'coordinator:optimization:8'] optimization transitioned from waiting -> running
[task id=b'coordinator:optimization:8'] optimization transitioned from running -> success
[task id=b'coordinator:optimization:8'] transitioned from running -> success
[task id=b'coordinator:optimization:9'] transitioned from waiting -> running
[task id=b'coordinator:optimization:9'] fragmentation transitioned from waiting -> running
[task id=b'coordinator:optimization:9'] fragmentation transitioned from running -> success
[task id=b'coordinator:optimization:9'] qc-generation transitioned from waiting -> success
[task id=b'coordinator:optimization:9'] optimization transitioned from waiting -> running
[task id=b'coordinator:optimization:9'] optimization transitioned from running -> success
[task id=b'coordinator:optimization:9'] transitioned from running -> success
[task id=b'coordinator:optimization:10'] transitioned from waiting -> running
[task id=b'coordinator:optimization:10'] fragmentation transitioned from waiting -> running
[task id=b'coordinator:optimization:10'] fragmentation transitioned from running -> success
[task id=b'coordinator:optimization:10'] qc-generation transitioned from waiting -> success
[task id=b'coordinator:optimization:10'] optimization transitioned from waiting -> running
