92186:C 12 Nov 2021 14:18:44.184 # oO0OoO0OoO0Oo Redis is starting oO0OoO0OoO0Oo
92186:C 12 Nov 2021 14:18:44.184 # Redis version=6.2.6, bits=64, commit=00000000, modified=0, pid=92186, just started
92186:C 12 Nov 2021 14:18:44.184 # Configuration loaded
92186:M 12 Nov 2021 14:18:44.185 * Increased maximum number of open files to 10032 (it was originally set to 256).
92186:M 12 Nov 2021 14:18:44.185 * monotonic clock: POSIX clock_gettime
92186:M 12 Nov 2021 14:18:44.188 * Running mode=standalone, port=6379.
92186:M 12 Nov 2021 14:18:44.188 # Server initialized
92186:M 12 Nov 2021 14:18:44.188 * Ready to accept connections
92186:M 12 Nov 2021 14:33:45.072 * 1 changes in 900 seconds. Saving...
92186:M 12 Nov 2021 14:33:45.079 * Background saving started by pid 92299
92299:C 12 Nov 2021 14:33:45.081 * DB saved on disk
92186:M 12 Nov 2021 14:33:45.179 * Background saving terminated with success
92186:M 12 Nov 2021 14:48:46.069 * 1 changes in 900 seconds. Saving...
92186:M 12 Nov 2021 14:48:46.075 * Background saving started by pid 92335
92335:C 12 Nov 2021 14:48:46.078 * DB saved on disk
92186:M 12 Nov 2021 14:48:46.179 * Background saving terminated with success
92186:M 12 Nov 2021 15:03:47.045 * 1 changes in 900 seconds. Saving...
92186:M 12 Nov 2021 15:03:47.051 * Background saving started by pid 92534
92534:C 12 Nov 2021 15:03:47.053 * DB saved on disk
92186:M 12 Nov 2021 15:03:47.154 * Background saving terminated with success
92186:M 12 Nov 2021 15:18:48.090 * 1 changes in 900 seconds. Saving...
92186:M 12 Nov 2021 15:18:48.096 * Background saving started by pid 92725
92725:C 12 Nov 2021 15:18:48.099 * DB saved on disk
92186:M 12 Nov 2021 15:18:48.196 * Background saving terminated with success
