[2021-11-16 12:56:45,051: INFO/Process-2] Connected to redis://localhost:6379/0
[2021-11-16 12:56:45,079: INFO/Process-2] mingle: searching for neighbors
[2021-11-16 12:56:46,119: INFO/Process-2] mingle: all alone
[2021-11-16 12:56:46,146: INFO/Process-2] celery@fragmenter ready.
[2021-11-16 12:59:38,601: INFO/Process-2] Task openff.bespokefit.executor.services.fragmenter.worker.fragment[3a9a3273-9e9b-430b-8737-c21b26d77ef0] received
[2021-11-16 12:59:39,177: ERROR/ForkPoolWorker-1] Task openff.bespokefit.executor.services.fragmenter.worker.fragment[3a9a3273-9e9b-430b-8737-c21b26d77ef0] raised unexpected: RuntimeError('\n')
Traceback (most recent call last):
  File "/Users/daniellebergaziin/anaconda/envs/bespoke/lib/python3.9/site-packages/celery/app/trace.py", line 450, in trace_task
    R = retval = fun(*args, **kwargs)
  File "/Users/daniellebergaziin/anaconda/envs/bespoke/lib/python3.9/site-packages/celery/app/trace.py", line 731, in __protected_call__
    return self.run(*args, **kwargs)
  File "/Users/daniellebergaziin/anaconda/envs/bespoke/lib/python3.9/site-packages/openff/bespokefit/executor/services/fragmenter/worker.py", line 26, in fragment
    return fragmenter.fragment(molecule, target_bond_smarts=target_bond_smarts).json()
  File "/Users/daniellebergaziin/host-torsions/openff-fragmenter/openff/fragmenter/fragment.py", line 916, in fragment
    result = self._fragment(molecule, target_bond_smarts)
  File "/Users/daniellebergaziin/host-torsions/openff-fragmenter/openff/fragmenter/fragment.py", line 1012, in _fragment
    molecule = assign_elf10_am1_bond_orders(
  File "/Users/daniellebergaziin/host-torsions/openff-fragmenter/openff/fragmenter/chemi.py", line 42, in assign_elf10_am1_bond_orders
    molecule.apply_elf_conformer_selection()
  File "/Users/daniellebergaziin/anaconda/envs/bespoke/lib/python3.9/site-packages/openff/toolkit/topology/molecule.py", line 3361, in apply_elf_conformer_selection
    toolkit_registry.call(
  File "/Users/daniellebergaziin/anaconda/envs/bespoke/lib/python3.9/site-packages/openff/toolkit/utils/toolkit_registry.py", line 366, in call
    raise e
  File "/Users/daniellebergaziin/anaconda/envs/bespoke/lib/python3.9/site-packages/openff/toolkit/utils/toolkit_registry.py", line 362, in call
    return method(*args, **kwargs)
  File "/Users/daniellebergaziin/anaconda/envs/bespoke/lib/python3.9/site-packages/openff/toolkit/utils/openeye_wrapper.py", line 1776, in apply_elf_conformer_selection
    raise RuntimeError("\n" + output_string)
RuntimeError: 

[2021-11-16 14:41:31,576: INFO/Process-3] Connected to redis://localhost:6379/0
[2021-11-16 14:41:31,619: INFO/Process-3] mingle: searching for neighbors
[2021-11-16 14:41:32,652: INFO/Process-3] mingle: all alone
[2021-11-16 14:41:32,695: INFO/Process-3] celery@fragmenter ready.
[2021-11-16 15:42:01,686: INFO/Process-3] Task openff.bespokefit.executor.services.fragmenter.worker.fragment[6be6650d-7da3-499b-a228-d1a7382b06bd] received
[2021-11-16 15:59:25,063: WARNING/ForkPoolWorker-1] Cannot calculate WBO for fragment [H]c1c(c(c2c(c1[H])C(c3c(c(c(c(c3OC(O2)([H])[H])[H])[H])[H])[H])([H])C([H])([H])C([H])([H])C(=O)O[H])[H])[H]. Continue growing fragment
[2021-11-16 15:59:25,684: WARNING/ForkPoolWorker-1] Cannot calculate WBO for fragment [H]c1c(c(c2c(c1[H])C(c3c(c(c(c(c3OC(O2)([H])[H])[H])[H])[H])[H])([H])C([H])([H])C([H])([H])C(=O)O[H])[H])[H]. Continue growing fragment
[2021-11-16 15:59:26,430: WARNING/ForkPoolWorker-1] Cannot calculate WBO for fragment [H]C([H])([H])C([H])([H])C(=O)O[H]. Continue growing fragment
[2021-11-16 15:59:26,681: WARNING/ForkPoolWorker-1] Cannot calculate WBO for fragment [H]c1c(c(c2c(c1[H])C(c3c(c(c(c(c3OC(O2)([H])[H])[H])[H])[H])[H])([H])C([H])([H])C([H])([H])C(=O)O[H])[H])[H]. Continue growing fragment
[2021-11-16 15:59:27,307: WARNING/ForkPoolWorker-1] Cannot calculate WBO for fragment [H]c1c(c(c2c(c1[H])C(c3c(c(c(c(c3OC(O2)([H])[H])[H])[H])[H])[H])([H])C([H])([H])C([H])([H])C(=O)O[H])[H])[H]. Continue growing fragment
[2021-11-16 15:59:28,899: INFO/ForkPoolWorker-1] Task openff.bespokefit.executor.services.fragmenter.worker.fragment[6be6650d-7da3-499b-a228-d1a7382b06bd] succeeded in 1047.1918164070003s: '{"parent_smiles": "[H:36][c:1]1[c:8]2[c:15]([c:5]([c:13]([c:11]1[C:22]([H:45])([H:46])[H:47])[C:24]([H:51])([H:52])[H:53])[H:40])[O:31][C:21]([O:32][c:16]3[c:6]([c:14]([c:12]([c:2]([c:9]3[C:20]2([H:43])[C:29]([H:65])([H:66])[C:28]([H:63])([H:64])[C:19](=[O:30])[O:33][H:67])[H:37])[C:23]([H:48])([H:49])[H:50])[C:25]([H:54])([H:55])[H:56])[H:41])([H:44])[c:10]4[c:3]([c:17]([c:7]([c:18]([c:4]4[H:39])[O:35][C:27]([H:60])([H:61])[H:62])[H:42])[O:34][C:26]([H:57])([H:58])[H:59])[H:38]", "fragments": [{"smiles": "[H][c:12]1[c:14]([c:6]([c:16]2[c:9]([c:2]1[H:37])[C:20]([c:8]3[c:1]([c:11]([c:13]([c:5]([c:15]3[O:31][C:21]([O:32]2)([H:44])[H])[H:40])[C:24]([H:51])([H:52])[H:53])[C:22]([H:45])([H:46])[H:47])[H:36])([H:43])[H])[H:41])[H]", "bond_indices": [11, 22]}, {"smiles": "[H:38][c:3]1[c:10]([c:4]([c:18]([c:7]([c:17]1[H])[H:42])[O:35][C:27]([H:60])([H:61])[H:62])[H:39])[H]", "bond_indices": [27, 35]}, {"smiles":...'
