#======================================================================#
#| [1m            Welcome to ForceBalance version 1.9.2! =D             [0m |#
#| [1m                 Force Field Optimization System                  [0m |#
#| [1m                                                                  [0m |#
#| [1m                             Authors:                             [0m |#
#| [1m                          Lee-Ping Wang                           [0m |#
#| [1m                  Yudong Qiu, Keri A. McKiernan                   [0m |#
#| [1m          Jeffrey R. Wagner, Hyesu Jang, Simon Boothroyd          [0m |#
#| [1m          Arthur Vigil, Erik G. Brandt, John Stoppelman           [0m |#
#| [1m                  Johnny Israeli, Matt Thompson                   [0m |#
#======================================================================#

                          [44m     [0m                                        
                       [44m        [0m      [43m     [0m                              
                    [44m        [0m   [44m  [0m    [43m         [0m                          
                 [44m       [0m    [44m      [0m      [43m         [0m                       
             [44m        [0m    [44m        [0m          [43m         [0m                    
          [44m        [0m    [44m        [0m                 [43m        [0m                 
       [44m        [0m    [44m       [0m                        [43m        [0m              
    [44m        [0m   [44m        [0m                              [43m         [0m          
   [44m      [0m   [44m        [0m               `.:+@@###@'          [43m         [0m       
    [44m [0m    [44m        [0m          ,;'+###############.             [43m     [0m       
      [44m        [0m         +################':`                    [43m [0m        
      [44m     [0m              `.,,...####+.                                  
                                ,#####      +##.               [44m   [0m   [44m   [0m
 [43m    [0m                            #####      ######             [44m   [0m   [44m   [0m
 [43m    [0m                ###'        ####'     :#####'             [44m   [0m   [44m   [0m
 [43m    [0m                :####@      ####.    ,####'               [44m   [0m   [44m   [0m
 [43m    [0m                 ######     ####    +###+                 [44m   [0m   [44m   [0m
 [43m    [0m                  #####     ####   ###;                   [44m   [0m   [44m   [0m
 [43m    [0m                   :##      ####  ++`                     [44m   [0m   [44m   [0m
 [43m    [0m                            ####``..:;+##############+`   [44m   [0m   [44m   [0m
 [43m    [0m             .,:;;'++##################################`  [44m   [0m   [44m   [0m
 [43m    [0m    `############################++++''';;;;;;;;;;;'';    [44m   [0m   [44m   [0m
 [43m    [0m      ,########':,.``       ####                          [44m   [0m   [44m   [0m
 [43m    [0m                            ####                          [44m   [0m   [44m   [0m
 [43m    [0m                            ####                          [44m   [0m   [44m   [0m
 [43m    [0m                            ####                          [44m   [0m   [44m   [0m
 [43m    [0m                            ####                          [44m   [0m   [44m   [0m
 [43m    [0m                            ####                          [44m   [0m   [44m   [0m
 [43m    [0m                            ####                          [44m   [0m   [44m   [0m
 [43m    [0m                            ####                          [44m   [0m   [44m   [0m
      [44m    [0m                       ####                                   
     [44m        [0m                    ####                                   
    [44m [0m    [44m       [0m                 ####                       [43m     [0m       
   [44m     [0m    [44m        [0m             ####                    [43m        [0m       
   [44m        [0m    [44m        [0m          ###                  [43m         [0m         
      [44m        [0m    [44m        [0m        +`               [43m        [0m             
          [44m        [0m   [44m        [0m                   [43m        [0m                
             [44m        [0m   [44m         [0m           [43m         [0m                   
                [44m        [0m    [44m       [0m      [43m         [0m                      
                   [44m        [0m    [44m   [0m    [43m        [0m                          
                      [44m        [0m       [43m      [0m                             
                          [44m      [0m      [43m  [0m                                
                             [44m  [0m                                         

Reading options from file: optimize.in
#========================================================#
#| [95m  Options at their default values are not printed   [0m |#
#| [95m        Use 'verbose_options True' to Enable        [0m |#
#========================================================#
Reading force field from file: force-field.offxml
#=========================================================#
#| [92m Starting parameter indices, physical values and IDs [0m |#
#=========================================================#
   0 [  0.0000e+00 ] : ProperTorsions/Proper/k4/[#35H0X1x0!r+0A:1]-;!@[#6H2X4x0!r+0A:2](-;!@[#1H0X1x0!r+0A])(-;!@[#1H0X1x0!r+0A])-;!@[#8H1X2x0!r+0A:3]-;!@[#1H0X1x0!r+0A:4]
   1 [  6.9859e-01 ] : ProperTorsions/Proper/k3/[#35H0X1x0!r+0A:1]-;!@[#6H2X4x0!r+0A:2](-;!@[#1H0X1x0!r+0A])(-;!@[#1H0X1x0!r+0A])-;!@[#8H1X2x0!r+0A:3]-;!@[#1H0X1x0!r+0A:4]
   2 [  0.0000e+00 ] : ProperTorsions/Proper/k1/[#35H0X1x0!r+0A:1]-;!@[#6H2X4x0!r+0A:2](-;!@[#1H0X1x0!r+0A])(-;!@[#1H0X1x0!r+0A])-;!@[#8H1X2x0!r+0A:3]-;!@[#1H0X1x0!r+0A:4]
   3 [  0.0000e+00 ] : ProperTorsions/Proper/k2/[#35H0X1x0!r+0A:1]-;!@[#6H2X4x0!r+0A:2](-;!@[#1H0X1x0!r+0A])(-;!@[#1H0X1x0!r+0A])-;!@[#8H1X2x0!r+0A:3]-;!@[#1H0X1x0!r+0A:4]
   4 [  0.0000e+00 ] : ProperTorsions/Proper/k4/[#1H0X1x0!r+0A:1]-;!@[#6H2X4x0!r+0A:2](-;!@[#1H0X1x0!r+0A])(-;!@[#35H0X1x0!r+0A])-;!@[#8H1X2x0!r+0A:3]-;!@[#1H0X1x0!r+0A:4]
   5 [  6.9859e-01 ] : ProperTorsions/Proper/k3/[#1H0X1x0!r+0A:1]-;!@[#6H2X4x0!r+0A:2](-;!@[#1H0X1x0!r+0A])(-;!@[#35H0X1x0!r+0A])-;!@[#8H1X2x0!r+0A:3]-;!@[#1H0X1x0!r+0A:4]
   6 [  0.0000e+00 ] : ProperTorsions/Proper/k1/[#1H0X1x0!r+0A:1]-;!@[#6H2X4x0!r+0A:2](-;!@[#1H0X1x0!r+0A])(-;!@[#35H0X1x0!r+0A])-;!@[#8H1X2x0!r+0A:3]-;!@[#1H0X1x0!r+0A:4]
   7 [  0.0000e+00 ] : ProperTorsions/Proper/k2/[#1H0X1x0!r+0A:1]-;!@[#6H2X4x0!r+0A:2](-;!@[#1H0X1x0!r+0A])(-;!@[#35H0X1x0!r+0A])-;!@[#8H1X2x0!r+0A:3]-;!@[#1H0X1x0!r+0A:4]
-----------------------------------------------------------
#=========================================================#
#| [91m Rescaling Factors by Type (Lower Takes Precedence): [0m |#
#=========================================================#
   ProperTorsions/Proper/k4             : 1.00000e+00
   ProperTorsions/Proper/k3             : 6.98594e-01
   ProperTorsions/Proper/k1             : 1.00000e+00
   ProperTorsions/Proper/k2             : 1.00000e+00
   ProperTorsions/Proper/k              : 6.00000e+00
-----------------------------------------------------------
#========================================================#
#| [91m   Rescaling Types / Factors by Parameter Number:   [0m |#
#========================================================#
   0 [    ProperTorsions/Proper/k       : 6.00000e+00 ] : ProperTorsions/Proper/k4/[#35H0X1x0!r+0A:1]-;!@[#6H2X4x0!r+0A:2](-;!@[#1H0X1x0!r+0A])(-;!@[#1H0X1x0!r+0A])-;!@[#8H1X2x0!r+0A:3]-;!@[#1H0X1x0!r+0A:4]
   1 [    ProperTorsions/Proper/k       : 6.00000e+00 ] : ProperTorsions/Proper/k3/[#35H0X1x0!r+0A:1]-;!@[#6H2X4x0!r+0A:2](-;!@[#1H0X1x0!r+0A])(-;!@[#1H0X1x0!r+0A])-;!@[#8H1X2x0!r+0A:3]-;!@[#1H0X1x0!r+0A:4]
   2 [    ProperTorsions/Proper/k       : 6.00000e+00 ] : ProperTorsions/Proper/k1/[#35H0X1x0!r+0A:1]-;!@[#6H2X4x0!r+0A:2](-;!@[#1H0X1x0!r+0A])(-;!@[#1H0X1x0!r+0A])-;!@[#8H1X2x0!r+0A:3]-;!@[#1H0X1x0!r+0A:4]
   3 [    ProperTorsions/Proper/k       : 6.00000e+00 ] : ProperTorsions/Proper/k2/[#35H0X1x0!r+0A:1]-;!@[#6H2X4x0!r+0A:2](-;!@[#1H0X1x0!r+0A])(-;!@[#1H0X1x0!r+0A])-;!@[#8H1X2x0!r+0A:3]-;!@[#1H0X1x0!r+0A:4]
   4 [    ProperTorsions/Proper/k       : 6.00000e+00 ] : ProperTorsions/Proper/k4/[#1H0X1x0!r+0A:1]-;!@[#6H2X4x0!r+0A:2](-;!@[#1H0X1x0!r+0A])(-;!@[#35H0X1x0!r+0A])-;!@[#8H1X2x0!r+0A:3]-;!@[#1H0X1x0!r+0A:4]
   5 [    ProperTorsions/Proper/k       : 6.00000e+00 ] : ProperTorsions/Proper/k3/[#1H0X1x0!r+0A:1]-;!@[#6H2X4x0!r+0A:2](-;!@[#1H0X1x0!r+0A])(-;!@[#35H0X1x0!r+0A])-;!@[#8H1X2x0!r+0A:3]-;!@[#1H0X1x0!r+0A:4]
   6 [    ProperTorsions/Proper/k       : 6.00000e+00 ] : ProperTorsions/Proper/k1/[#1H0X1x0!r+0A:1]-;!@[#6H2X4x0!r+0A:2](-;!@[#1H0X1x0!r+0A])(-;!@[#35H0X1x0!r+0A])-;!@[#8H1X2x0!r+0A:3]-;!@[#1H0X1x0!r+0A:4]
   7 [    ProperTorsions/Proper/k       : 6.00000e+00 ] : ProperTorsions/Proper/k2/[#1H0X1x0!r+0A:1]-;!@[#6H2X4x0!r+0A:2](-;!@[#1H0X1x0!r+0A])(-;!@[#35H0X1x0!r+0A])-;!@[#8H1X2x0!r+0A:3]-;!@[#1H0X1x0!r+0A:4]
----------------------------------------------------------
#========================================================#
#| [92m               Setup for force field                [0m |#
#========================================================#
fnms                      ['force-field.offxml'] 
priors                    OrderedDict([('ProperTorsions/Proper/k', 6.0)]) 
----------------------------------------------------------
Referencing all energies to the snapshot 15 (minimum energy structure in QM)
#========================================================#
#| [92m            Setup for target torsion-0 :            [0m |#
#========================================================#
mol2                      ['input.sdf'] 
precision                 double 
platname                  Reference 
name                      torsion-0 
type                      TORSIONPROFILE_SMIRNOFF 
h                         0.01 
tgtdir                    targets/torsion-0 
writelevel                2 
attenuate                 True 
energy_upper              10.0 
----------------------------------------------------------
#========================================================#
#| [92m        SMIRNOFF Parameter Coverage Analysis        [0m |#
#========================================================#
Force field assignment data written to /Users/daniellebergaziin/host-torsions/bespoke-executor/fd50aeff-0c8d-4103-a742-efe736899537/smirnoff_parameter_assignments.json
 idx Parameter                                                                                                   Count
----------------------------------------------------------------------------------------------------------------------
   0 ProperTorsions/Proper/k4/[#35H0X1x0!r+0A:1]-;!@[#6H2X4x0!r+0A:2](-;!@[#1H0X1x0!r+0A])(-;!@[#1H0X1x0!r+0A])-;!@[#8H1X2x0!r+0A:3]-;!@[#1H0X1x0!r+0A:4] :          1
   1 ProperTorsions/Proper/k3/[#35H0X1x0!r+0A:1]-;!@[#6H2X4x0!r+0A:2](-;!@[#1H0X1x0!r+0A])(-;!@[#1H0X1x0!r+0A])-;!@[#8H1X2x0!r+0A:3]-;!@[#1H0X1x0!r+0A:4] :          1
   2 ProperTorsions/Proper/k1/[#35H0X1x0!r+0A:1]-;!@[#6H2X4x0!r+0A:2](-;!@[#1H0X1x0!r+0A])(-;!@[#1H0X1x0!r+0A])-;!@[#8H1X2x0!r+0A:3]-;!@[#1H0X1x0!r+0A:4] :          1
   3 ProperTorsions/Proper/k2/[#35H0X1x0!r+0A:1]-;!@[#6H2X4x0!r+0A:2](-;!@[#1H0X1x0!r+0A])(-;!@[#1H0X1x0!r+0A])-;!@[#8H1X2x0!r+0A:3]-;!@[#1H0X1x0!r+0A:4] :          1
   4 ProperTorsions/Proper/k4/[#1H0X1x0!r+0A:1]-;!@[#6H2X4x0!r+0A:2](-;!@[#1H0X1x0!r+0A])(-;!@[#35H0X1x0!r+0A])-;!@[#8H1X2x0!r+0A:3]-;!@[#1H0X1x0!r+0A:4] :          2
   5 ProperTorsions/Proper/k3/[#1H0X1x0!r+0A:1]-;!@[#6H2X4x0!r+0A:2](-;!@[#1H0X1x0!r+0A])(-;!@[#35H0X1x0!r+0A])-;!@[#8H1X2x0!r+0A:3]-;!@[#1H0X1x0!r+0A:4] :          2
   6 ProperTorsions/Proper/k1/[#1H0X1x0!r+0A:1]-;!@[#6H2X4x0!r+0A:2](-;!@[#1H0X1x0!r+0A])(-;!@[#35H0X1x0!r+0A])-;!@[#8H1X2x0!r+0A:3]-;!@[#1H0X1x0!r+0A:4] :          2
   7 ProperTorsions/Proper/k2/[#1H0X1x0!r+0A:1]-;!@[#6H2X4x0!r+0A:2](-;!@[#1H0X1x0!r+0A])(-;!@[#35H0X1x0!r+0A])-;!@[#8H1X2x0!r+0A:3]-;!@[#1H0X1x0!r+0A:4] :          2
SNIRNOFF Parameter Coverage Analysis result: 8/8 parameters are covered.
----------------------------------------------------------------------------------------------------------------------
L1 norm uses the hyperbolic penalty, make sure penalty_hyperbolic_b is set sufficiently small
#========================================================#
#| [92m           Setup for objective function :           [0m |#
#========================================================#
penalty_type              L1 
penalty_additive          1.0 
normalize_weights         False 
----------------------------------------------------------
#========================================================#
#| [92m                Setup for optimizer                 [0m |#
#========================================================#
jobtype                   OPTIMIZE 
trust0                    -0.25 
mintrust                  0.05 
eps                       0.01 
h                         0.01 
h0                        0.01 
convergence_objective     0.01 
convergence_step          0.01 
convergence_gradient      0.01 
maxstep                   10 
adapt_fac                 0.2 
adapt_damp                1.0 
err_tol                   1.0 
input_file                optimize.in 
criteria                  2 
----------------------------------------------------------
Calculation started at 2021-11-10 03:32 PM
#========================================================#
#| [1m                  Main Optimizer                    [0m |#
#| [1m  Newton-Raphson Method (Hessian Diagonal Search)   [0m |#
#| [1m                                                    [0m |#
#| [1m       [0mConvergence criteria (2 of 3 needed):        [0m |#
#| [1m          [0mObjective Function  : 1.000e-02           [0m |#
#| [1m          [0mNorm of Gradient    : 1.000e-02           [0m |#
#| [1m          [0mParameter step size : 1.000e-02           [0m |#
#========================================================#
#========================================================#
#|       Color Key for Objective Function -=X2=-        |#
#|  [1mBold[0m = Initial step                                 |#
#|  [92mGreen = Current lowest value of objective function[0m  |#
#|  [91mRed = Objective function rises, step rejected[0m       |#
#|  [0mNo color = Not at the lowest value                  |#
#========================================================#
#========================================================#
#| [94m     Iteration 0: Evaluating objective function     [0m |#
#| [94m        and derivatives through second order        [0m |#
#========================================================#

#==================================================================================================================================================#
#| [92m                               Torsion Profile: torsion-0, Objective =  2.77059e+00, Units = kcal/mol, Angstrom                               [0m |#
#| [92m System                                             Min(QM)    Min(MM)      Range(QM)          Range(MM)    Max-RMSD   Ene-RMSE    Obj-Fn     [0m |#
#==================================================================================================================================================#
torsion-0                                                  60         45     0.000 - 5.237    -0.134 - 5.364      0.040     1.6645    2.7706 
----------------------------------------------------------------------------------------------------------------------------------------------------
#====================================================================#
#| [94m                  Objective Function Breakdown                  [0m |#
#| [94m  Target Name              Residual  x  Weight  =  Contribution [0m |#
#====================================================================#
torsion-0                      2.77059      1.000 [94m     2.77059e+00[0m 
Regularization                 0.00000      1.000 [94m     0.00000e+00[0m 
Total                                             [94m     2.77059e+00[0m 
----------------------------------------------------------------------

  Step       |k|        |dk|       |grad|       -=X2=-     Delta(X2)    StepQual
     0   0.000e+00   0.000e+00   2.442e+01[1m   2.77059e+00[0m   0.000e+00      0.000

#========================================================#
#| [94m                   Total Gradient                   [0m |#
#========================================================#
   0 [ -7.58940706e+00 ] : ProperTorsions/Proper/k4/[#35H0X1x0!r+0A:1]-;!@[#6H2X4x0!r+0A:2](-;!@[#1H0X1x0!r+0A])(-;!@[#1H0X1x0!r+0A])-;!@[#8H1X2x0!r+0A:3]-;!@[#1H0X1x0!r+0A:4]
   1 [  6.88732717e+00 ] : ProperTorsions/Proper/k3/[#35H0X1x0!r+0A:1]-;!@[#6H2X4x0!r+0A:2](-;!@[#1H0X1x0!r+0A])(-;!@[#1H0X1x0!r+0A])-;!@[#8H1X2x0!r+0A:3]-;!@[#1H0X1x0!r+0A:4]
   2 [ -3.49296483e+00 ] : ProperTorsions/Proper/k1/[#35H0X1x0!r+0A:1]-;!@[#6H2X4x0!r+0A:2](-;!@[#1H0X1x0!r+0A])(-;!@[#1H0X1x0!r+0A])-;!@[#8H1X2x0!r+0A:3]-;!@[#1H0X1x0!r+0A:4]
   3 [  1.08862938e+01 ] : ProperTorsions/Proper/k2/[#35H0X1x0!r+0A:1]-;!@[#6H2X4x0!r+0A:2](-;!@[#1H0X1x0!r+0A])(-;!@[#1H0X1x0!r+0A])-;!@[#8H1X2x0!r+0A:3]-;!@[#1H0X1x0!r+0A:4]
   4 [  9.16652887e+00 ] : ProperTorsions/Proper/k4/[#1H0X1x0!r+0A:1]-;!@[#6H2X4x0!r+0A:2](-;!@[#1H0X1x0!r+0A])(-;!@[#35H0X1x0!r+0A])-;!@[#8H1X2x0!r+0A:3]-;!@[#1H0X1x0!r+0A:4]
   5 [  1.26368847e+01 ] : ProperTorsions/Proper/k3/[#1H0X1x0!r+0A:1]-;!@[#6H2X4x0!r+0A:2](-;!@[#1H0X1x0!r+0A])(-;!@[#35H0X1x0!r+0A])-;!@[#8H1X2x0!r+0A:3]-;!@[#1H0X1x0!r+0A:4]
   6 [  3.29943578e+00 ] : ProperTorsions/Proper/k1/[#1H0X1x0!r+0A:1]-;!@[#6H2X4x0!r+0A:2](-;!@[#1H0X1x0!r+0A])(-;!@[#35H0X1x0!r+0A])-;!@[#8H1X2x0!r+0A:3]-;!@[#1H0X1x0!r+0A:4]
   7 [ -1.03031732e+01 ] : ProperTorsions/Proper/k2/[#1H0X1x0!r+0A:1]-;!@[#6H2X4x0!r+0A:2](-;!@[#1H0X1x0!r+0A])(-;!@[#35H0X1x0!r+0A])-;!@[#8H1X2x0!r+0A:3]-;!@[#1H0X1x0!r+0A:4]
----------------------------------------------------------
Calculating nonlinear optimization step
Hessian has a small or negative eigenvalue (5.2e-08), mixing in some steepest descent (1.0e-02) to correct this.
Eigenvalues are:
 5.2e-08  1.7e-02  9.8e-02  2.0e-01  3.8e+01  4.6e+01  9.6e+01  4.6e+02 
0.016 s (L-BFGS 1) 0.015 s (L-BFGS 2) 0.016 s (L-BFGS 1) 0.015 s (L-BFGS 2) Finding trust radius: H+0.0000*I, length 3.2210e-01 (target 2.5000e-01)
0.010 s (L-BFGS 1) 0.009 s (L-BFGS 2) Finding trust radius: H+9.0000*I, length 2.3147e-01 (target 2.5000e-01)
0.005 s (L-BFGS 1) 0.005 s (L-BFGS 2) Finding trust radius: H+61.6869*I, length 1.2942e-01 (target 2.5000e-01)
0.009 s (L-BFGS 1) 0.009 s (L-BFGS 2) Finding trust radius: H+9.0000*I, length 2.3147e-01 (target 2.5000e-01)
0.004 s (L-BFGS 1) 0.004 s (L-BFGS 2) Finding trust radius: H+23.5623*I, length 1.8789e-01 (target 2.5000e-01)
0.013 s (L-BFGS 1) 0.014 s (L-BFGS 2) Finding trust radius: H+3.4377*I, length 2.5413e-01 (target 2.5000e-01)
0.013 s (L-BFGS 1) 0.013 s (L-BFGS 2) Finding trust radius: H+4.6743*I, length 2.4867e-01 (target 2.5000e-01)
0.010 s (L-BFGS 1) 0.010 s (L-BFGS 2) Finding trust radius: H+4.2859*I, length 2.5036e-01 (target 2.5000e-01)
0.011 s (L-BFGS 1) 0.010 s (L-BFGS 2) Finding trust radius: H+4.3572*I, length 2.5004e-01 (target 2.5000e-01)
0.013 s (L-BFGS 1) 0.013 s (L-BFGS 2) Finding trust radius: H+4.3676*I, length 2.4999e-01 (target 2.5000e-01)
0.013 s (L-BFGS 1) 0.014 s (L-BFGS 2) Finding trust radius: H+4.3663*I, length 2.5000e-01 (target 2.5000e-01)
0.014 s (L-BFGS 1) 0.014 s (L-BFGS 2) Finding trust radius: H+4.3650*I, length 2.5000e-01 (target 2.5000e-01)
0.013 s (L-BFGS 1) 0.013 s (L-BFGS 2) Finding trust radius: H+4.3637*I, length 2.5001e-01 (target 2.5000e-01)
0.015 s (L-BFGS 1) 0.014 s (L-BFGS 2) Starting Hessian diagonal search with step size 2.5000e-01
0.014 s (L-BFGS 1) 0.014 s (L-BFGS 2) Hessian diagonal search: H+4.3650*I, length 2.5000e-01, result -2.2606e+00
0.001 s (L-BFGS 1) 0.002 s (L-BFGS 2) Hessian diagonal search: H+128.9821*I, length 8.5579e-02, result -1.3133e+00
0.001 s (L-BFGS 1) 0.001 s (L-BFGS 2) Hessian diagonal search: H+166.5729*I, length 7.2465e-02, result -1.1618e+00
0.015 s (L-BFGS 1) 0.015 s (L-BFGS 2) Hessian diagonal search: H+4.3650*I, length 2.5000e-01, result -2.2606e+00
0.006 s (L-BFGS 1) 0.007 s (L-BFGS 2) Hessian diagonal search: H+13.2390*I, length 2.1678e-01, result -2.1952e+00
0.005 s (L-BFGS 1) 0.004 s (L-BFGS 2) Hessian diagonal search: H+31.6882*I, length 1.7081e-01, result -2.0061e+00
0.009 s (L-BFGS 1) 0.008 s (L-BFGS 2) Hessian diagonal search: H+0.0196*I, length 2.7081e-01, result -2.2713e+00
0.009 s (L-BFGS 1) 0.008 s (L-BFGS 2) Hessian diagonal search: H+0.2066*I, length 2.6983e-01, result -2.2713e+00
0.009 s (L-BFGS 1) 0.009 s (L-BFGS 2) Hessian diagonal search: H+0.0249*I, length 2.7078e-01, result -2.2713e+00
0.011 s (L-BFGS 1) 0.010 s (L-BFGS 2) Hessian diagonal search: H+1.1641*I, length 2.6492e-01, result -2.2706e+00
0.009 s (L-BFGS 1) 0.009 s (L-BFGS 2) Hessian diagonal search: H+0.4803*I, length 2.6840e-01, result -2.2712e+00
0.017 s (L-BFGS 1) 0.017 s (L-BFGS 2) Hessian diagonal search: H+0.1164*I, length 2.7765e-01, result -2.2723e+00
0.017 s (L-BFGS 1) 0.017 s (L-BFGS 2) Hessian diagonal search: H+0.0937*I, length 2.7995e-01, result -2.2725e+00
0.014 s (L-BFGS 1) 0.013 s (L-BFGS 2) Hessian diagonal search: H+0.0698*I, length 2.8365e-01, result -2.2727e+00
0.010 s (L-BFGS 1) 0.010 s (L-BFGS 2) Hessian diagonal search: H+0.0499*I, length 2.7065e-01, result -2.2713e+00
0.016 s (L-BFGS 1) 0.015 s (L-BFGS 2) Hessian diagonal search: H+0.0785*I, length 2.8208e-01, result -2.2726e+00
0.018 s (L-BFGS 1) 0.018 s (L-BFGS 2) Hessian diagonal search: H+0.0618*I, length 2.8528e-01, result -2.2727e+00
0.007 s (L-BFGS 1) 0.008 s (L-BFGS 2) Hessian diagonal search: H+0.0571*I, length 2.7061e-01, result -2.2713e+00
0.009 s (L-BFGS 1) 0.009 s (L-BFGS 2) Hessian diagonal search: H+0.0648*I, length 2.7057e-01, result -2.2713e+00
0.014 s (L-BFGS 1) 0.016 s (L-BFGS 2) Hessian diagonal search: H+0.0600*I, length 2.8571e-01, result -2.2728e+00
0.008 s (L-BFGS 1) 0.008 s (L-BFGS 2) Hessian diagonal search: H+0.0589*I, length 2.7060e-01, result -2.2713e+00
0.018 s (L-BFGS 1) 0.016 s (L-BFGS 2) Hessian diagonal search: H+0.0607*I, length 2.8557e-01, result -2.2727e+00
0.008 s (L-BFGS 1) 0.009 s (L-BFGS 2) Hessian diagonal search: H+0.0596*I, length 2.7060e-01, result -2.2713e+00
0.009 s (L-BFGS 1) 0.008 s (L-BFGS 2) Hessian diagonal search: H+0.0603*I, length 2.7060e-01, result -2.2713e+00
0.008 s (L-BFGS 1) 0.008 s (L-BFGS 2) Hessian diagonal search: H+0.0598*I, length 2.7059e-01, result -2.2713e+00
0.009 s (L-BFGS 1) 0.008 s (L-BFGS 2) Hessian diagonal search: H+0.0601*I, length 2.7059e-01, result -2.2713e+00
0.009 s (L-BFGS 1) 0.008 s (L-BFGS 2) Hessian diagonal search: H+0.0599*I, length 2.7060e-01, result -2.2713e+00
0.016 s (L-BFGS 1) 0.016 s (L-BFGS 2) Optimization step found (length 2.8571e-01)
#========================================================#
#| [95m  Mathematical Parameters (Current + Step = Next)   [0m |#
#========================================================#
   0 [  0.0000e+00 + 2.3047e-06 =  2.3047e-06 ] : ProperTorsions/Proper/k4/[#35H0X1x0!r+0A:1]-;!@[#6H2X4x0!r+0A:2](-;!@[#1H0X1x0!r+0A])(-;!@[#1H0X1x0!r+0A])-;!@[#8H1X2x0!r+0A:3]-;!@[#1H0X1x0!r+0A:4]
   1 [  0.0000e+00 - 6.9933e-07 = -6.9933e-07 ] : ProperTorsions/Proper/k3/[#35H0X1x0!r+0A:1]-;!@[#6H2X4x0!r+0A:2](-;!@[#1H0X1x0!r+0A])(-;!@[#1H0X1x0!r+0A])-;!@[#8H1X2x0!r+0A:3]-;!@[#1H0X1x0!r+0A:4]
   2 [  0.0000e+00 - 5.6675e-07 = -5.6675e-07 ] : ProperTorsions/Proper/k1/[#35H0X1x0!r+0A:1]-;!@[#6H2X4x0!r+0A:2](-;!@[#1H0X1x0!r+0A])(-;!@[#1H0X1x0!r+0A])-;!@[#8H1X2x0!r+0A:3]-;!@[#1H0X1x0!r+0A:4]
   3 [  0.0000e+00 - 2.5086e-01 = -2.5086e-01 ] : ProperTorsions/Proper/k2/[#35H0X1x0!r+0A:1]-;!@[#6H2X4x0!r+0A:2](-;!@[#1H0X1x0!r+0A])(-;!@[#1H0X1x0!r+0A])-;!@[#8H1X2x0!r+0A:3]-;!@[#1H0X1x0!r+0A:4]
   4 [  0.0000e+00 - 1.2627e-02 = -1.2627e-02 ] : ProperTorsions/Proper/k4/[#1H0X1x0!r+0A:1]-;!@[#6H2X4x0!r+0A:2](-;!@[#1H0X1x0!r+0A])(-;!@[#35H0X1x0!r+0A])-;!@[#8H1X2x0!r+0A:3]-;!@[#1H0X1x0!r+0A:4]
   5 [  0.0000e+00 - 7.9790e-02 = -7.9790e-02 ] : ProperTorsions/Proper/k3/[#1H0X1x0!r+0A:1]-;!@[#6H2X4x0!r+0A:2](-;!@[#1H0X1x0!r+0A])(-;!@[#35H0X1x0!r+0A])-;!@[#8H1X2x0!r+0A:3]-;!@[#1H0X1x0!r+0A:4]
   6 [  0.0000e+00 + 6.6159e-07 =  6.6159e-07 ] : ProperTorsions/Proper/k1/[#1H0X1x0!r+0A:1]-;!@[#6H2X4x0!r+0A:2](-;!@[#1H0X1x0!r+0A])(-;!@[#35H0X1x0!r+0A])-;!@[#8H1X2x0!r+0A:3]-;!@[#1H0X1x0!r+0A:4]
   7 [  0.0000e+00 + 1.1034e-01 =  1.1034e-01 ] : ProperTorsions/Proper/k2/[#1H0X1x0!r+0A:1]-;!@[#6H2X4x0!r+0A:2](-;!@[#1H0X1x0!r+0A])(-;!@[#35H0X1x0!r+0A])-;!@[#8H1X2x0!r+0A:3]-;!@[#1H0X1x0!r+0A:4]
----------------------------------------------------------
#========================================================#
#| [95m    Physical Parameters (Current + Step = Next)     [0m |#
#========================================================#
   0 [  0.0000e+00 + 1.3828e-05 =  1.3828e-05 ] : ProperTorsions/Proper/k4/[#35H0X1x0!r+0A:1]-;!@[#6H2X4x0!r+0A:2](-;!@[#1H0X1x0!r+0A])(-;!@[#1H0X1x0!r+0A])-;!@[#8H1X2x0!r+0A:3]-;!@[#1H0X1x0!r+0A:4]
   1 [  6.9859e-01 - 4.1960e-06 =  6.9859e-01 ] : ProperTorsions/Proper/k3/[#35H0X1x0!r+0A:1]-;!@[#6H2X4x0!r+0A:2](-;!@[#1H0X1x0!r+0A])(-;!@[#1H0X1x0!r+0A])-;!@[#8H1X2x0!r+0A:3]-;!@[#1H0X1x0!r+0A:4]
   2 [  0.0000e+00 - 3.4005e-06 = -3.4005e-06 ] : ProperTorsions/Proper/k1/[#35H0X1x0!r+0A:1]-;!@[#6H2X4x0!r+0A:2](-;!@[#1H0X1x0!r+0A])(-;!@[#1H0X1x0!r+0A])-;!@[#8H1X2x0!r+0A:3]-;!@[#1H0X1x0!r+0A:4]
   3 [  0.0000e+00 - 1.5052e+00 = -1.5052e+00 ] : ProperTorsions/Proper/k2/[#35H0X1x0!r+0A:1]-;!@[#6H2X4x0!r+0A:2](-;!@[#1H0X1x0!r+0A])(-;!@[#1H0X1x0!r+0A])-;!@[#8H1X2x0!r+0A:3]-;!@[#1H0X1x0!r+0A:4]
   4 [  0.0000e+00 - 7.5765e-02 = -7.5765e-02 ] : ProperTorsions/Proper/k4/[#1H0X1x0!r+0A:1]-;!@[#6H2X4x0!r+0A:2](-;!@[#1H0X1x0!r+0A])(-;!@[#35H0X1x0!r+0A])-;!@[#8H1X2x0!r+0A:3]-;!@[#1H0X1x0!r+0A:4]
   5 [  6.9859e-01 - 4.7874e-01 =  2.1986e-01 ] : ProperTorsions/Proper/k3/[#1H0X1x0!r+0A:1]-;!@[#6H2X4x0!r+0A:2](-;!@[#1H0X1x0!r+0A])(-;!@[#35H0X1x0!r+0A])-;!@[#8H1X2x0!r+0A:3]-;!@[#1H0X1x0!r+0A:4]
   6 [  0.0000e+00 + 3.9695e-06 =  3.9695e-06 ] : ProperTorsions/Proper/k1/[#1H0X1x0!r+0A:1]-;!@[#6H2X4x0!r+0A:2](-;!@[#1H0X1x0!r+0A])(-;!@[#35H0X1x0!r+0A])-;!@[#8H1X2x0!r+0A:3]-;!@[#1H0X1x0!r+0A:4]
   7 [  0.0000e+00 + 6.6205e-01 =  6.6205e-01 ] : ProperTorsions/Proper/k2/[#1H0X1x0!r+0A:1]-;!@[#6H2X4x0!r+0A:2](-;!@[#1H0X1x0!r+0A])(-;!@[#35H0X1x0!r+0A])-;!@[#8H1X2x0!r+0A:3]-;!@[#1H0X1x0!r+0A:4]
----------------------------------------------------------
Input file with saved parameters: optimize.sav
#========================================================#
#| [94m     Iteration 1: Evaluating objective function     [0m |#
#| [94m        and derivatives through second order        [0m |#
#========================================================#

#==================================================================================================================================================#
#| [92m                               Torsion Profile: torsion-0, Objective =  4.42173e-02, Units = kcal/mol, Angstrom                               [0m |#
#| [92m System                                             Min(QM)    Min(MM)      Range(QM)          Range(MM)    Max-RMSD   Ene-RMSE    Obj-Fn     [0m |#
#==================================================================================================================================================#
torsion-0                                                  60        -60     0.000 - 5.237    -0.022 - 4.589      0.039     0.2103    0.0442 
----------------------------------------------------------------------------------------------------------------------------------------------------
#===================================================================================#
#| [94m                         Objective Function Breakdown                          [0m |#
#| [94m  Target Name              Residual  x  Weight  =  Contribution (Current-Prev) [0m |#
#===================================================================================#
torsion-0                      0.04422      1.000 [92m     4.42173e-02[0m ( -2.726e+00 ) 
Regularization                 0.45362      1.000 [91m     4.53618e-01[0m ( +4.536e-01 ) 
Total                                             [92m     4.97835e-01[0m ( -2.273e+00 ) 
-------------------------------------------------------------------------------------
Creating the directory /Users/daniellebergaziin/host-torsions/bespoke-executor/fd50aeff-0c8d-4103-a742-efe736899537/result/optimize to print the force field
#========================================================================#
#|  The force field has been written to the result/optimize directory.  |#
#|    Input file with optimization parameters saved to optimize.sav.    |#
#========================================================================#

  Step       |k|        |dk|       |grad|       -=X2=-     Delta(X2)    StepQual
     1   2.857e-01   2.857e-01   4.425e-01[92m   4.97835e-01[0m  -2.273e+00      1.000

#========================================================#
#| [94m                   Total Gradient                   [0m |#
#========================================================#
   0 [  1.72254786e-01 ] : ProperTorsions/Proper/k4/[#35H0X1x0!r+0A:1]-;!@[#6H2X4x0!r+0A:2](-;!@[#1H0X1x0!r+0A])(-;!@[#1H0X1x0!r+0A])-;!@[#8H1X2x0!r+0A:3]-;!@[#1H0X1x0!r+0A:4]
   1 [ -1.76923873e-01 ] : ProperTorsions/Proper/k3/[#35H0X1x0!r+0A:1]-;!@[#6H2X4x0!r+0A:2](-;!@[#1H0X1x0!r+0A])(-;!@[#1H0X1x0!r+0A])-;!@[#8H1X2x0!r+0A:3]-;!@[#1H0X1x0!r+0A:4]
   2 [  1.18212114e-01 ] : ProperTorsions/Proper/k1/[#35H0X1x0!r+0A:1]-;!@[#6H2X4x0!r+0A:2](-;!@[#1H0X1x0!r+0A])(-;!@[#1H0X1x0!r+0A])-;!@[#8H1X2x0!r+0A:3]-;!@[#1H0X1x0!r+0A:4]
   3 [  2.91863911e-02 ] : ProperTorsions/Proper/k2/[#35H0X1x0!r+0A:1]-;!@[#6H2X4x0!r+0A:2](-;!@[#1H0X1x0!r+0A])(-;!@[#1H0X1x0!r+0A])-;!@[#8H1X2x0!r+0A:3]-;!@[#1H0X1x0!r+0A:4]
   4 [ -1.73889581e-01 ] : ProperTorsions/Proper/k4/[#1H0X1x0!r+0A:1]-;!@[#6H2X4x0!r+0A:2](-;!@[#1H0X1x0!r+0A])(-;!@[#35H0X1x0!r+0A])-;!@[#8H1X2x0!r+0A:3]-;!@[#1H0X1x0!r+0A:4]
   5 [ -2.88780716e-01 ] : ProperTorsions/Proper/k3/[#1H0X1x0!r+0A:1]-;!@[#6H2X4x0!r+0A:2](-;!@[#1H0X1x0!r+0A])(-;!@[#35H0X1x0!r+0A])-;!@[#8H1X2x0!r+0A:3]-;!@[#1H0X1x0!r+0A:4]
   6 [ -7.97876247e-02 ] : ProperTorsions/Proper/k1/[#1H0X1x0!r+0A:1]-;!@[#6H2X4x0!r+0A:2](-;!@[#1H0X1x0!r+0A])(-;!@[#35H0X1x0!r+0A])-;!@[#8H1X2x0!r+0A:3]-;!@[#1H0X1x0!r+0A:4]
   7 [ -4.39378853e-03 ] : ProperTorsions/Proper/k2/[#1H0X1x0!r+0A:1]-;!@[#6H2X4x0!r+0A:2](-;!@[#1H0X1x0!r+0A])(-;!@[#35H0X1x0!r+0A])-;!@[#8H1X2x0!r+0A:3]-;!@[#1H0X1x0!r+0A:4]
----------------------------------------------------------
Calculating nonlinear optimization step
Hessian has a small or negative eigenvalue (7.9e-08), mixing in some steepest descent (1.0e-02) to correct this.
Eigenvalues are:
 7.9e-08  1.2e-03  8.1e-03  1.2e-01  3.7e+01  4.7e+01  9.5e+01  4.8e+02 
0.051 s (L-BFGS 1) 0.025 s (L-BFGS 2) Starting Hessian diagonal search with step size 1.5218e-01
0.050 s (L-BFGS 1) 0.028 s (L-BFGS 2) Hessian diagonal search: H+0.0000*I, length 1.5218e-01, result -2.4245e-03
0.015 s (L-BFGS 1) 0.017 s (L-BFGS 2) Hessian diagonal search: H+9.0000*I, length 2.5342e-03, result -2.5795e-04
0.009 s (L-BFGS 1) 0.010 s (L-BFGS 2) Hessian diagonal search: H+23.5623*I, length 1.6623e-03, result -2.3307e-04
0.066 s (L-BFGS 1) 0.039 s (L-BFGS 2) Hessian diagonal search: H+0.0000*I, length 1.5218e-01, result -2.4245e-03
0.019 s (L-BFGS 1) 0.016 s (L-BFGS 2) Hessian diagonal search: H+3.4377*I, length 4.8815e-03, result -3.0057e-04
0.024 s (L-BFGS 1) 0.020 s (L-BFGS 2) Hessian diagonal search: H+1.3131*I, length 1.1633e-02, result -4.0437e-04
0.031 s (L-BFGS 1) 0.026 s (L-BFGS 2) Hessian diagonal search: H+0.1131*I, length 1.1200e-01, result -1.8580e-03
0.024 s (L-BFGS 1) 0.029 s (L-BFGS 2) Hessian diagonal search: H+0.0376*I, length 1.5208e-01, result -2.4248e-03
0.025 s (L-BFGS 1) 0.032 s (L-BFGS 2) Hessian diagonal search: H+0.0094*I, length 1.5215e-01, result -2.4245e-03
0.015 s (L-BFGS 1) 0.023 s (L-BFGS 2) Hessian diagonal search: H+0.3109*I, length 4.5730e-02, result -9.0500e-04
0.027 s (L-BFGS 1) 0.019 s (L-BFGS 2) Hessian diagonal search: H+0.1108*I, length 1.1382e-01, result -1.8841e-03
0.043 s (L-BFGS 1) 0.027 s (L-BFGS 2) Hessian diagonal search: H+0.0610*I, length 1.5200e-01, result -2.4243e-03
0.031 s (L-BFGS 1) 0.029 s (L-BFGS 2) Hessian diagonal search: H+0.0247*I, length 1.5211e-01, result -2.4247e-03
0.028 s (L-BFGS 1) 0.034 s (L-BFGS 2) Hessian diagonal search: H+0.0459*I, length 1.5084e-01, result -2.4109e-03
0.020 s (L-BFGS 1) 0.018 s (L-BFGS 2) Hessian diagonal search: H+0.0324*I, length 1.5209e-01, result -2.4247e-03
0.027 s (L-BFGS 1) 0.028 s (L-BFGS 2) Hessian diagonal search: H+0.0407*I, length 1.5188e-01, result -2.4234e-03
0.029 s (L-BFGS 1) 0.029 s (L-BFGS 2) Hessian diagonal search: H+0.0356*I, length 1.5208e-01, result -2.4246e-03
0.006 s (L-BFGS 1) 0.029 s (L-BFGS 2) Hessian diagonal search: H+0.0388*I, length 1.5128e-01, result -2.4154e-03
0.022 s (L-BFGS 1) 0.026 s (L-BFGS 2) Hessian diagonal search: H+0.0368*I, length 1.5208e-01, result -2.4247e-03
0.020 s (L-BFGS 1) 0.029 s (L-BFGS 2) Hessian diagonal search: H+0.0381*I, length 1.5207e-01, result -2.4246e-03
0.033 s (L-BFGS 1) 0.025 s (L-BFGS 2) Hessian diagonal search: H+0.0373*I, length 1.5224e-01, result -2.4236e-03
0.025 s (L-BFGS 1) 0.025 s (L-BFGS 2) Hessian diagonal search: H+0.0378*I, length 1.5208e-01, result -2.4247e-03
0.025 s (L-BFGS 1) 0.033 s (L-BFGS 2) Hessian diagonal search: H+0.0375*I, length 1.5207e-01, result -2.4247e-03
0.019 s (L-BFGS 1) 0.023 s (L-BFGS 2) Hessian diagonal search: H+0.0377*I, length 1.5208e-01, result -2.4247e-03
0.023 s (L-BFGS 1) 0.027 s (L-BFGS 2) Hessian diagonal search: H+0.0376*I, length 1.5208e-01, result -2.4247e-03
0.022 s (L-BFGS 1) 0.027 s (L-BFGS 2) Optimization step found (length 1.5208e-01)
#========================================================#
#| [95m  Mathematical Parameters (Current + Step = Next)   [0m |#
#========================================================#
   0 [  2.3047e-06 - 1.6338e-07 =  2.1413e-06 ] : ProperTorsions/Proper/k4/[#35H0X1x0!r+0A:1]-;!@[#6H2X4x0!r+0A:2](-;!@[#1H0X1x0!r+0A])(-;!@[#1H0X1x0!r+0A])-;!@[#8H1X2x0!r+0A:3]-;!@[#1H0X1x0!r+0A:4]
   1 [ -6.9933e-07 + 4.8213e-08 = -6.5111e-07 ] : ProperTorsions/Proper/k3/[#35H0X1x0!r+0A:1]-;!@[#6H2X4x0!r+0A:2](-;!@[#1H0X1x0!r+0A])(-;!@[#1H0X1x0!r+0A])-;!@[#8H1X2x0!r+0A:3]-;!@[#1H0X1x0!r+0A:4]
   2 [ -5.6675e-07 - 2.6288e-07 = -8.2963e-07 ] : ProperTorsions/Proper/k1/[#35H0X1x0!r+0A:1]-;!@[#6H2X4x0!r+0A:2](-;!@[#1H0X1x0!r+0A])(-;!@[#1H0X1x0!r+0A])-;!@[#8H1X2x0!r+0A:3]-;!@[#1H0X1x0!r+0A:4]
   3 [ -2.5086e-01 - 1.0459e-01 = -3.5545e-01 ] : ProperTorsions/Proper/k2/[#35H0X1x0!r+0A:1]-;!@[#6H2X4x0!r+0A:2](-;!@[#1H0X1x0!r+0A])(-;!@[#1H0X1x0!r+0A])-;!@[#8H1X2x0!r+0A:3]-;!@[#1H0X1x0!r+0A:4]
   4 [ -1.2627e-02 + 3.5578e-03 = -9.0697e-03 ] : ProperTorsions/Proper/k4/[#1H0X1x0!r+0A:1]-;!@[#6H2X4x0!r+0A:2](-;!@[#1H0X1x0!r+0A])(-;!@[#35H0X1x0!r+0A])-;!@[#8H1X2x0!r+0A:3]-;!@[#1H0X1x0!r+0A:4]
   5 [ -7.9790e-02 - 1.3633e-03 = -8.1153e-02 ] : ProperTorsions/Proper/k3/[#1H0X1x0!r+0A:1]-;!@[#6H2X4x0!r+0A:2](-;!@[#1H0X1x0!r+0A])(-;!@[#35H0X1x0!r+0A])-;!@[#8H1X2x0!r+0A:3]-;!@[#1H0X1x0!r+0A:4]
   6 [  6.6159e-07 + 2.1691e-07 =  8.7850e-07 ] : ProperTorsions/Proper/k1/[#1H0X1x0!r+0A:1]-;!@[#6H2X4x0!r+0A:2](-;!@[#1H0X1x0!r+0A])(-;!@[#35H0X1x0!r+0A])-;!@[#8H1X2x0!r+0A:3]-;!@[#1H0X1x0!r+0A:4]
   7 [  1.1034e-01 - 1.1033e-01 =  7.7613e-06 ] : ProperTorsions/Proper/k2/[#1H0X1x0!r+0A:1]-;!@[#6H2X4x0!r+0A:2](-;!@[#1H0X1x0!r+0A])(-;!@[#35H0X1x0!r+0A])-;!@[#8H1X2x0!r+0A:3]-;!@[#1H0X1x0!r+0A:4]
----------------------------------------------------------
#========================================================#
#| [95m    Physical Parameters (Current + Step = Next)     [0m |#
#========================================================#
   0 [  1.3828e-05 - 9.8028e-07 =  1.2848e-05 ] : ProperTorsions/Proper/k4/[#35H0X1x0!r+0A:1]-;!@[#6H2X4x0!r+0A:2](-;!@[#1H0X1x0!r+0A])(-;!@[#1H0X1x0!r+0A])-;!@[#8H1X2x0!r+0A:3]-;!@[#1H0X1x0!r+0A:4]
   1 [  6.9859e-01 + 2.8928e-07 =  6.9859e-01 ] : ProperTorsions/Proper/k3/[#35H0X1x0!r+0A:1]-;!@[#6H2X4x0!r+0A:2](-;!@[#1H0X1x0!r+0A])(-;!@[#1H0X1x0!r+0A])-;!@[#8H1X2x0!r+0A:3]-;!@[#1H0X1x0!r+0A:4]
   2 [ -3.4005e-06 - 1.5773e-06 = -4.9778e-06 ] : ProperTorsions/Proper/k1/[#35H0X1x0!r+0A:1]-;!@[#6H2X4x0!r+0A:2](-;!@[#1H0X1x0!r+0A])(-;!@[#1H0X1x0!r+0A])-;!@[#8H1X2x0!r+0A:3]-;!@[#1H0X1x0!r+0A:4]
   3 [ -1.5052e+00 - 6.2753e-01 = -2.1327e+00 ] : ProperTorsions/Proper/k2/[#35H0X1x0!r+0A:1]-;!@[#6H2X4x0!r+0A:2](-;!@[#1H0X1x0!r+0A])(-;!@[#1H0X1x0!r+0A])-;!@[#8H1X2x0!r+0A:3]-;!@[#1H0X1x0!r+0A:4]
   4 [ -7.5765e-02 + 2.1347e-02 = -5.4418e-02 ] : ProperTorsions/Proper/k4/[#1H0X1x0!r+0A:1]-;!@[#6H2X4x0!r+0A:2](-;!@[#1H0X1x0!r+0A])(-;!@[#35H0X1x0!r+0A])-;!@[#8H1X2x0!r+0A:3]-;!@[#1H0X1x0!r+0A:4]
   5 [  2.1986e-01 - 8.1799e-03 =  2.1168e-01 ] : ProperTorsions/Proper/k3/[#1H0X1x0!r+0A:1]-;!@[#6H2X4x0!r+0A:2](-;!@[#1H0X1x0!r+0A])(-;!@[#35H0X1x0!r+0A])-;!@[#8H1X2x0!r+0A:3]-;!@[#1H0X1x0!r+0A:4]
   6 [  3.9695e-06 + 1.3015e-06 =  5.2710e-06 ] : ProperTorsions/Proper/k1/[#1H0X1x0!r+0A:1]-;!@[#6H2X4x0!r+0A:2](-;!@[#1H0X1x0!r+0A])(-;!@[#35H0X1x0!r+0A])-;!@[#8H1X2x0!r+0A:3]-;!@[#1H0X1x0!r+0A:4]
   7 [  6.6205e-01 - 6.6201e-01 =  4.6568e-05 ] : ProperTorsions/Proper/k2/[#1H0X1x0!r+0A:1]-;!@[#6H2X4x0!r+0A:2](-;!@[#1H0X1x0!r+0A])(-;!@[#35H0X1x0!r+0A])-;!@[#8H1X2x0!r+0A:3]-;!@[#1H0X1x0!r+0A:4]
----------------------------------------------------------
Input file with saved parameters: optimize.sav
#========================================================#
#| [94m     Iteration 2: Evaluating objective function     [0m |#
#| [94m        and derivatives through second order        [0m |#
#========================================================#

#==================================================================================================================================================#
#| [92m                               Torsion Profile: torsion-0, Objective =  4.97331e-02, Units = kcal/mol, Angstrom                               [0m |#
#| [92m System                                             Min(QM)    Min(MM)      Range(QM)          Range(MM)    Max-RMSD   Ene-RMSE    Obj-Fn     [0m |#
#==================================================================================================================================================#
torsion-0                                                  60        -60     0.000 - 5.237    -0.022 - 4.583      0.042     0.2230    0.0497 
----------------------------------------------------------------------------------------------------------------------------------------------------
#===================================================================================#
#| [94m                         Objective Function Breakdown                          [0m |#
#| [94m  Target Name              Residual  x  Weight  =  Contribution (Current-Prev) [0m |#
#===================================================================================#
torsion-0                      0.04973      1.000 [91m     4.97331e-02[0m ( +5.516e-03 ) 
Regularization                 0.44568      1.000 [92m     4.45677e-01[0m ( -7.941e-03 ) 
Total                                             [92m     4.95410e-01[0m ( -2.425e-03 ) 
-------------------------------------------------------------------------------------
Backing up result/optimize/force-field.offxml -> result/optimize/force-field_1.offxml
#========================================================================#
#|  The force field has been written to the result/optimize directory.  |#
#|    Input file with optimization parameters saved to optimize.sav.    |#
#========================================================================#

  Step       |k|        |dk|       |grad|       -=X2=-     Delta(X2)    StepQual
     2   3.647e-01   1.521e-01   4.919e-02[92m   4.95410e-01[0m  -2.425e-03      1.000

#========================================================#
#| [94m                   Total Gradient                   [0m |#
#========================================================#
   0 [  1.45415232e-03 ] : ProperTorsions/Proper/k4/[#35H0X1x0!r+0A:1]-;!@[#6H2X4x0!r+0A:2](-;!@[#1H0X1x0!r+0A])(-;!@[#1H0X1x0!r+0A])-;!@[#8H1X2x0!r+0A:3]-;!@[#1H0X1x0!r+0A:4]
   1 [  6.24447693e-03 ] : ProperTorsions/Proper/k3/[#35H0X1x0!r+0A:1]-;!@[#6H2X4x0!r+0A:2](-;!@[#1H0X1x0!r+0A])(-;!@[#1H0X1x0!r+0A])-;!@[#8H1X2x0!r+0A:3]-;!@[#1H0X1x0!r+0A:4]
   2 [ -6.68520756e-03 ] : ProperTorsions/Proper/k1/[#35H0X1x0!r+0A:1]-;!@[#6H2X4x0!r+0A:2](-;!@[#1H0X1x0!r+0A])(-;!@[#1H0X1x0!r+0A])-;!@[#8H1X2x0!r+0A:3]-;!@[#1H0X1x0!r+0A:4]
   3 [  2.56462584e-03 ] : ProperTorsions/Proper/k2/[#35H0X1x0!r+0A:1]-;!@[#6H2X4x0!r+0A:2](-;!@[#1H0X1x0!r+0A])(-;!@[#1H0X1x0!r+0A])-;!@[#8H1X2x0!r+0A:3]-;!@[#1H0X1x0!r+0A:4]
   4 [  3.10429486e-02 ] : ProperTorsions/Proper/k4/[#1H0X1x0!r+0A:1]-;!@[#6H2X4x0!r+0A:2](-;!@[#1H0X1x0!r+0A])(-;!@[#35H0X1x0!r+0A])-;!@[#8H1X2x0!r+0A:3]-;!@[#1H0X1x0!r+0A:4]
   5 [  3.40181048e-02 ] : ProperTorsions/Proper/k3/[#1H0X1x0!r+0A:1]-;!@[#6H2X4x0!r+0A:2](-;!@[#1H0X1x0!r+0A])(-;!@[#35H0X1x0!r+0A])-;!@[#8H1X2x0!r+0A:3]-;!@[#1H0X1x0!r+0A:4]
   6 [  1.14952197e-02 ] : ProperTorsions/Proper/k1/[#1H0X1x0!r+0A:1]-;!@[#6H2X4x0!r+0A:2](-;!@[#1H0X1x0!r+0A])(-;!@[#35H0X1x0!r+0A])-;!@[#8H1X2x0!r+0A:3]-;!@[#1H0X1x0!r+0A:4]
   7 [  8.63636029e-03 ] : ProperTorsions/Proper/k2/[#1H0X1x0!r+0A:1]-;!@[#6H2X4x0!r+0A:2](-;!@[#1H0X1x0!r+0A])(-;!@[#35H0X1x0!r+0A])-;!@[#8H1X2x0!r+0A:3]-;!@[#1H0X1x0!r+0A:4]
----------------------------------------------------------
Convergence criterion reached for objective function (1.00e-02)
Calculating nonlinear optimization step
Hessian has a small or negative eigenvalue (5.5e-08), mixing in some steepest descent (1.0e-02) to correct this.
Eigenvalues are:
 5.5e-08  9.3e-04  1.2e-02  2.3e-02  3.7e+01  4.8e+01  9.6e+01  4.8e+02 
0.005 s (L-BFGS 1) 0.028 s (L-BFGS 2) Starting Hessian diagonal search with step size 4.4812e-04
0.005 s (L-BFGS 1) 0.026 s (L-BFGS 2) Hessian diagonal search: H+0.0000*I, length 4.4812e-04, result -6.7364e-06
0.006 s (L-BFGS 1) 0.023 s (L-BFGS 2) Hessian diagonal search: H+9.0000*I, length 3.7669e-04, result -6.6150e-06
0.005 s (L-BFGS 1) 0.009 s (L-BFGS 2) Hessian diagonal search: H+23.5623*I, length 3.0537e-04, result -6.2477e-06
0.005 s (L-BFGS 1) 0.027 s (L-BFGS 2) Hessian diagonal search: H+0.0000*I, length 4.4812e-04, result -6.7364e-06
0.006 s (L-BFGS 1) 0.014 s (L-BFGS 2) Hessian diagonal search: H+3.4377*I, length 4.1228e-04, result -6.7055e-06
0.005 s (L-BFGS 1) 0.017 s (L-BFGS 2) Hessian diagonal search: H+1.3131*I, length 4.3572e-04, result -6.7325e-06
0.006 s (L-BFGS 1) 0.029 s (L-BFGS 2) Hessian diagonal search: H+0.1036*I, length 4.4832e-04, result -6.7209e-06
0.006 s (L-BFGS 1) 0.019 s (L-BFGS 2) Hessian diagonal search: H+0.5016*I, length 4.3946e-04, result -6.7330e-06
0.007 s (L-BFGS 1) 0.029 s (L-BFGS 2) Hessian diagonal search: H+0.0363*I, length 4.3390e-04, result -6.6802e-06
0.006 s (L-BFGS 1) 0.028 s (L-BFGS 2) Hessian diagonal search: H+0.0732*I, length 4.4852e-04, result -6.7360e-06
0.004 s (L-BFGS 1) 0.028 s (L-BFGS 2) Hessian diagonal search: H+0.0035*I, length 4.4847e-04, result -6.7364e-06
0.004 s (L-BFGS 1) 0.024 s (L-BFGS 2) Hessian diagonal search: H+0.0017*I, length 4.4241e-04, result -6.7270e-06
0.004 s (L-BFGS 1) 0.032 s (L-BFGS 2) Hessian diagonal search: H+0.0035*I, length 4.4849e-04, result -6.7324e-06
0.005 s (L-BFGS 1) 0.030 s (L-BFGS 2) Hessian diagonal search: H+0.0027*I, length 4.4314e-04, result -6.7262e-06
0.004 s (L-BFGS 1) 0.033 s (L-BFGS 2) Hessian diagonal search: H+0.0032*I, length 4.4940e-04, result -6.7357e-06
0.004 s (L-BFGS 1) 0.029 s (L-BFGS 2) Hessian diagonal search: H+0.0034*I, length 4.4836e-04, result -6.7364e-06
0.005 s (L-BFGS 1) 0.022 s (L-BFGS 2) Hessian diagonal search: H+0.0034*I, length 4.4168e-04, result -6.7262e-06
0.005 s (L-BFGS 1) 0.038 s (L-BFGS 2) Hessian diagonal search: H+0.0035*I, length 4.4932e-04, result -6.7363e-06
0.004 s (L-BFGS 1) 0.028 s (L-BFGS 2) Optimization step found (length 4.4847e-04)
Convergence criterion reached in step size (1.00e-02)
#========================================================#
#| [92m               [0m[1mOptimization Converged[0m               [0m |#
#| [92m           Final objective function value           [0m |#
#| [92m  Full:  4.954104e-01  Un-penalized:  4.973311e-02  [0m |#
#========================================================#
#========================================================#
#| [94m           Final optimization parameters:           [0m |#
#========================================================#
   0 [  1.8301e-06 ] : ProperTorsions/Proper/k4/[#35H0X1x0!r+0A:1]-;!@[#6H2X4x0!r+0A:2](-;!@[#1H0X1x0!r+0A])(-;!@[#1H0X1x0!r+0A])-;!@[#8H1X2x0!r+0A:3]-;!@[#1H0X1x0!r+0A:4]
   1 [ -6.3214e-07 ] : ProperTorsions/Proper/k3/[#35H0X1x0!r+0A:1]-;!@[#6H2X4x0!r+0A:2](-;!@[#1H0X1x0!r+0A])(-;!@[#1H0X1x0!r+0A])-;!@[#8H1X2x0!r+0A:3]-;!@[#1H0X1x0!r+0A:4]
   2 [ -8.3254e-07 ] : ProperTorsions/Proper/k1/[#35H0X1x0!r+0A:1]-;!@[#6H2X4x0!r+0A:2](-;!@[#1H0X1x0!r+0A])(-;!@[#1H0X1x0!r+0A])-;!@[#8H1X2x0!r+0A:3]-;!@[#1H0X1x0!r+0A:4]
   3 [ -3.5550e-01 ] : ProperTorsions/Proper/k2/[#35H0X1x0!r+0A:1]-;!@[#6H2X4x0!r+0A:2](-;!@[#1H0X1x0!r+0A])(-;!@[#1H0X1x0!r+0A])-;!@[#8H1X2x0!r+0A:3]-;!@[#1H0X1x0!r+0A:4]
   4 [ -9.5147e-03 ] : ProperTorsions/Proper/k4/[#1H0X1x0!r+0A:1]-;!@[#6H2X4x0!r+0A:2](-;!@[#1H0X1x0!r+0A])(-;!@[#35H0X1x0!r+0A])-;!@[#8H1X2x0!r+0A:3]-;!@[#1H0X1x0!r+0A:4]
   5 [ -8.1138e-02 ] : ProperTorsions/Proper/k3/[#1H0X1x0!r+0A:1]-;!@[#6H2X4x0!r+0A:2](-;!@[#1H0X1x0!r+0A])(-;!@[#35H0X1x0!r+0A])-;!@[#8H1X2x0!r+0A:3]-;!@[#1H0X1x0!r+0A:4]
   6 [  8.6982e-07 ] : ProperTorsions/Proper/k1/[#1H0X1x0!r+0A:1]-;!@[#6H2X4x0!r+0A:2](-;!@[#1H0X1x0!r+0A])(-;!@[#35H0X1x0!r+0A])-;!@[#8H1X2x0!r+0A:3]-;!@[#1H0X1x0!r+0A:4]
   7 [  4.9720e-06 ] : ProperTorsions/Proper/k2/[#1H0X1x0!r+0A:1]-;!@[#6H2X4x0!r+0A:2](-;!@[#1H0X1x0!r+0A])(-;!@[#35H0X1x0!r+0A])-;!@[#8H1X2x0!r+0A:3]-;!@[#1H0X1x0!r+0A:4]
#========================================================#
#| [94m             Final physical parameters:             [0m |#
#========================================================#
   0 [  1.0981e-05 ] : ProperTorsions/Proper/k4/[#35H0X1x0!r+0A:1]-;!@[#6H2X4x0!r+0A:2](-;!@[#1H0X1x0!r+0A])(-;!@[#1H0X1x0!r+0A])-;!@[#8H1X2x0!r+0A:3]-;!@[#1H0X1x0!r+0A:4]
   1 [  6.9859e-01 ] : ProperTorsions/Proper/k3/[#35H0X1x0!r+0A:1]-;!@[#6H2X4x0!r+0A:2](-;!@[#1H0X1x0!r+0A])(-;!@[#1H0X1x0!r+0A])-;!@[#8H1X2x0!r+0A:3]-;!@[#1H0X1x0!r+0A:4]
   2 [ -4.9952e-06 ] : ProperTorsions/Proper/k1/[#35H0X1x0!r+0A:1]-;!@[#6H2X4x0!r+0A:2](-;!@[#1H0X1x0!r+0A])(-;!@[#1H0X1x0!r+0A])-;!@[#8H1X2x0!r+0A:3]-;!@[#1H0X1x0!r+0A:4]
   3 [ -2.1330e+00 ] : ProperTorsions/Proper/k2/[#35H0X1x0!r+0A:1]-;!@[#6H2X4x0!r+0A:2](-;!@[#1H0X1x0!r+0A])(-;!@[#1H0X1x0!r+0A])-;!@[#8H1X2x0!r+0A:3]-;!@[#1H0X1x0!r+0A:4]
   4 [ -5.7088e-02 ] : ProperTorsions/Proper/k4/[#1H0X1x0!r+0A:1]-;!@[#6H2X4x0!r+0A:2](-;!@[#1H0X1x0!r+0A])(-;!@[#35H0X1x0!r+0A])-;!@[#8H1X2x0!r+0A:3]-;!@[#1H0X1x0!r+0A:4]
   5 [  2.1177e-01 ] : ProperTorsions/Proper/k3/[#1H0X1x0!r+0A:1]-;!@[#6H2X4x0!r+0A:2](-;!@[#1H0X1x0!r+0A])(-;!@[#35H0X1x0!r+0A])-;!@[#8H1X2x0!r+0A:3]-;!@[#1H0X1x0!r+0A:4]
   6 [  5.2189e-06 ] : ProperTorsions/Proper/k1/[#1H0X1x0!r+0A:1]-;!@[#6H2X4x0!r+0A:2](-;!@[#1H0X1x0!r+0A])(-;!@[#35H0X1x0!r+0A])-;!@[#8H1X2x0!r+0A:3]-;!@[#1H0X1x0!r+0A:4]
   7 [  2.9832e-05 ] : ProperTorsions/Proper/k2/[#1H0X1x0!r+0A:1]-;!@[#6H2X4x0!r+0A:2](-;!@[#1H0X1x0!r+0A])(-;!@[#35H0X1x0!r+0A])-;!@[#8H1X2x0!r+0A:3]-;!@[#1H0X1x0!r+0A:4]
----------------------------------------------------------
Backing up result/optimize/force-field.offxml -> result/optimize/force-field_2.offxml
#========================================================================#
#|  The force field has been written to the result/optimize directory.  |#
#|    Input file with optimization parameters saved to optimize.sav.    |#
#========================================================================#
Wall time since calculation start: 47.8 seconds
#========================================================#
#| [1;44;93m               Calculation Finished.                [0m |#
#| [1;44;93m     ---==(  May the Force be with you!  )==---     [0m |#
#========================================================#
