91586:C 12 Nov 2021 13:11:49.437 # oO0OoO0OoO0Oo Redis is starting oO0OoO0OoO0Oo
91586:C 12 Nov 2021 13:11:49.437 # Redis version=6.2.6, bits=64, commit=00000000, modified=0, pid=91586, just started
91586:C 12 Nov 2021 13:11:49.437 # Configuration loaded
91586:M 12 Nov 2021 13:11:49.438 * Increased maximum number of open files to 10032 (it was originally set to 256).
91586:M 12 Nov 2021 13:11:49.438 * monotonic clock: POSIX clock_gettime
91586:M 12 Nov 2021 13:11:49.441 * Running mode=standalone, port=6379.
91586:M 12 Nov 2021 13:11:49.441 # Server initialized
91586:M 12 Nov 2021 13:11:49.441 * Ready to accept connections
91586:M 12 Nov 2021 13:16:50.078 * 100 changes in 300 seconds. Saving...
91586:M 12 Nov 2021 13:16:50.086 * Background saving started by pid 91765
91765:C 12 Nov 2021 13:16:50.090 * DB saved on disk
91586:M 12 Nov 2021 13:16:50.190 * Background saving terminated with success
91586:M 12 Nov 2021 13:22:55.351 * 100 changes in 300 seconds. Saving...
91586:M 12 Nov 2021 13:22:55.353 * Background saving started by pid 91852
91852:C 12 Nov 2021 13:22:55.366 * DB saved on disk
91586:M 12 Nov 2021 13:22:55.457 * Background saving terminated with success
91586:M 12 Nov 2021 13:30:15.410 * 100 changes in 300 seconds. Saving...
91586:M 12 Nov 2021 13:30:15.410 * Background saving started by pid 91915
91915:C 12 Nov 2021 13:30:15.420 * DB saved on disk
91586:M 12 Nov 2021 13:30:15.513 * Background saving terminated with success
91586:signal-handler (1636752693) Received SIGTERM scheduling shutdown...
91586:M 12 Nov 2021 13:31:33.686 # User requested shutdown...
91586:M 12 Nov 2021 13:31:33.686 * Saving the final RDB snapshot before exiting.
91586:M 12 Nov 2021 13:31:33.694 * DB saved on disk
91586:M 12 Nov 2021 13:31:33.694 # Redis is now ready to exit, bye bye...
