#======================================================================#
#| [1m            Welcome to ForceBalance version 1.9.2! =D             [0m |#
#| [1m                 Force Field Optimization System                  [0m |#
#| [1m                                                                  [0m |#
#| [1m                             Authors:                             [0m |#
#| [1m                          Lee-Ping Wang                           [0m |#
#| [1m                  Yudong Qiu, Keri A. McKiernan                   [0m |#
#| [1m          Jeffrey R. Wagner, Hyesu Jang, Simon Boothroyd          [0m |#
#| [1m          Arthur Vigil, Erik G. Brandt, John Stoppelman           [0m |#
#| [1m                  Johnny Israeli, Matt Thompson                   [0m |#
#======================================================================#

                          [44m     [0m                                        
                       [44m        [0m      [43m     [0m                              
                    [44m        [0m   [44m  [0m    [43m         [0m                          
                 [44m       [0m    [44m      [0m      [43m         [0m                       
             [44m        [0m    [44m        [0m          [43m         [0m                    
          [44m        [0m    [44m        [0m                 [43m        [0m                 
       [44m        [0m    [44m       [0m                        [43m        [0m              
    [44m        [0m   [44m        [0m                              [43m         [0m          
   [44m      [0m   [44m        [0m               `.:+@@###@'          [43m         [0m       
    [44m [0m    [44m        [0m          ,;'+###############.             [43m     [0m       
      [44m        [0m         +################':`                    [43m [0m        
      [44m     [0m              `.,,...####+.                                  
                                ,#####      +##.               [44m   [0m   [44m   [0m
 [43m    [0m                            #####      ######             [44m   [0m   [44m   [0m
 [43m    [0m                ###'        ####'     :#####'             [44m   [0m   [44m   [0m
 [43m    [0m                :####@      ####.    ,####'               [44m   [0m   [44m   [0m
 [43m    [0m                 ######     ####    +###+                 [44m   [0m   [44m   [0m
 [43m    [0m                  #####     ####   ###;                   [44m   [0m   [44m   [0m
 [43m    [0m                   :##      ####  ++`                     [44m   [0m   [44m   [0m
 [43m    [0m                            ####``..:;+##############+`   [44m   [0m   [44m   [0m
 [43m    [0m             .,:;;'++##################################`  [44m   [0m   [44m   [0m
 [43m    [0m    `############################++++''';;;;;;;;;;;'';    [44m   [0m   [44m   [0m
 [43m    [0m      ,########':,.``       ####                          [44m   [0m   [44m   [0m
 [43m    [0m                            ####                          [44m   [0m   [44m   [0m
 [43m    [0m                            ####                          [44m   [0m   [44m   [0m
 [43m    [0m                            ####                          [44m   [0m   [44m   [0m
 [43m    [0m                            ####                          [44m   [0m   [44m   [0m
 [43m    [0m                            ####                          [44m   [0m   [44m   [0m
 [43m    [0m                            ####                          [44m   [0m   [44m   [0m
 [43m    [0m                            ####                          [44m   [0m   [44m   [0m
      [44m    [0m                       ####                                   
     [44m        [0m                    ####                                   
    [44m [0m    [44m       [0m                 ####                       [43m     [0m       
   [44m     [0m    [44m        [0m             ####                    [43m        [0m       
   [44m        [0m    [44m        [0m          ###                  [43m         [0m         
      [44m        [0m    [44m        [0m        +`               [43m        [0m             
          [44m        [0m   [44m        [0m                   [43m        [0m                
             [44m        [0m   [44m         [0m           [43m         [0m                   
                [44m        [0m    [44m       [0m      [43m         [0m                      
                   [44m        [0m    [44m   [0m    [43m        [0m                          
                      [44m        [0m       [43m      [0m                             
                          [44m      [0m      [43m  [0m                                
                             [44m  [0m                                         

Reading options from file: optimize.in
#========================================================#
#| [95m  Options at their default values are not printed   [0m |#
#| [95m        Use 'verbose_options True' to Enable        [0m |#
#========================================================#
Reading force field from file: force-field.offxml
#=========================================================#
#| [92m Starting parameter indices, physical values and IDs [0m |#
#=========================================================#
   0 [  0.0000e+00 ] : ProperTorsions/Proper/k2/[#35H0X1x0!r+0A:1]-;!@[#6H2X4x0!r+0A:2](-;!@[#1H0X1x0!r+0A])(-;!@[#1H0X1x0!r+0A])-;!@[#8H1X2x0!r+0A:3]-;!@[#1H0X1x0!r+0A:4]
   1 [  6.9859e-01 ] : ProperTorsions/Proper/k3/[#35H0X1x0!r+0A:1]-;!@[#6H2X4x0!r+0A:2](-;!@[#1H0X1x0!r+0A])(-;!@[#1H0X1x0!r+0A])-;!@[#8H1X2x0!r+0A:3]-;!@[#1H0X1x0!r+0A:4]
   2 [  0.0000e+00 ] : ProperTorsions/Proper/k1/[#35H0X1x0!r+0A:1]-;!@[#6H2X4x0!r+0A:2](-;!@[#1H0X1x0!r+0A])(-;!@[#1H0X1x0!r+0A])-;!@[#8H1X2x0!r+0A:3]-;!@[#1H0X1x0!r+0A:4]
   3 [  0.0000e+00 ] : ProperTorsions/Proper/k4/[#35H0X1x0!r+0A:1]-;!@[#6H2X4x0!r+0A:2](-;!@[#1H0X1x0!r+0A])(-;!@[#1H0X1x0!r+0A])-;!@[#8H1X2x0!r+0A:3]-;!@[#1H0X1x0!r+0A:4]
   4 [  0.0000e+00 ] : ProperTorsions/Proper/k2/[#1H0X1x0!r+0A:1]-;!@[#6H2X4x0!r+0A:2](-;!@[#1H0X1x0!r+0A])(-;!@[#35H0X1x0!r+0A])-;!@[#8H1X2x0!r+0A:3]-;!@[#1H0X1x0!r+0A:4]
   5 [  6.9859e-01 ] : ProperTorsions/Proper/k3/[#1H0X1x0!r+0A:1]-;!@[#6H2X4x0!r+0A:2](-;!@[#1H0X1x0!r+0A])(-;!@[#35H0X1x0!r+0A])-;!@[#8H1X2x0!r+0A:3]-;!@[#1H0X1x0!r+0A:4]
   6 [  0.0000e+00 ] : ProperTorsions/Proper/k1/[#1H0X1x0!r+0A:1]-;!@[#6H2X4x0!r+0A:2](-;!@[#1H0X1x0!r+0A])(-;!@[#35H0X1x0!r+0A])-;!@[#8H1X2x0!r+0A:3]-;!@[#1H0X1x0!r+0A:4]
   7 [  0.0000e+00 ] : ProperTorsions/Proper/k4/[#1H0X1x0!r+0A:1]-;!@[#6H2X4x0!r+0A:2](-;!@[#1H0X1x0!r+0A])(-;!@[#35H0X1x0!r+0A])-;!@[#8H1X2x0!r+0A:3]-;!@[#1H0X1x0!r+0A:4]
-----------------------------------------------------------
#=========================================================#
#| [91m Rescaling Factors by Type (Lower Takes Precedence): [0m |#
#=========================================================#
   ProperTorsions/Proper/k2             : 1.00000e+00
   ProperTorsions/Proper/k3             : 6.98594e-01
   ProperTorsions/Proper/k1             : 1.00000e+00
   ProperTorsions/Proper/k4             : 1.00000e+00
   ProperTorsions/Proper/k              : 6.00000e+00
-----------------------------------------------------------
#========================================================#
#| [91m   Rescaling Types / Factors by Parameter Number:   [0m |#
#========================================================#
   0 [    ProperTorsions/Proper/k       : 6.00000e+00 ] : ProperTorsions/Proper/k2/[#35H0X1x0!r+0A:1]-;!@[#6H2X4x0!r+0A:2](-;!@[#1H0X1x0!r+0A])(-;!@[#1H0X1x0!r+0A])-;!@[#8H1X2x0!r+0A:3]-;!@[#1H0X1x0!r+0A:4]
   1 [    ProperTorsions/Proper/k       : 6.00000e+00 ] : ProperTorsions/Proper/k3/[#35H0X1x0!r+0A:1]-;!@[#6H2X4x0!r+0A:2](-;!@[#1H0X1x0!r+0A])(-;!@[#1H0X1x0!r+0A])-;!@[#8H1X2x0!r+0A:3]-;!@[#1H0X1x0!r+0A:4]
   2 [    ProperTorsions/Proper/k       : 6.00000e+00 ] : ProperTorsions/Proper/k1/[#35H0X1x0!r+0A:1]-;!@[#6H2X4x0!r+0A:2](-;!@[#1H0X1x0!r+0A])(-;!@[#1H0X1x0!r+0A])-;!@[#8H1X2x0!r+0A:3]-;!@[#1H0X1x0!r+0A:4]
   3 [    ProperTorsions/Proper/k       : 6.00000e+00 ] : ProperTorsions/Proper/k4/[#35H0X1x0!r+0A:1]-;!@[#6H2X4x0!r+0A:2](-;!@[#1H0X1x0!r+0A])(-;!@[#1H0X1x0!r+0A])-;!@[#8H1X2x0!r+0A:3]-;!@[#1H0X1x0!r+0A:4]
   4 [    ProperTorsions/Proper/k       : 6.00000e+00 ] : ProperTorsions/Proper/k2/[#1H0X1x0!r+0A:1]-;!@[#6H2X4x0!r+0A:2](-;!@[#1H0X1x0!r+0A])(-;!@[#35H0X1x0!r+0A])-;!@[#8H1X2x0!r+0A:3]-;!@[#1H0X1x0!r+0A:4]
   5 [    ProperTorsions/Proper/k       : 6.00000e+00 ] : ProperTorsions/Proper/k3/[#1H0X1x0!r+0A:1]-;!@[#6H2X4x0!r+0A:2](-;!@[#1H0X1x0!r+0A])(-;!@[#35H0X1x0!r+0A])-;!@[#8H1X2x0!r+0A:3]-;!@[#1H0X1x0!r+0A:4]
   6 [    ProperTorsions/Proper/k       : 6.00000e+00 ] : ProperTorsions/Proper/k1/[#1H0X1x0!r+0A:1]-;!@[#6H2X4x0!r+0A:2](-;!@[#1H0X1x0!r+0A])(-;!@[#35H0X1x0!r+0A])-;!@[#8H1X2x0!r+0A:3]-;!@[#1H0X1x0!r+0A:4]
   7 [    ProperTorsions/Proper/k       : 6.00000e+00 ] : ProperTorsions/Proper/k4/[#1H0X1x0!r+0A:1]-;!@[#6H2X4x0!r+0A:2](-;!@[#1H0X1x0!r+0A])(-;!@[#35H0X1x0!r+0A])-;!@[#8H1X2x0!r+0A:3]-;!@[#1H0X1x0!r+0A:4]
----------------------------------------------------------
#========================================================#
#| [92m               Setup for force field                [0m |#
#========================================================#
fnms                      ['force-field.offxml'] 
priors                    OrderedDict([('ProperTorsions/Proper/k', 6.0)]) 
----------------------------------------------------------
Referencing all energies to the snapshot 15 (minimum energy structure in QM)
#========================================================#
#| [92m            Setup for target torsion-0 :            [0m |#
#========================================================#
mol2                      ['input.sdf'] 
precision                 double 
platname                  Reference 
name                      torsion-0 
type                      TORSIONPROFILE_SMIRNOFF 
h                         0.01 
tgtdir                    targets/torsion-0 
writelevel                2 
attenuate                 True 
energy_upper              10.0 
----------------------------------------------------------
#========================================================#
#| [92m        SMIRNOFF Parameter Coverage Analysis        [0m |#
#========================================================#
Force field assignment data written to /Users/daniellebergaziin/host-torsions/bespoke-executor/8a8f6026-ba79-4ed3-ae1d-c7ff79f23313/smirnoff_parameter_assignments.json
 idx Parameter                                                                                                   Count
----------------------------------------------------------------------------------------------------------------------
   0 ProperTorsions/Proper/k2/[#35H0X1x0!r+0A:1]-;!@[#6H2X4x0!r+0A:2](-;!@[#1H0X1x0!r+0A])(-;!@[#1H0X1x0!r+0A])-;!@[#8H1X2x0!r+0A:3]-;!@[#1H0X1x0!r+0A:4] :          1
   1 ProperTorsions/Proper/k3/[#35H0X1x0!r+0A:1]-;!@[#6H2X4x0!r+0A:2](-;!@[#1H0X1x0!r+0A])(-;!@[#1H0X1x0!r+0A])-;!@[#8H1X2x0!r+0A:3]-;!@[#1H0X1x0!r+0A:4] :          1
   2 ProperTorsions/Proper/k1/[#35H0X1x0!r+0A:1]-;!@[#6H2X4x0!r+0A:2](-;!@[#1H0X1x0!r+0A])(-;!@[#1H0X1x0!r+0A])-;!@[#8H1X2x0!r+0A:3]-;!@[#1H0X1x0!r+0A:4] :          1
   3 ProperTorsions/Proper/k4/[#35H0X1x0!r+0A:1]-;!@[#6H2X4x0!r+0A:2](-;!@[#1H0X1x0!r+0A])(-;!@[#1H0X1x0!r+0A])-;!@[#8H1X2x0!r+0A:3]-;!@[#1H0X1x0!r+0A:4] :          1
   4 ProperTorsions/Proper/k2/[#1H0X1x0!r+0A:1]-;!@[#6H2X4x0!r+0A:2](-;!@[#1H0X1x0!r+0A])(-;!@[#35H0X1x0!r+0A])-;!@[#8H1X2x0!r+0A:3]-;!@[#1H0X1x0!r+0A:4] :          2
   5 ProperTorsions/Proper/k3/[#1H0X1x0!r+0A:1]-;!@[#6H2X4x0!r+0A:2](-;!@[#1H0X1x0!r+0A])(-;!@[#35H0X1x0!r+0A])-;!@[#8H1X2x0!r+0A:3]-;!@[#1H0X1x0!r+0A:4] :          2
   6 ProperTorsions/Proper/k1/[#1H0X1x0!r+0A:1]-;!@[#6H2X4x0!r+0A:2](-;!@[#1H0X1x0!r+0A])(-;!@[#35H0X1x0!r+0A])-;!@[#8H1X2x0!r+0A:3]-;!@[#1H0X1x0!r+0A:4] :          2
   7 ProperTorsions/Proper/k4/[#1H0X1x0!r+0A:1]-;!@[#6H2X4x0!r+0A:2](-;!@[#1H0X1x0!r+0A])(-;!@[#35H0X1x0!r+0A])-;!@[#8H1X2x0!r+0A:3]-;!@[#1H0X1x0!r+0A:4] :          2
SNIRNOFF Parameter Coverage Analysis result: 8/8 parameters are covered.
----------------------------------------------------------------------------------------------------------------------
L1 norm uses the hyperbolic penalty, make sure penalty_hyperbolic_b is set sufficiently small
#========================================================#
#| [92m           Setup for objective function :           [0m |#
#========================================================#
penalty_type              L1 
penalty_additive          1.0 
normalize_weights         False 
----------------------------------------------------------
#========================================================#
#| [92m                Setup for optimizer                 [0m |#
#========================================================#
jobtype                   OPTIMIZE 
trust0                    -0.25 
mintrust                  0.05 
eps                       0.01 
h                         0.01 
h0                        0.01 
convergence_objective     0.01 
convergence_step          0.01 
convergence_gradient      0.01 
maxstep                   10 
adapt_fac                 0.2 
adapt_damp                1.0 
err_tol                   1.0 
input_file                optimize.in 
criteria                  2 
----------------------------------------------------------
Calculation started at 2021-11-11 01:08 PM
#========================================================#
#| [1m                  Main Optimizer                    [0m |#
#| [1m  Newton-Raphson Method (Hessian Diagonal Search)   [0m |#
#| [1m                                                    [0m |#
#| [1m       [0mConvergence criteria (2 of 3 needed):        [0m |#
#| [1m          [0mObjective Function  : 1.000e-02           [0m |#
#| [1m          [0mNorm of Gradient    : 1.000e-02           [0m |#
#| [1m          [0mParameter step size : 1.000e-02           [0m |#
#========================================================#
#========================================================#
#|       Color Key for Objective Function -=X2=-        |#
#|  [1mBold[0m = Initial step                                 |#
#|  [92mGreen = Current lowest value of objective function[0m  |#
#|  [91mRed = Objective function rises, step rejected[0m       |#
#|  [0mNo color = Not at the lowest value                  |#
#========================================================#
#========================================================#
#| [94m     Iteration 0: Evaluating objective function     [0m |#
#| [94m        and derivatives through second order        [0m |#
#========================================================#

#==================================================================================================================================================#
#| [92m                               Torsion Profile: torsion-0, Objective =  2.77422e+00, Units = kcal/mol, Angstrom                               [0m |#
#| [92m System                                             Min(QM)    Min(MM)      Range(QM)          Range(MM)    Max-RMSD   Ene-RMSE    Obj-Fn     [0m |#
#==================================================================================================================================================#
torsion-0                                                  60        -45     0.000 - 5.237    -0.163 - 5.364      0.040     1.6656    2.7742 
----------------------------------------------------------------------------------------------------------------------------------------------------
#====================================================================#
#| [94m                  Objective Function Breakdown                  [0m |#
#| [94m  Target Name              Residual  x  Weight  =  Contribution [0m |#
#====================================================================#
torsion-0                      2.77422      1.000 [94m     2.77422e+00[0m 
Regularization                 0.00000      1.000 [94m     0.00000e+00[0m 
Total                                             [94m     2.77422e+00[0m 
----------------------------------------------------------------------

  Step       |k|        |dk|       |grad|       -=X2=-     Delta(X2)    StepQual
     0   0.000e+00   0.000e+00   2.444e+01[1m   2.77422e+00[0m   0.000e+00      0.000

#========================================================#
#| [94m                   Total Gradient                   [0m |#
#========================================================#
   0 [  1.08987420e+01 ] : ProperTorsions/Proper/k2/[#35H0X1x0!r+0A:1]-;!@[#6H2X4x0!r+0A:2](-;!@[#1H0X1x0!r+0A])(-;!@[#1H0X1x0!r+0A])-;!@[#8H1X2x0!r+0A:3]-;!@[#1H0X1x0!r+0A:4]
   1 [  6.88003545e+00 ] : ProperTorsions/Proper/k3/[#35H0X1x0!r+0A:1]-;!@[#6H2X4x0!r+0A:2](-;!@[#1H0X1x0!r+0A])(-;!@[#1H0X1x0!r+0A])-;!@[#8H1X2x0!r+0A:3]-;!@[#1H0X1x0!r+0A:4]
   2 [ -3.49812157e+00 ] : ProperTorsions/Proper/k1/[#35H0X1x0!r+0A:1]-;!@[#6H2X4x0!r+0A:2](-;!@[#1H0X1x0!r+0A])(-;!@[#1H0X1x0!r+0A])-;!@[#8H1X2x0!r+0A:3]-;!@[#1H0X1x0!r+0A:4]
   3 [ -7.60185549e+00 ] : ProperTorsions/Proper/k4/[#35H0X1x0!r+0A:1]-;!@[#6H2X4x0!r+0A:2](-;!@[#1H0X1x0!r+0A])(-;!@[#1H0X1x0!r+0A])-;!@[#8H1X2x0!r+0A:3]-;!@[#1H0X1x0!r+0A:4]
   4 [ -1.03134548e+01 ] : ProperTorsions/Proper/k2/[#1H0X1x0!r+0A:1]-;!@[#6H2X4x0!r+0A:2](-;!@[#1H0X1x0!r+0A])(-;!@[#35H0X1x0!r+0A])-;!@[#8H1X2x0!r+0A:3]-;!@[#1H0X1x0!r+0A:4]
   5 [  1.26243748e+01 ] : ProperTorsions/Proper/k3/[#1H0X1x0!r+0A:1]-;!@[#6H2X4x0!r+0A:2](-;!@[#1H0X1x0!r+0A])(-;!@[#35H0X1x0!r+0A])-;!@[#8H1X2x0!r+0A:3]-;!@[#1H0X1x0!r+0A:4]
   6 [  3.30432208e+00 ] : ProperTorsions/Proper/k1/[#1H0X1x0!r+0A:1]-;!@[#6H2X4x0!r+0A:2](-;!@[#1H0X1x0!r+0A])(-;!@[#35H0X1x0!r+0A])-;!@[#8H1X2x0!r+0A:3]-;!@[#1H0X1x0!r+0A:4]
   7 [  9.18038570e+00 ] : ProperTorsions/Proper/k4/[#1H0X1x0!r+0A:1]-;!@[#6H2X4x0!r+0A:2](-;!@[#1H0X1x0!r+0A])(-;!@[#35H0X1x0!r+0A])-;!@[#8H1X2x0!r+0A:3]-;!@[#1H0X1x0!r+0A:4]
----------------------------------------------------------
Calculating nonlinear optimization step
Hessian has a small or negative eigenvalue (4.5e-08), mixing in some steepest descent (1.0e-02) to correct this.
Eigenvalues are:
 4.5e-08  1.7e-02  9.8e-02  2.0e-01  3.8e+01  4.6e+01  9.6e+01  4.6e+02 
0.020 s (L-BFGS 1) 0.029 s (L-BFGS 2) 0.021 s (L-BFGS 1) 0.022 s (L-BFGS 2) Finding trust radius: H+0.0000*I, length 3.2732e-01 (target 2.5000e-01)
0.014 s (L-BFGS 1) 0.016 s (L-BFGS 2) Finding trust radius: H+9.0000*I, length 2.3158e-01 (target 2.5000e-01)
0.004 s (L-BFGS 1) 0.004 s (L-BFGS 2) Finding trust radius: H+61.6869*I, length 1.2953e-01 (target 2.5000e-01)
0.012 s (L-BFGS 1) 0.012 s (L-BFGS 2) Finding trust radius: H+9.0000*I, length 2.3158e-01 (target 2.5000e-01)
0.008 s (L-BFGS 1) 0.007 s (L-BFGS 2) Finding trust radius: H+23.5623*I, length 1.8801e-01 (target 2.5000e-01)
0.009 s (L-BFGS 1) 0.010 s (L-BFGS 2) Finding trust radius: H+3.4377*I, length 2.5420e-01 (target 2.5000e-01)
0.014 s (L-BFGS 1) 0.013 s (L-BFGS 2) Finding trust radius: H+4.6892*I, length 2.4865e-01 (target 2.5000e-01)
0.012 s (L-BFGS 1) 0.011 s (L-BFGS 2) Finding trust radius: H+4.3003*I, length 2.5055e-01 (target 2.5000e-01)
0.008 s (L-BFGS 1) 0.008 s (L-BFGS 2) Finding trust radius: H+4.3786*I, length 2.5008e-01 (target 2.5000e-01)
0.008 s (L-BFGS 1) 0.008 s (L-BFGS 2) Finding trust radius: H+4.4137*I, length 2.4993e-01 (target 2.5000e-01)
0.011 s (L-BFGS 1) 0.012 s (L-BFGS 2) Finding trust radius: H+4.3970*I, length 2.5002e-01 (target 2.5000e-01)
0.009 s (L-BFGS 1) 0.009 s (L-BFGS 2) Finding trust radius: H+4.3983*I, length 2.5000e-01 (target 2.5000e-01)
0.014 s (L-BFGS 1) 0.015 s (L-BFGS 2) Finding trust radius: H+4.4015*I, length 2.4991e-01 (target 2.5000e-01)
0.010 s (L-BFGS 1) 0.009 s (L-BFGS 2) Finding trust radius: H+4.3996*I, length 2.4998e-01 (target 2.5000e-01)
0.010 s (L-BFGS 1) 0.009 s (L-BFGS 2) Starting Hessian diagonal search with step size 2.5000e-01
0.010 s (L-BFGS 1) 0.009 s (L-BFGS 2) Hessian diagonal search: H+4.3983*I, length 2.5000e-01, result -2.2639e+00
0.001 s (L-BFGS 1) 0.001 s (L-BFGS 2) Hessian diagonal search: H+129.7051*I, length 8.5352e-02, result -1.3122e+00
0.001 s (L-BFGS 1) 0.001 s (L-BFGS 2) Hessian diagonal search: H+167.3644*I, length 7.2299e-02, result -1.1610e+00
0.011 s (L-BFGS 1) 0.013 s (L-BFGS 2) Hessian diagonal search: H+4.3983*I, length 2.5000e-01, result -2.2639e+00
0.009 s (L-BFGS 1) 0.014 s (L-BFGS 2) Hessian diagonal search: H+13.2884*I, length 2.1675e-01, result -2.1982e+00
0.005 s (L-BFGS 1) 0.005 s (L-BFGS 2) Hessian diagonal search: H+31.8805*I, length 1.7058e-01, result -2.0074e+00
0.027 s (L-BFGS 1) 0.031 s (L-BFGS 2) Hessian diagonal search: H+0.0194*I, length 3.0602e-01, result -2.2769e+00
0.012 s (L-BFGS 1) 0.009 s (L-BFGS 2) Hessian diagonal search: H+0.1487*I, length 2.7026e-01, result -2.2748e+00
0.020 s (L-BFGS 1) 0.015 s (L-BFGS 2) Hessian diagonal search: H+2.1858*I, length 2.6011e-01, result -2.2721e+00
0.013 s (L-BFGS 1) 0.015 s (L-BFGS 2) Hessian diagonal search: H+0.1391*I, length 2.7031e-01, result -2.2748e+00
0.023 s (L-BFGS 1) 0.029 s (L-BFGS 2) Hessian diagonal search: H+0.0000*I, length 3.2726e-01, result -2.2775e+00
0.014 s (L-BFGS 1) 0.015 s (L-BFGS 2) Hessian diagonal search: H+0.0007*I, length 2.7104e-01, result -2.2748e+00
0.025 s (L-BFGS 1) 0.021 s (L-BFGS 2) Hessian diagonal search: H+0.0024*I, length 3.2373e-01, result -2.2774e+00
0.028 s (L-BFGS 1) 0.023 s (L-BFGS 2) Hessian diagonal search: H+0.0001*I, length 3.2721e-01, result -2.2775e+00
0.024 s (L-BFGS 1) 0.025 s (L-BFGS 2) Hessian diagonal search: H+0.0000*I, length 3.2730e-01, result -2.2775e+00
0.014 s (L-BFGS 1) 0.011 s (L-BFGS 2) Hessian diagonal search: H+0.0004*I, length 2.7105e-01, result -2.2748e+00
0.028 s (L-BFGS 1) 0.029 s (L-BFGS 2) Hessian diagonal search: H+0.0000*I, length 3.2730e-01, result -2.2775e+00
0.021 s (L-BFGS 1) 0.027 s (L-BFGS 2) Hessian diagonal search: H+0.0000*I, length 3.2729e-01, result -2.2775e+00
0.022 s (L-BFGS 1) 0.028 s (L-BFGS 2) Hessian diagonal search: H+0.0000*I, length 3.2730e-01, result -2.2775e+00
0.032 s (L-BFGS 1) 0.026 s (L-BFGS 2) Hessian diagonal search: H+0.0000*I, length 3.2730e-01, result -2.2775e+00
0.031 s (L-BFGS 1) 0.027 s (L-BFGS 2) Hessian diagonal search: H+0.0000*I, length 3.2728e-01, result -2.2775e+00
0.029 s (L-BFGS 1) 0.030 s (L-BFGS 2) Hessian diagonal search: H+0.0000*I, length 3.2732e-01, result -2.2775e+00
0.036 s (L-BFGS 1) 0.027 s (L-BFGS 2) Hessian diagonal search: H+0.0000*I, length 3.2731e-01, result -2.2775e+00
0.028 s (L-BFGS 1) 0.025 s (L-BFGS 2) Optimization step found (length 3.2732e-01)
#========================================================#
#| [95m  Mathematical Parameters (Current + Step = Next)   [0m |#
#========================================================#
   0 [  0.0000e+00 - 3.1388e-01 = -3.1388e-01 ] : ProperTorsions/Proper/k2/[#35H0X1x0!r+0A:1]-;!@[#6H2X4x0!r+0A:2](-;!@[#1H0X1x0!r+0A])(-;!@[#1H0X1x0!r+0A])-;!@[#8H1X2x0!r+0A:3]-;!@[#1H0X1x0!r+0A:4]
   1 [  0.0000e+00 - 6.8933e-07 = -6.8933e-07 ] : ProperTorsions/Proper/k3/[#35H0X1x0!r+0A:1]-;!@[#6H2X4x0!r+0A:2](-;!@[#1H0X1x0!r+0A])(-;!@[#1H0X1x0!r+0A])-;!@[#8H1X2x0!r+0A:3]-;!@[#1H0X1x0!r+0A:4]
   2 [  0.0000e+00 - 7.2020e-07 = -7.2020e-07 ] : ProperTorsions/Proper/k1/[#35H0X1x0!r+0A:1]-;!@[#6H2X4x0!r+0A:2](-;!@[#1H0X1x0!r+0A])(-;!@[#1H0X1x0!r+0A])-;!@[#8H1X2x0!r+0A:3]-;!@[#1H0X1x0!r+0A:4]
   3 [  0.0000e+00 + 2.4817e-06 =  2.4817e-06 ] : ProperTorsions/Proper/k4/[#35H0X1x0!r+0A:1]-;!@[#6H2X4x0!r+0A:2](-;!@[#1H0X1x0!r+0A])(-;!@[#1H0X1x0!r+0A])-;!@[#8H1X2x0!r+0A:3]-;!@[#1H0X1x0!r+0A:4]
   4 [  0.0000e+00 + 4.3644e-02 =  4.3644e-02 ] : ProperTorsions/Proper/k2/[#1H0X1x0!r+0A:1]-;!@[#6H2X4x0!r+0A:2](-;!@[#1H0X1x0!r+0A])(-;!@[#35H0X1x0!r+0A])-;!@[#8H1X2x0!r+0A:3]-;!@[#1H0X1x0!r+0A:4]
   5 [  0.0000e+00 - 8.1123e-02 = -8.1123e-02 ] : ProperTorsions/Proper/k3/[#1H0X1x0!r+0A:1]-;!@[#6H2X4x0!r+0A:2](-;!@[#1H0X1x0!r+0A])(-;!@[#35H0X1x0!r+0A])-;!@[#8H1X2x0!r+0A:3]-;!@[#1H0X1x0!r+0A:4]
   6 [  0.0000e+00 + 8.1130e-07 =  8.1130e-07 ] : ProperTorsions/Proper/k1/[#1H0X1x0!r+0A:1]-;!@[#6H2X4x0!r+0A:2](-;!@[#1H0X1x0!r+0A])(-;!@[#35H0X1x0!r+0A])-;!@[#8H1X2x0!r+0A:3]-;!@[#1H0X1x0!r+0A:4]
   7 [  0.0000e+00 - 1.1499e-02 = -1.1499e-02 ] : ProperTorsions/Proper/k4/[#1H0X1x0!r+0A:1]-;!@[#6H2X4x0!r+0A:2](-;!@[#1H0X1x0!r+0A])(-;!@[#35H0X1x0!r+0A])-;!@[#8H1X2x0!r+0A:3]-;!@[#1H0X1x0!r+0A:4]
----------------------------------------------------------
#========================================================#
#| [95m    Physical Parameters (Current + Step = Next)     [0m |#
#========================================================#
   0 [  0.0000e+00 - 1.8833e+00 = -1.8833e+00 ] : ProperTorsions/Proper/k2/[#35H0X1x0!r+0A:1]-;!@[#6H2X4x0!r+0A:2](-;!@[#1H0X1x0!r+0A])(-;!@[#1H0X1x0!r+0A])-;!@[#8H1X2x0!r+0A:3]-;!@[#1H0X1x0!r+0A:4]
   1 [  6.9859e-01 - 4.1360e-06 =  6.9859e-01 ] : ProperTorsions/Proper/k3/[#35H0X1x0!r+0A:1]-;!@[#6H2X4x0!r+0A:2](-;!@[#1H0X1x0!r+0A])(-;!@[#1H0X1x0!r+0A])-;!@[#8H1X2x0!r+0A:3]-;!@[#1H0X1x0!r+0A:4]
   2 [  0.0000e+00 - 4.3212e-06 = -4.3212e-06 ] : ProperTorsions/Proper/k1/[#35H0X1x0!r+0A:1]-;!@[#6H2X4x0!r+0A:2](-;!@[#1H0X1x0!r+0A])(-;!@[#1H0X1x0!r+0A])-;!@[#8H1X2x0!r+0A:3]-;!@[#1H0X1x0!r+0A:4]
   3 [  0.0000e+00 + 1.4890e-05 =  1.4890e-05 ] : ProperTorsions/Proper/k4/[#35H0X1x0!r+0A:1]-;!@[#6H2X4x0!r+0A:2](-;!@[#1H0X1x0!r+0A])(-;!@[#1H0X1x0!r+0A])-;!@[#8H1X2x0!r+0A:3]-;!@[#1H0X1x0!r+0A:4]
   4 [  0.0000e+00 + 2.6186e-01 =  2.6186e-01 ] : ProperTorsions/Proper/k2/[#1H0X1x0!r+0A:1]-;!@[#6H2X4x0!r+0A:2](-;!@[#1H0X1x0!r+0A])(-;!@[#35H0X1x0!r+0A])-;!@[#8H1X2x0!r+0A:3]-;!@[#1H0X1x0!r+0A:4]
   5 [  6.9859e-01 - 4.8674e-01 =  2.1185e-01 ] : ProperTorsions/Proper/k3/[#1H0X1x0!r+0A:1]-;!@[#6H2X4x0!r+0A:2](-;!@[#1H0X1x0!r+0A])(-;!@[#35H0X1x0!r+0A])-;!@[#8H1X2x0!r+0A:3]-;!@[#1H0X1x0!r+0A:4]
   6 [  0.0000e+00 + 4.8678e-06 =  4.8678e-06 ] : ProperTorsions/Proper/k1/[#1H0X1x0!r+0A:1]-;!@[#6H2X4x0!r+0A:2](-;!@[#1H0X1x0!r+0A])(-;!@[#35H0X1x0!r+0A])-;!@[#8H1X2x0!r+0A:3]-;!@[#1H0X1x0!r+0A:4]
   7 [  0.0000e+00 - 6.8995e-02 = -6.8995e-02 ] : ProperTorsions/Proper/k4/[#1H0X1x0!r+0A:1]-;!@[#6H2X4x0!r+0A:2](-;!@[#1H0X1x0!r+0A])(-;!@[#35H0X1x0!r+0A])-;!@[#8H1X2x0!r+0A:3]-;!@[#1H0X1x0!r+0A:4]
----------------------------------------------------------
Input file with saved parameters: optimize.sav
#========================================================#
#| [94m     Iteration 1: Evaluating objective function     [0m |#
#| [94m        and derivatives through second order        [0m |#
#========================================================#

#==================================================================================================================================================#
#| [92m                               Torsion Profile: torsion-0, Objective =  4.65416e-02, Units = kcal/mol, Angstrom                               [0m |#
#| [92m System                                             Min(QM)    Min(MM)      Range(QM)          Range(MM)    Max-RMSD   Ene-RMSE    Obj-Fn     [0m |#
#==================================================================================================================================================#
torsion-0                                                  60        -60     0.000 - 5.237    -0.022 - 4.574      0.041     0.2157    0.0465 
----------------------------------------------------------------------------------------------------------------------------------------------------
#===================================================================================#
#| [94m                         Objective Function Breakdown                          [0m |#
#| [94m  Target Name              Residual  x  Weight  =  Contribution (Current-Prev) [0m |#
#===================================================================================#
torsion-0                      0.04654      1.000 [92m     4.65416e-02[0m ( -2.728e+00 ) 
Regularization                 0.45015      1.000 [91m     4.50147e-01[0m ( +4.501e-01 ) 
Total                                             [92m     4.96689e-01[0m ( -2.278e+00 ) 
-------------------------------------------------------------------------------------
Creating the directory /Users/daniellebergaziin/host-torsions/bespoke-executor/8a8f6026-ba79-4ed3-ae1d-c7ff79f23313/result/optimize to print the force field
#========================================================================#
#|  The force field has been written to the result/optimize directory.  |#
#|    Input file with optimization parameters saved to optimize.sav.    |#
#========================================================================#

  Step       |k|        |dk|       |grad|       -=X2=-     Delta(X2)    StepQual
     1   3.273e-01   3.273e-01   5.071e-01[92m   4.96689e-01[0m  -2.278e+00      1.000

#========================================================#
#| [94m                   Total Gradient                   [0m |#
#========================================================#
   0 [  5.40484258e-02 ] : ProperTorsions/Proper/k2/[#35H0X1x0!r+0A:1]-;!@[#6H2X4x0!r+0A:2](-;!@[#1H0X1x0!r+0A])(-;!@[#1H0X1x0!r+0A])-;!@[#8H1X2x0!r+0A:3]-;!@[#1H0X1x0!r+0A:4]
   1 [ -2.21996441e-01 ] : ProperTorsions/Proper/k3/[#35H0X1x0!r+0A:1]-;!@[#6H2X4x0!r+0A:2](-;!@[#1H0X1x0!r+0A])(-;!@[#1H0X1x0!r+0A])-;!@[#8H1X2x0!r+0A:3]-;!@[#1H0X1x0!r+0A:4]
   2 [  7.69380469e-02 ] : ProperTorsions/Proper/k1/[#35H0X1x0!r+0A:1]-;!@[#6H2X4x0!r+0A:2](-;!@[#1H0X1x0!r+0A])(-;!@[#1H0X1x0!r+0A])-;!@[#8H1X2x0!r+0A:3]-;!@[#1H0X1x0!r+0A:4]
   3 [  1.76240589e-01 ] : ProperTorsions/Proper/k4/[#35H0X1x0!r+0A:1]-;!@[#6H2X4x0!r+0A:2](-;!@[#1H0X1x0!r+0A])(-;!@[#1H0X1x0!r+0A])-;!@[#8H1X2x0!r+0A:3]-;!@[#1H0X1x0!r+0A:4]
   4 [ -2.69687686e-02 ] : ProperTorsions/Proper/k2/[#1H0X1x0!r+0A:1]-;!@[#6H2X4x0!r+0A:2](-;!@[#1H0X1x0!r+0A])(-;!@[#35H0X1x0!r+0A])-;!@[#8H1X2x0!r+0A:3]-;!@[#1H0X1x0!r+0A:4]
   5 [ -3.74953054e-01 ] : ProperTorsions/Proper/k3/[#1H0X1x0!r+0A:1]-;!@[#6H2X4x0!r+0A:2](-;!@[#1H0X1x0!r+0A])(-;!@[#35H0X1x0!r+0A])-;!@[#8H1X2x0!r+0A:3]-;!@[#1H0X1x0!r+0A:4]
   6 [ -4.92735872e-02 ] : ProperTorsions/Proper/k1/[#1H0X1x0!r+0A:1]-;!@[#6H2X4x0!r+0A:2](-;!@[#1H0X1x0!r+0A])(-;!@[#35H0X1x0!r+0A])-;!@[#8H1X2x0!r+0A:3]-;!@[#1H0X1x0!r+0A:4]
   7 [ -1.55496579e-01 ] : ProperTorsions/Proper/k4/[#1H0X1x0!r+0A:1]-;!@[#6H2X4x0!r+0A:2](-;!@[#1H0X1x0!r+0A])(-;!@[#35H0X1x0!r+0A])-;!@[#8H1X2x0!r+0A:3]-;!@[#1H0X1x0!r+0A:4]
----------------------------------------------------------
Calculating nonlinear optimization step
Hessian has a small or negative eigenvalue (5.7e-08), mixing in some steepest descent (1.0e-02) to correct this.
Eigenvalues are:
 5.7e-08  1.3e-03  8.4e-03  4.5e-02  3.7e+01  4.7e+01  9.6e+01  4.8e+02 
0.039 s (L-BFGS 1) 0.029 s (L-BFGS 2) Starting Hessian diagonal search with step size 6.0499e-02
0.035 s (L-BFGS 1) 0.031 s (L-BFGS 2) Hessian diagonal search: H+0.0000*I, length 6.0499e-02, result -1.1193e-03
0.025 s (L-BFGS 1) 0.014 s (L-BFGS 2) Hessian diagonal search: H+9.0000*I, length 2.1294e-03, result -2.7183e-04
0.008 s (L-BFGS 1) 0.012 s (L-BFGS 2) Hessian diagonal search: H+23.5623*I, length 1.3592e-03, result -2.5428e-04
0.049 s (L-BFGS 1) 0.027 s (L-BFGS 2) Hessian diagonal search: H+0.0000*I, length 6.0499e-02, result -1.1193e-03
0.021 s (L-BFGS 1) 0.011 s (L-BFGS 2) Hessian diagonal search: H+3.4377*I, length 4.5284e-03, result -3.1089e-04
0.034 s (L-BFGS 1) 0.017 s (L-BFGS 2) Hessian diagonal search: H+1.3131*I, length 1.1227e-02, result -4.1021e-04
0.037 s (L-BFGS 1) 0.042 s (L-BFGS 2) Hessian diagonal search: H+0.0943*I, length 6.0401e-02, result -1.1192e-03
0.035 s (L-BFGS 1) 0.044 s (L-BFGS 2) Hessian diagonal search: H+0.0234*I, length 6.0473e-02, result -1.1193e-03
0.048 s (L-BFGS 1) 0.051 s (L-BFGS 2) Hessian diagonal search: H+0.0094*I, length 6.0489e-02, result -1.1193e-03
0.031 s (L-BFGS 1) 0.034 s (L-BFGS 2) Hessian diagonal search: H+0.0449*I, length 6.0452e-02, result -1.1193e-03
0.029 s (L-BFGS 1) 0.049 s (L-BFGS 2) Hessian diagonal search: H+0.0250*I, length 6.0473e-02, result -1.1193e-03
0.047 s (L-BFGS 1) 0.042 s (L-BFGS 2) Hessian diagonal search: H+0.0173*I, length 6.0481e-02, result -1.1193e-03
0.030 s (L-BFGS 1) 0.028 s (L-BFGS 2) Hessian diagonal search: H+0.0215*I, length 6.0480e-02, result -1.1193e-03
0.043 s (L-BFGS 1) 0.036 s (L-BFGS 2) Hessian diagonal search: H+0.0224*I, length 6.0475e-02, result -1.1193e-03
0.036 s (L-BFGS 1) 0.037 s (L-BFGS 2) Hessian diagonal search: H+0.0199*I, length 6.0478e-02, result -1.1193e-03
0.011 s (L-BFGS 1) 0.027 s (L-BFGS 2) Hessian diagonal search: H+0.0209*I, length 6.0478e-02, result -1.1193e-03
0.043 s (L-BFGS 1) 0.039 s (L-BFGS 2) Hessian diagonal search: H+0.0219*I, length 6.0475e-02, result -1.1193e-03
0.047 s (L-BFGS 1) 0.080 s (L-BFGS 2) Hessian diagonal search: H+0.0213*I, length 6.0477e-02, result -1.1193e-03
0.033 s (L-BFGS 1) 0.043 s (L-BFGS 2) Hessian diagonal search: H+0.0216*I, length 6.0476e-02, result -1.1193e-03
0.056 s (L-BFGS 1) 0.036 s (L-BFGS 2) Hessian diagonal search: H+0.0214*I, length 6.0477e-02, result -1.1193e-03
0.028 s (L-BFGS 1) 0.041 s (L-BFGS 2) Hessian diagonal search: H+0.0216*I, length 6.0477e-02, result -1.1193e-03
0.041 s (L-BFGS 1) 0.032 s (L-BFGS 2) Hessian diagonal search: H+0.0215*I, length 6.0476e-02, result -1.1193e-03
0.033 s (L-BFGS 1) 0.041 s (L-BFGS 2) Hessian diagonal search: H+0.0214*I, length 6.0476e-02, result -1.1193e-03
0.044 s (L-BFGS 1) 0.040 s (L-BFGS 2) Optimization step found (length 6.0476e-02)
#========================================================#
#| [95m  Mathematical Parameters (Current + Step = Next)   [0m |#
#========================================================#
   0 [ -3.1388e-01 - 4.1830e-02 = -3.5571e-01 ] : ProperTorsions/Proper/k2/[#35H0X1x0!r+0A:1]-;!@[#6H2X4x0!r+0A:2](-;!@[#1H0X1x0!r+0A])(-;!@[#1H0X1x0!r+0A])-;!@[#8H1X2x0!r+0A:3]-;!@[#1H0X1x0!r+0A:4]
   1 [ -6.8933e-07 + 5.0953e-08 = -6.3838e-07 ] : ProperTorsions/Proper/k3/[#35H0X1x0!r+0A:1]-;!@[#6H2X4x0!r+0A:2](-;!@[#1H0X1x0!r+0A])(-;!@[#1H0X1x0!r+0A])-;!@[#8H1X2x0!r+0A:3]-;!@[#1H0X1x0!r+0A:4]
   2 [ -7.2020e-07 - 1.1338e-07 = -8.3359e-07 ] : ProperTorsions/Proper/k1/[#35H0X1x0!r+0A:1]-;!@[#6H2X4x0!r+0A:2](-;!@[#1H0X1x0!r+0A])(-;!@[#1H0X1x0!r+0A])-;!@[#8H1X2x0!r+0A:3]-;!@[#1H0X1x0!r+0A:4]
   3 [  2.4817e-06 - 5.8352e-07 =  1.8981e-06 ] : ProperTorsions/Proper/k4/[#35H0X1x0!r+0A:1]-;!@[#6H2X4x0!r+0A:2](-;!@[#1H0X1x0!r+0A])(-;!@[#1H0X1x0!r+0A])-;!@[#8H1X2x0!r+0A:3]-;!@[#1H0X1x0!r+0A:4]
   4 [  4.3644e-02 - 4.3639e-02 =  5.4537e-06 ] : ProperTorsions/Proper/k2/[#1H0X1x0!r+0A:1]-;!@[#6H2X4x0!r+0A:2](-;!@[#1H0X1x0!r+0A])(-;!@[#35H0X1x0!r+0A])-;!@[#8H1X2x0!r+0A:3]-;!@[#1H0X1x0!r+0A:4]
   5 [ -8.1123e-02 + 8.3170e-05 = -8.1040e-02 ] : ProperTorsions/Proper/k3/[#1H0X1x0!r+0A:1]-;!@[#6H2X4x0!r+0A:2](-;!@[#1H0X1x0!r+0A])(-;!@[#35H0X1x0!r+0A])-;!@[#8H1X2x0!r+0A:3]-;!@[#1H0X1x0!r+0A:4]
   6 [  8.1130e-07 + 4.3795e-08 =  8.5509e-07 ] : ProperTorsions/Proper/k1/[#1H0X1x0!r+0A:1]-;!@[#6H2X4x0!r+0A:2](-;!@[#1H0X1x0!r+0A])(-;!@[#35H0X1x0!r+0A])-;!@[#8H1X2x0!r+0A:3]-;!@[#1H0X1x0!r+0A:4]
   7 [ -1.1499e-02 + 1.8216e-03 = -9.6775e-03 ] : ProperTorsions/Proper/k4/[#1H0X1x0!r+0A:1]-;!@[#6H2X4x0!r+0A:2](-;!@[#1H0X1x0!r+0A])(-;!@[#35H0X1x0!r+0A])-;!@[#8H1X2x0!r+0A:3]-;!@[#1H0X1x0!r+0A:4]
----------------------------------------------------------
#========================================================#
#| [95m    Physical Parameters (Current + Step = Next)     [0m |#
#========================================================#
   0 [ -1.8833e+00 - 2.5098e-01 = -2.1343e+00 ] : ProperTorsions/Proper/k2/[#35H0X1x0!r+0A:1]-;!@[#6H2X4x0!r+0A:2](-;!@[#1H0X1x0!r+0A])(-;!@[#1H0X1x0!r+0A])-;!@[#8H1X2x0!r+0A:3]-;!@[#1H0X1x0!r+0A:4]
   1 [  6.9859e-01 + 3.0572e-07 =  6.9859e-01 ] : ProperTorsions/Proper/k3/[#35H0X1x0!r+0A:1]-;!@[#6H2X4x0!r+0A:2](-;!@[#1H0X1x0!r+0A])(-;!@[#1H0X1x0!r+0A])-;!@[#8H1X2x0!r+0A:3]-;!@[#1H0X1x0!r+0A:4]
   2 [ -4.3212e-06 - 6.8030e-07 = -5.0015e-06 ] : ProperTorsions/Proper/k1/[#35H0X1x0!r+0A:1]-;!@[#6H2X4x0!r+0A:2](-;!@[#1H0X1x0!r+0A])(-;!@[#1H0X1x0!r+0A])-;!@[#8H1X2x0!r+0A:3]-;!@[#1H0X1x0!r+0A:4]
   3 [  1.4890e-05 - 3.5011e-06 =  1.1389e-05 ] : ProperTorsions/Proper/k4/[#35H0X1x0!r+0A:1]-;!@[#6H2X4x0!r+0A:2](-;!@[#1H0X1x0!r+0A])(-;!@[#1H0X1x0!r+0A])-;!@[#8H1X2x0!r+0A:3]-;!@[#1H0X1x0!r+0A:4]
   4 [  2.6186e-01 - 2.6183e-01 =  3.2722e-05 ] : ProperTorsions/Proper/k2/[#1H0X1x0!r+0A:1]-;!@[#6H2X4x0!r+0A:2](-;!@[#1H0X1x0!r+0A])(-;!@[#35H0X1x0!r+0A])-;!@[#8H1X2x0!r+0A:3]-;!@[#1H0X1x0!r+0A:4]
   5 [  2.1185e-01 + 4.9902e-04 =  2.1235e-01 ] : ProperTorsions/Proper/k3/[#1H0X1x0!r+0A:1]-;!@[#6H2X4x0!r+0A:2](-;!@[#1H0X1x0!r+0A])(-;!@[#35H0X1x0!r+0A])-;!@[#8H1X2x0!r+0A:3]-;!@[#1H0X1x0!r+0A:4]
   6 [  4.8678e-06 + 2.6277e-07 =  5.1306e-06 ] : ProperTorsions/Proper/k1/[#1H0X1x0!r+0A:1]-;!@[#6H2X4x0!r+0A:2](-;!@[#1H0X1x0!r+0A])(-;!@[#35H0X1x0!r+0A])-;!@[#8H1X2x0!r+0A:3]-;!@[#1H0X1x0!r+0A:4]
   7 [ -6.8995e-02 + 1.0930e-02 = -5.8065e-02 ] : ProperTorsions/Proper/k4/[#1H0X1x0!r+0A:1]-;!@[#6H2X4x0!r+0A:2](-;!@[#1H0X1x0!r+0A])(-;!@[#35H0X1x0!r+0A])-;!@[#8H1X2x0!r+0A:3]-;!@[#1H0X1x0!r+0A:4]
----------------------------------------------------------
Input file with saved parameters: optimize.sav
Setting finite difference step to 6.0476e-03
#========================================================#
#| [94m     Iteration 2: Evaluating objective function     [0m |#
#| [94m        and derivatives through second order        [0m |#
#========================================================#

#==================================================================================================================================================#
#| [92m                               Torsion Profile: torsion-0, Objective =  4.91362e-02, Units = kcal/mol, Angstrom                               [0m |#
#| [92m System                                             Min(QM)    Min(MM)      Range(QM)          Range(MM)    Max-RMSD   Ene-RMSE    Obj-Fn     [0m |#
#==================================================================================================================================================#
torsion-0                                                  60        -60     0.000 - 5.237    -0.022 - 4.580      0.042     0.2217    0.0491 
----------------------------------------------------------------------------------------------------------------------------------------------------
#===================================================================================#
#| [94m                         Objective Function Breakdown                          [0m |#
#| [94m  Target Name              Residual  x  Weight  =  Contribution (Current-Prev) [0m |#
#===================================================================================#
torsion-0                      0.04914      1.000 [91m     4.91362e-02[0m ( +2.595e-03 ) 
Regularization                 0.44643      1.000 [92m     4.46433e-01[0m ( -3.714e-03 ) 
Total                                             [92m     4.95569e-01[0m ( -1.119e-03 ) 
-------------------------------------------------------------------------------------
Backing up result/optimize/force-field.offxml -> result/optimize/force-field_1.offxml
#========================================================================#
#|  The force field has been written to the result/optimize directory.  |#
#|    Input file with optimization parameters saved to optimize.sav.    |#
#========================================================================#

  Step       |k|        |dk|       |grad|       -=X2=-     Delta(X2)    StepQual
     2   3.650e-01   6.048e-02   1.717e-02[92m   4.95569e-01[0m  -1.119e-03      1.000

#========================================================#
#| [94m                   Total Gradient                   [0m |#
#========================================================#
   0 [  6.40919419e-04 ] : ProperTorsions/Proper/k2/[#35H0X1x0!r+0A:1]-;!@[#6H2X4x0!r+0A:2](-;!@[#1H0X1x0!r+0A])(-;!@[#1H0X1x0!r+0A])-;!@[#8H1X2x0!r+0A:3]-;!@[#1H0X1x0!r+0A:4]
   1 [  1.25021494e-03 ] : ProperTorsions/Proper/k3/[#35H0X1x0!r+0A:1]-;!@[#6H2X4x0!r+0A:2](-;!@[#1H0X1x0!r+0A])(-;!@[#1H0X1x0!r+0A])-;!@[#8H1X2x0!r+0A:3]-;!@[#1H0X1x0!r+0A:4]
   2 [ -6.06456814e-03 ] : ProperTorsions/Proper/k1/[#35H0X1x0!r+0A:1]-;!@[#6H2X4x0!r+0A:2](-;!@[#1H0X1x0!r+0A])(-;!@[#1H0X1x0!r+0A])-;!@[#8H1X2x0!r+0A:3]-;!@[#1H0X1x0!r+0A:4]
   3 [ -2.14113670e-03 ] : ProperTorsions/Proper/k4/[#35H0X1x0!r+0A:1]-;!@[#6H2X4x0!r+0A:2](-;!@[#1H0X1x0!r+0A])(-;!@[#1H0X1x0!r+0A])-;!@[#8H1X2x0!r+0A:3]-;!@[#1H0X1x0!r+0A:4]
   4 [  2.65856914e-03 ] : ProperTorsions/Proper/k2/[#1H0X1x0!r+0A:1]-;!@[#6H2X4x0!r+0A:2](-;!@[#1H0X1x0!r+0A])(-;!@[#35H0X1x0!r+0A])-;!@[#8H1X2x0!r+0A:3]-;!@[#1H0X1x0!r+0A:4]
   5 [  1.11529983e-02 ] : ProperTorsions/Proper/k3/[#1H0X1x0!r+0A:1]-;!@[#6H2X4x0!r+0A:2](-;!@[#1H0X1x0!r+0A])(-;!@[#35H0X1x0!r+0A])-;!@[#8H1X2x0!r+0A:3]-;!@[#1H0X1x0!r+0A:4]
   6 [ -1.06704003e-03 ] : ProperTorsions/Proper/k1/[#1H0X1x0!r+0A:1]-;!@[#6H2X4x0!r+0A:2](-;!@[#1H0X1x0!r+0A])(-;!@[#35H0X1x0!r+0A])-;!@[#8H1X2x0!r+0A:3]-;!@[#1H0X1x0!r+0A:4]
   7 [  1.09051164e-02 ] : ProperTorsions/Proper/k4/[#1H0X1x0!r+0A:1]-;!@[#6H2X4x0!r+0A:2](-;!@[#1H0X1x0!r+0A])(-;!@[#35H0X1x0!r+0A])-;!@[#8H1X2x0!r+0A:3]-;!@[#1H0X1x0!r+0A:4]
----------------------------------------------------------
Convergence criterion reached for objective function (1.00e-02)
Calculating nonlinear optimization step
Hessian has a small or negative eigenvalue (4.7e-08), mixing in some steepest descent (1.0e-02) to correct this.
Eigenvalues are:
 4.7e-08  9.4e-04  1.2e-02  2.3e-02  3.7e+01  4.8e+01  9.6e+01  4.8e+02 
0.001 s (L-BFGS 1) 0.039 s (L-BFGS 2) Starting Hessian diagonal search with step size 1.6559e-04
0.000 s (L-BFGS 1) 0.036 s (L-BFGS 2) Hessian diagonal search: H+0.0000*I, length 1.6559e-04, result -8.3332e-07
0.001 s (L-BFGS 1) 0.017 s (L-BFGS 2) Hessian diagonal search: H+9.0000*I, length 1.3821e-04, result -8.1799e-07
0.001 s (L-BFGS 1) 0.014 s (L-BFGS 2) Hessian diagonal search: H+23.5623*I, length 1.1929e-04, result -7.7628e-07
0.001 s (L-BFGS 1) 0.044 s (L-BFGS 2) Hessian diagonal search: H+0.0000*I, length 1.6559e-04, result -8.3332e-07
0.001 s (L-BFGS 1) 0.033 s (L-BFGS 2) Hessian diagonal search: H+3.4377*I, length 1.5361e-04, result -8.2155e-07
0.001 s (L-BFGS 1) 0.030 s (L-BFGS 2) Hessian diagonal search: H+1.3131*I, length 1.5801e-04, result -8.3208e-07
0.001 s (L-BFGS 1) 0.040 s (L-BFGS 2) Hessian diagonal search: H+0.1250*I, length 1.6450e-04, result -8.0402e-07
0.001 s (L-BFGS 1) 0.036 s (L-BFGS 2) Hessian diagonal search: H+0.5016*I, length 1.6336e-04, result -8.3333e-07
0.001 s (L-BFGS 1) 0.037 s (L-BFGS 2) Hessian diagonal search: H+0.1333*I, length 1.6430e-04, result -8.3107e-07
0.001 s (L-BFGS 1) 0.024 s (L-BFGS 2) Hessian diagonal search: H+1.3131*I, length 1.6013e-04, result -8.3057e-07
0.001 s (L-BFGS 1) 0.030 s (L-BFGS 2) Hessian diagonal search: H+0.7663*I, length 1.6133e-04, result -8.3046e-07
0.001 s (L-BFGS 1) 0.029 s (L-BFGS 2) Hessian diagonal search: H+0.3331*I, length 3.9734e-07, result -1.4979e-09
0.001 s (L-BFGS 1) 0.029 s (L-BFGS 2) Hessian diagonal search: H+0.5961*I, length 1.6326e-04, result -8.3335e-07
0.001 s (L-BFGS 1) 0.041 s (L-BFGS 2) Hessian diagonal search: H+0.6586*I, length 1.6268e-04, result -8.3300e-07
0.001 s (L-BFGS 1) 0.024 s (L-BFGS 2) Hessian diagonal search: H+0.5590*I, length 1.6098e-04, result -8.2495e-07
0.001 s (L-BFGS 1) 0.037 s (L-BFGS 2) Hessian diagonal search: H+0.6196*I, length 1.6255e-04, result -8.3322e-07
0.001 s (L-BFGS 1) 0.024 s (L-BFGS 2) Hessian diagonal search: H+0.5818*I, length 1.6266e-04, result -8.3316e-07
0.001 s (L-BFGS 1) 0.037 s (L-BFGS 2) Hessian diagonal search: H+0.6050*I, length 3.9721e-07, result -1.4993e-09
0.001 s (L-BFGS 1) 0.034 s (L-BFGS 2) Hessian diagonal search: H+0.5906*I, length 1.6295e-04, result -8.3250e-07
0.001 s (L-BFGS 1) 0.038 s (L-BFGS 2) Hessian diagonal search: H+0.5995*I, length 1.6341e-04, result -8.2477e-07
0.001 s (L-BFGS 1) 0.055 s (L-BFGS 2) Hessian diagonal search: H+0.5940*I, length 1.6324e-04, result -8.3308e-07
0.001 s (L-BFGS 1) 0.025 s (L-BFGS 2) Hessian diagonal search: H+0.5974*I, length 1.7789e-04, result -8.2440e-07
0.001 s (L-BFGS 1) 0.041 s (L-BFGS 2) Hessian diagonal search: H+0.5953*I, length 1.6338e-04, result -8.3111e-07
0.001 s (L-BFGS 1) 0.039 s (L-BFGS 2) Hessian diagonal search: H+0.5966*I, length 1.5380e-04, result -8.1819e-07
0.001 s (L-BFGS 1) 0.033 s (L-BFGS 2) Hessian diagonal search: H+0.5958*I, length 1.6318e-04, result -8.3241e-07
0.001 s (L-BFGS 1) 0.030 s (L-BFGS 2) Hessian diagonal search: H+0.5963*I, length 1.7063e-04, result -3.8386e-07
0.001 s (L-BFGS 1) 0.031 s (L-BFGS 2) Hessian diagonal search: H+0.5960*I, length 1.6229e-04, result -8.3274e-07
0.001 s (L-BFGS 1) 0.042 s (L-BFGS 2) Hessian diagonal search: H+0.5962*I, length 1.6389e-04, result -8.3326e-07
0.001 s (L-BFGS 1) 0.034 s (L-BFGS 2) Hessian diagonal search: H+0.5960*I, length 1.6305e-04, result -8.3303e-07
0.001 s (L-BFGS 1) 0.031 s (L-BFGS 2) Hessian diagonal search: H+0.5961*I, length 1.6371e-04, result -8.3337e-07
0.001 s (L-BFGS 1) 0.033 s (L-BFGS 2) Optimization step found (length 1.6371e-04)
Convergence criterion reached in step size (1.00e-02)
#========================================================#
#| [92m               [0m[1mOptimization Converged[0m               [0m |#
#| [92m           Final objective function value           [0m |#
#| [92m  Full:  4.955693e-01  Un-penalized:  4.913624e-02  [0m |#
#========================================================#
#========================================================#
#| [94m           Final optimization parameters:           [0m |#
#========================================================#
   0 [ -3.5572e-01 ] : ProperTorsions/Proper/k2/[#35H0X1x0!r+0A:1]-;!@[#6H2X4x0!r+0A:2](-;!@[#1H0X1x0!r+0A])(-;!@[#1H0X1x0!r+0A])-;!@[#8H1X2x0!r+0A:3]-;!@[#1H0X1x0!r+0A:4]
   1 [ -6.3396e-07 ] : ProperTorsions/Proper/k3/[#35H0X1x0!r+0A:1]-;!@[#6H2X4x0!r+0A:2](-;!@[#1H0X1x0!r+0A])(-;!@[#1H0X1x0!r+0A])-;!@[#8H1X2x0!r+0A:3]-;!@[#1H0X1x0!r+0A:4]
   2 [ -8.3340e-07 ] : ProperTorsions/Proper/k1/[#35H0X1x0!r+0A:1]-;!@[#6H2X4x0!r+0A:2](-;!@[#1H0X1x0!r+0A])(-;!@[#1H0X1x0!r+0A])-;!@[#8H1X2x0!r+0A:3]-;!@[#1H0X1x0!r+0A:4]
   3 [  1.8212e-06 ] : ProperTorsions/Proper/k4/[#35H0X1x0!r+0A:1]-;!@[#6H2X4x0!r+0A:2](-;!@[#1H0X1x0!r+0A])(-;!@[#1H0X1x0!r+0A])-;!@[#8H1X2x0!r+0A:3]-;!@[#1H0X1x0!r+0A:4]
   4 [  4.9609e-06 ] : ProperTorsions/Proper/k2/[#1H0X1x0!r+0A:1]-;!@[#6H2X4x0!r+0A:2](-;!@[#1H0X1x0!r+0A])(-;!@[#35H0X1x0!r+0A])-;!@[#8H1X2x0!r+0A:3]-;!@[#1H0X1x0!r+0A:4]
   5 [ -8.1029e-02 ] : ProperTorsions/Proper/k3/[#1H0X1x0!r+0A:1]-;!@[#6H2X4x0!r+0A:2](-;!@[#1H0X1x0!r+0A])(-;!@[#35H0X1x0!r+0A])-;!@[#8H1X2x0!r+0A:3]-;!@[#1H0X1x0!r+0A:4]
   6 [  8.5896e-07 ] : ProperTorsions/Proper/k1/[#1H0X1x0!r+0A:1]-;!@[#6H2X4x0!r+0A:2](-;!@[#1H0X1x0!r+0A])(-;!@[#35H0X1x0!r+0A])-;!@[#8H1X2x0!r+0A:3]-;!@[#1H0X1x0!r+0A:4]
   7 [ -9.8407e-03 ] : ProperTorsions/Proper/k4/[#1H0X1x0!r+0A:1]-;!@[#6H2X4x0!r+0A:2](-;!@[#1H0X1x0!r+0A])(-;!@[#35H0X1x0!r+0A])-;!@[#8H1X2x0!r+0A:3]-;!@[#1H0X1x0!r+0A:4]
#========================================================#
#| [94m             Final physical parameters:             [0m |#
#========================================================#
   0 [ -2.1343e+00 ] : ProperTorsions/Proper/k2/[#35H0X1x0!r+0A:1]-;!@[#6H2X4x0!r+0A:2](-;!@[#1H0X1x0!r+0A])(-;!@[#1H0X1x0!r+0A])-;!@[#8H1X2x0!r+0A:3]-;!@[#1H0X1x0!r+0A:4]
   1 [  6.9859e-01 ] : ProperTorsions/Proper/k3/[#35H0X1x0!r+0A:1]-;!@[#6H2X4x0!r+0A:2](-;!@[#1H0X1x0!r+0A])(-;!@[#1H0X1x0!r+0A])-;!@[#8H1X2x0!r+0A:3]-;!@[#1H0X1x0!r+0A:4]
   2 [ -5.0004e-06 ] : ProperTorsions/Proper/k1/[#35H0X1x0!r+0A:1]-;!@[#6H2X4x0!r+0A:2](-;!@[#1H0X1x0!r+0A])(-;!@[#1H0X1x0!r+0A])-;!@[#8H1X2x0!r+0A:3]-;!@[#1H0X1x0!r+0A:4]
   3 [  1.0927e-05 ] : ProperTorsions/Proper/k4/[#35H0X1x0!r+0A:1]-;!@[#6H2X4x0!r+0A:2](-;!@[#1H0X1x0!r+0A])(-;!@[#1H0X1x0!r+0A])-;!@[#8H1X2x0!r+0A:3]-;!@[#1H0X1x0!r+0A:4]
   4 [  2.9766e-05 ] : ProperTorsions/Proper/k2/[#1H0X1x0!r+0A:1]-;!@[#6H2X4x0!r+0A:2](-;!@[#1H0X1x0!r+0A])(-;!@[#35H0X1x0!r+0A])-;!@[#8H1X2x0!r+0A:3]-;!@[#1H0X1x0!r+0A:4]
   5 [  2.1242e-01 ] : ProperTorsions/Proper/k3/[#1H0X1x0!r+0A:1]-;!@[#6H2X4x0!r+0A:2](-;!@[#1H0X1x0!r+0A])(-;!@[#35H0X1x0!r+0A])-;!@[#8H1X2x0!r+0A:3]-;!@[#1H0X1x0!r+0A:4]
   6 [  5.1538e-06 ] : ProperTorsions/Proper/k1/[#1H0X1x0!r+0A:1]-;!@[#6H2X4x0!r+0A:2](-;!@[#1H0X1x0!r+0A])(-;!@[#35H0X1x0!r+0A])-;!@[#8H1X2x0!r+0A:3]-;!@[#1H0X1x0!r+0A:4]
   7 [ -5.9044e-02 ] : ProperTorsions/Proper/k4/[#1H0X1x0!r+0A:1]-;!@[#6H2X4x0!r+0A:2](-;!@[#1H0X1x0!r+0A])(-;!@[#35H0X1x0!r+0A])-;!@[#8H1X2x0!r+0A:3]-;!@[#1H0X1x0!r+0A:4]
----------------------------------------------------------
Backing up result/optimize/force-field.offxml -> result/optimize/force-field_2.offxml
#========================================================================#
#|  The force field has been written to the result/optimize directory.  |#
#|    Input file with optimization parameters saved to optimize.sav.    |#
#========================================================================#
Wall time since calculation start: 55.2 seconds
#========================================================#
#| [1;44;93m               Calculation Finished.                [0m |#
#| [1;44;93m     ---==(  May the Force be with you!  )==---     [0m |#
#========================================================#
